208. Printing statistics.

=== npu_project_macro ===

        +----------Local Count, excluding submodules.
        |        +-Local Area, excluding submodules.
        |        | 
    60721        - wires
    60937        - wire bits
     8349        - public wires
     8565        - public wire bits
       15        - ports
      231        - port bits
    60896 7.17E+05 cells
       36  450.432   sky130_fd_sc_hd__a2111o_2
        2   30.029   sky130_fd_sc_hd__a2111oi_2
     1137 1.14E+04   sky130_fd_sc_hd__a211o_2
      880  1.1E+04   sky130_fd_sc_hd__a211oi_2
      532 5.33E+03   sky130_fd_sc_hd__a21bo_2
      127 1.43E+03   sky130_fd_sc_hd__a21boi_2
     2202 1.93E+04   sky130_fd_sc_hd__a21o_2
     1676 1.47E+04   sky130_fd_sc_hd__a21oi_2
     1540 1.73E+04   sky130_fd_sc_hd__a221o_2
        2   30.029   sky130_fd_sc_hd__a221oi_2
     2900  2.9E+04   sky130_fd_sc_hd__a22o_2
      795  9947.04   sky130_fd_sc_hd__a22oi_2
      194 2.18E+03   sky130_fd_sc_hd__a2bb2o_2
       16   240.23   sky130_fd_sc_hd__a2bb2oi_2
       99 1.11E+03   sky130_fd_sc_hd__a311o_2
        1   15.014   sky130_fd_sc_hd__a311oi_2
      674  5.9E+03   sky130_fd_sc_hd__a31o_2
      108 1.35E+03   sky130_fd_sc_hd__a31oi_2
       84  945.907   sky130_fd_sc_hd__a32o_2
        6   97.594   sky130_fd_sc_hd__a32oi_2
       13   146.39   sky130_fd_sc_hd__a41o_2
     1524 1.14E+04   sky130_fd_sc_hd__and2_2
     1093 9.57E+03   sky130_fd_sc_hd__and2b_2
     1387 1.04E+04   sky130_fd_sc_hd__and3_2
       66  660.634   sky130_fd_sc_hd__and3b_2
     1228 1.23E+04   sky130_fd_sc_hd__and4_2
      144 1.62E+03   sky130_fd_sc_hd__and4b_2
       45   563.04   sky130_fd_sc_hd__and4bb_2
        4   20.019   sky130_fd_sc_hd__buf_2
      186   698.17   sky130_fd_sc_hd__conb_1
     1480 3.89E+04   sky130_fd_sc_hd__dfrtp_2
       13  341.578   sky130_fd_sc_hd__dfstp_2
     6757 1.44E+05   sky130_fd_sc_hd__dfxtp_2
      709 2.66E+03   sky130_fd_sc_hd__inv_2
     8903    1E+05   sky130_fd_sc_hd__mux2_1
      828 1.86E+04   sky130_fd_sc_hd__mux4_2
     3246 2.03E+04   sky130_fd_sc_hd__nand2_2
      874 7.65E+03   sky130_fd_sc_hd__nand2b_2
     1400  1.4E+04   sky130_fd_sc_hd__nand3_2
       64  720.691   sky130_fd_sc_hd__nand3b_2
      494 6.18E+03   sky130_fd_sc_hd__nand4_2
        4   60.058   sky130_fd_sc_hd__nand4b_2
     2585 1.62E+04   sky130_fd_sc_hd__nor2_2
      516 5.16E+03   sky130_fd_sc_hd__nor3_2
       26  325.312   sky130_fd_sc_hd__nor3b_2
      166 2.08E+03   sky130_fd_sc_hd__nor4_2
       53  795.763   sky130_fd_sc_hd__nor4b_2
        8  100.096   sky130_fd_sc_hd__o2111a_2
        2   30.029   sky130_fd_sc_hd__o2111ai_2
     1527 1.53E+04   sky130_fd_sc_hd__o211a_2
      646 8.08E+03   sky130_fd_sc_hd__o211ai_2
     1042 9.13E+03   sky130_fd_sc_hd__o21a_2
      963 8.43E+03   sky130_fd_sc_hd__o21ai_2
      343 3.43E+03   sky130_fd_sc_hd__o21ba_2
      178    2E+03   sky130_fd_sc_hd__o21bai_2
      373  4.2E+03   sky130_fd_sc_hd__o221a_2
      198 1.98E+03   sky130_fd_sc_hd__o22a_2
       79  988.448   sky130_fd_sc_hd__o22ai_2
      232 2.61E+03   sky130_fd_sc_hd__o2bb2a_2
      121 1.36E+03   sky130_fd_sc_hd__o311a_2
        2   32.531   sky130_fd_sc_hd__o311ai_2
      100  1000.96   sky130_fd_sc_hd__o31a_2
        5    62.56   sky130_fd_sc_hd__o31ai_2
       30  337.824   sky130_fd_sc_hd__o32a_2
        4   65.062   sky130_fd_sc_hd__o32ai_2
       11  137.632   sky130_fd_sc_hd__o41a_2
     2214 1.39E+04   sky130_fd_sc_hd__or2_2
      883 6.63E+03   sky130_fd_sc_hd__or3_2
      122 1.07E+03   sky130_fd_sc_hd__or3b_2
      218 1.91E+03   sky130_fd_sc_hd__or4_2
      131 1.31E+03   sky130_fd_sc_hd__or4b_2
       43  538.016   sky130_fd_sc_hd__or4bb_2
     3660 5.95E+04   sky130_fd_sc_hd__xnor2_2
      942 1.53E+04   sky130_fd_sc_hd__xor2_2

   Chip area for module '\npu_project_macro': 716647.321600
     of which used for sequential elements: 182952.966400 (25.53%)

