Clock: clk
Sources: clk 
Generated: no
Virtual: yes
Propagated: no
Period: 50.000000

===========================================================================
report_clock_properties
============================================================================
Clock                   Period          Waveform
----------------------------------------------------
clk                  50.000000    0.000000 25.000000

===========================================================================
report_clock_latency
============================================================================
Clock clk
rise -> rise
    min     max
0.320000 4.480000 source latency
0.320000         network latency _178512_/CLK
        4.480000 network latency _178512_/CLK
---------------
0.640000 8.960000 latency
        8.320000 skew

fall -> fall
    min     max
0.320000 4.480000 source latency
0.320000         network latency _178512_/CLK
        4.480000 network latency _178512_/CLK
---------------
0.640000 8.960001 latency
        8.320001 skew



===========================================================================
report_clock_min_period
============================================================================
clk period_min = 14.06 fmax = 71.10
