208. Printing statistics.

=== npu_project_macro ===

        +----------Local Count, excluding submodules.
        |        +-Local Area, excluding submodules.
        |        | 
    85456        - wires
    85672        - wire bits
     8349        - public wires
     8565        - public wire bits
       15        - ports
      231        - port bits
    85631 9.66E+05 cells
       34  425.408   sky130_fd_sc_hd__a2111o_2
       24  360.346   sky130_fd_sc_hd__a2111oi_2
      788 7.89E+03   sky130_fd_sc_hd__a211o_2
      410  5129.92   sky130_fd_sc_hd__a211oi_2
      473 4.73E+03   sky130_fd_sc_hd__a21bo_2
      951 1.07E+04   sky130_fd_sc_hd__a21boi_2
     2906 2.55E+04   sky130_fd_sc_hd__a21o_2
     3710 3.25E+04   sky130_fd_sc_hd__a21oi_2
     1572 1.77E+04   sky130_fd_sc_hd__a221o_2
       64  960.922   sky130_fd_sc_hd__a221oi_2
     2448 2.45E+04   sky130_fd_sc_hd__a22o_2
      681 8.52E+03   sky130_fd_sc_hd__a22oi_2
      472 5.32E+03   sky130_fd_sc_hd__a2bb2o_2
      416  6245.99   sky130_fd_sc_hd__a2bb2oi_2
      265 2.98E+03   sky130_fd_sc_hd__a311o_2
       50   750.72   sky130_fd_sc_hd__a311oi_2
     1657 1.45E+04   sky130_fd_sc_hd__a31o_2
      651 8.15E+03   sky130_fd_sc_hd__a31oi_2
      732 8.24E+03   sky130_fd_sc_hd__a32o_2
      411 6.69E+03   sky130_fd_sc_hd__a32oi_2
       89    1E+03   sky130_fd_sc_hd__a41o_2
       18  292.781   sky130_fd_sc_hd__a41oi_2
      475  3565.92   sky130_fd_sc_hd__and2_2
      314 2.75E+03   sky130_fd_sc_hd__and2b_2
     3295 2.47E+04   sky130_fd_sc_hd__and3_2
       71  710.682   sky130_fd_sc_hd__and3b_2
      663 6.64E+03   sky130_fd_sc_hd__and4_2
      145 1.63E+03   sky130_fd_sc_hd__and4b_2
      156 1.95E+03   sky130_fd_sc_hd__and4bb_2
        4   20.019   sky130_fd_sc_hd__buf_2
      186   698.17   sky130_fd_sc_hd__conb_1
     1480 3.89E+04   sky130_fd_sc_hd__dfrtp_2
       13  341.578   sky130_fd_sc_hd__dfstp_2
     6757 1.44E+05   sky130_fd_sc_hd__dfxtp_2
     1296 4.86E+03   sky130_fd_sc_hd__inv_2
     7428 8.36E+04   sky130_fd_sc_hd__mux2_1
      623  1.4E+04   sky130_fd_sc_hd__mux4_2
     6896 4.31E+04   sky130_fd_sc_hd__nand2_2
      327 2.86E+03   sky130_fd_sc_hd__nand2b_2
     6933 6.94E+04   sky130_fd_sc_hd__nand3_2
      580 6.53E+03   sky130_fd_sc_hd__nand3b_2
     2216 2.77E+04   sky130_fd_sc_hd__nand4_2
       98 1.47E+03   sky130_fd_sc_hd__nand4b_2
     1744 1.09E+04   sky130_fd_sc_hd__nor2_2
      274  2742.63   sky130_fd_sc_hd__nor3_2
       71  888.352   sky130_fd_sc_hd__nor3b_2
      114 1.43E+03   sky130_fd_sc_hd__nor4_2
        6   90.086   sky130_fd_sc_hd__nor4b_2
      131 1.64E+03   sky130_fd_sc_hd__o2111a_2
     1560 2.34E+04   sky130_fd_sc_hd__o2111ai_2
     1709 1.71E+04   sky130_fd_sc_hd__o211a_2
     4463 5.58E+04   sky130_fd_sc_hd__o211ai_2
     1139 9.98E+03   sky130_fd_sc_hd__o21a_2
     5170 4.53E+04   sky130_fd_sc_hd__o21ai_2
      160  1.6E+03   sky130_fd_sc_hd__o21ba_2
      323 3.64E+03   sky130_fd_sc_hd__o21bai_2
     1098 1.24E+04   sky130_fd_sc_hd__o221a_2
      846 1.27E+04   sky130_fd_sc_hd__o221ai_2
      965 9.66E+03   sky130_fd_sc_hd__o22a_2
      634 7.93E+03   sky130_fd_sc_hd__o22ai_2
      526 5.92E+03   sky130_fd_sc_hd__o2bb2a_2
     1915 2.88E+04   sky130_fd_sc_hd__o2bb2ai_2
      585 6.59E+03   sky130_fd_sc_hd__o311a_2
       12  195.187   sky130_fd_sc_hd__o311ai_2
      370  3.7E+03   sky130_fd_sc_hd__o31a_2
       76  950.912   sky130_fd_sc_hd__o31ai_2
      223 2.51E+03   sky130_fd_sc_hd__o32a_2
       18  292.781   sky130_fd_sc_hd__o32ai_2
       35   437.92   sky130_fd_sc_hd__o41a_2
        4   65.062   sky130_fd_sc_hd__o41ai_2
      557 3.48E+03   sky130_fd_sc_hd__or2_2
      650  4879.68   sky130_fd_sc_hd__or3_2
      214 1.87E+03   sky130_fd_sc_hd__or3b_2
      414 3.63E+03   sky130_fd_sc_hd__or4_2
       56  560.538   sky130_fd_sc_hd__or4b_2
      110  1376.32   sky130_fd_sc_hd__or4bb_2
      312 5.07E+03   sky130_fd_sc_hd__xnor2_2
      369    6E+03   sky130_fd_sc_hd__xor2_2

   Chip area for module '\npu_project_macro': 965902.627200
     of which used for sequential elements: 182952.966400 (18.94%)

