208. Printing statistics.

=== npu_project_macro ===

        +----------Local Count, excluding submodules.
        |        +-Local Area, excluding submodules.
        |        | 
    88346        - wires
    88562        - wire bits
     8349        - public wires
     8565        - public wire bits
       15        - ports
      231        - port bits
    88521 1.02E+06 cells
       31  387.872   sky130_fd_sc_hd__a2111o_2
       18  270.259   sky130_fd_sc_hd__a2111oi_2
      718 7.19E+03   sky130_fd_sc_hd__a211o_2
      262 3.28E+03   sky130_fd_sc_hd__a211oi_2
      279 2.79E+03   sky130_fd_sc_hd__a21bo_2
      523 5.89E+03   sky130_fd_sc_hd__a21boi_2
     2644 2.32E+04   sky130_fd_sc_hd__a21o_2
     4704 4.12E+04   sky130_fd_sc_hd__a21oi_2
     2252 2.54E+04   sky130_fd_sc_hd__a221o_2
      164 2.46E+03   sky130_fd_sc_hd__a221oi_2
     2306 2.31E+04   sky130_fd_sc_hd__a22o_2
     1302 1.63E+04   sky130_fd_sc_hd__a22oi_2
      528 5.95E+03   sky130_fd_sc_hd__a2bb2o_2
      627 9.41E+03   sky130_fd_sc_hd__a2bb2oi_2
      488  5495.27   sky130_fd_sc_hd__a311o_2
       84  1261.21   sky130_fd_sc_hd__a311oi_2
     2133 1.87E+04   sky130_fd_sc_hd__a31o_2
      636 7.96E+03   sky130_fd_sc_hd__a31oi_2
      899 1.01E+04   sky130_fd_sc_hd__a32o_2
      509  8279.19   sky130_fd_sc_hd__a32oi_2
      227 2.56E+03   sky130_fd_sc_hd__a41o_2
       53  862.077   sky130_fd_sc_hd__a41oi_2
      588 4.41E+03   sky130_fd_sc_hd__and2_2
      369  3231.85   sky130_fd_sc_hd__and2b_2
     3192  2.4E+04   sky130_fd_sc_hd__and3_2
       56  560.538   sky130_fd_sc_hd__and3b_2
     1024 1.02E+04   sky130_fd_sc_hd__and4_2
      140 1.58E+03   sky130_fd_sc_hd__and4b_2
      100   1251.2   sky130_fd_sc_hd__and4bb_2
        4   20.019   sky130_fd_sc_hd__buf_2
      186   698.17   sky130_fd_sc_hd__conb_1
     1480 3.89E+04   sky130_fd_sc_hd__dfrtp_2
       13  341.578   sky130_fd_sc_hd__dfstp_2
     6757 1.44E+05   sky130_fd_sc_hd__dfxtp_2
      923 3.46E+03   sky130_fd_sc_hd__inv_2
     6509 7.33E+04   sky130_fd_sc_hd__mux2_1
      695 1.57E+04   sky130_fd_sc_hd__mux4_2
     4337 2.71E+04   sky130_fd_sc_hd__nand2_2
      318 2.79E+03   sky130_fd_sc_hd__nand2b_2
     4659 4.66E+04   sky130_fd_sc_hd__nand3_2
      400  4504.32   sky130_fd_sc_hd__nand3b_2
     2585 3.23E+04   sky130_fd_sc_hd__nand4_2
       67 1.01E+03   sky130_fd_sc_hd__nand4b_2
     1604    1E+04   sky130_fd_sc_hd__nor2_2
      199  1991.91   sky130_fd_sc_hd__nor3_2
       56  700.672   sky130_fd_sc_hd__nor3b_2
       47  588.064   sky130_fd_sc_hd__nor4_2
        9   135.13   sky130_fd_sc_hd__nor4b_2
      341 4.27E+03   sky130_fd_sc_hd__o2111a_2
     1746 2.62E+04   sky130_fd_sc_hd__o2111ai_2
     2391 2.39E+04   sky130_fd_sc_hd__o211a_2
     4762 5.96E+04   sky130_fd_sc_hd__o211ai_2
     1297 1.14E+04   sky130_fd_sc_hd__o21a_2
     4937 4.32E+04   sky130_fd_sc_hd__o21ai_2
      138 1.38E+03   sky130_fd_sc_hd__o21ba_2
      423 4.76E+03   sky130_fd_sc_hd__o21bai_2
     1048 1.18E+04   sky130_fd_sc_hd__o221a_2
      839 1.26E+04   sky130_fd_sc_hd__o221ai_2
     2279 2.28E+04   sky130_fd_sc_hd__o22a_2
     1648 2.06E+04   sky130_fd_sc_hd__o22ai_2
      623 7.02E+03   sky130_fd_sc_hd__o2bb2a_2
     2408 3.62E+04   sky130_fd_sc_hd__o2bb2ai_2
     1280 1.44E+04   sky130_fd_sc_hd__o311a_2
       19  309.046   sky130_fd_sc_hd__o311ai_2
      542 5.43E+03   sky130_fd_sc_hd__o31a_2
      117 1.46E+03   sky130_fd_sc_hd__o31ai_2
      857 9.65E+03   sky130_fd_sc_hd__o32a_2
       61  992.202   sky130_fd_sc_hd__o32ai_2
       34  425.408   sky130_fd_sc_hd__o41a_2
       16   260.25   sky130_fd_sc_hd__o41ai_2
      699 4.37E+03   sky130_fd_sc_hd__or2_2
      491 3.69E+03   sky130_fd_sc_hd__or3_2
      140 1.23E+03   sky130_fd_sc_hd__or3b_2
      471 4.13E+03   sky130_fd_sc_hd__or4_2
       75   750.72   sky130_fd_sc_hd__or4b_2
       41  512.992   sky130_fd_sc_hd__or4bb_2
      588 9.56E+03   sky130_fd_sc_hd__xnor2_2
      506 8.23E+03   sky130_fd_sc_hd__xor2_2

   Chip area for module '\npu_project_macro': 1022271.689600
     of which used for sequential elements: 182952.966400 (17.90%)

