200. Printing statistics.

=== npu_project_macro ===

        +----------Local Count, excluding submodules.
        |        +-Local Area, excluding submodules.
        |        | 
    64180        - wires
    73787        - wire bits
      404        - public wires
     9902        - public wire bits
       15        - ports
      231        - port bits
    72826 1.83E+05 cells
    17417        -   $_ANDNOT_
     1369        -   $_AND_
    19633        -   $_MUX_
     2421        -   $_NAND_
     2010        -   $_NOR_
      968        -   $_NOT_
     1023        -   $_ORNOT_
     6072        -   $_OR_
     4108        -   $_XNOR_
     9555        -   $_XOR_
     1480 3.89E+04   sky130_fd_sc_hd__dfrtp_2
       13  341.578   sky130_fd_sc_hd__dfstp_2
     6757 1.44E+05   sky130_fd_sc_hd__dfxtp_2

   Area for cell type $_ANDNOT_ is unknown!
   Area for cell type $_AND_ is unknown!
   Area for cell type $_MUX_ is unknown!
   Area for cell type $_NAND_ is unknown!
   Area for cell type $_NOR_ is unknown!
   Area for cell type $_NOT_ is unknown!
   Area for cell type $_ORNOT_ is unknown!
   Area for cell type $_OR_ is unknown!
   Area for cell type $_XNOR_ is unknown!
   Area for cell type $_XOR_ is unknown!

   Chip area for module '\npu_project_macro': 182952.966400
     of which used for sequential elements: 182952.966400 (100.00%)

