208. Printing statistics.

=== npu_project_macro ===

        +----------Local Count, excluding submodules.
        |        +-Local Area, excluding submodules.
        |        | 
    87458        - wires
    87674        - wire bits
     8349        - public wires
     8565        - public wire bits
       15        - ports
      231        - port bits
    87633 1.01E+06 cells
       51  638.112   sky130_fd_sc_hd__a2111o_2
       26  390.374   sky130_fd_sc_hd__a2111oi_2
      619  6.2E+03   sky130_fd_sc_hd__a211o_2
      306 3.83E+03   sky130_fd_sc_hd__a211oi_2
      257 2.57E+03   sky130_fd_sc_hd__a21bo_2
      577  6.5E+03   sky130_fd_sc_hd__a21boi_2
     2423 2.12E+04   sky130_fd_sc_hd__a21o_2
     4280 3.75E+04   sky130_fd_sc_hd__a21oi_2
     1713 1.93E+04   sky130_fd_sc_hd__a221o_2
      128 1.92E+03   sky130_fd_sc_hd__a221oi_2
     3512 3.52E+04   sky130_fd_sc_hd__a22o_2
     1295 1.62E+04   sky130_fd_sc_hd__a22oi_2
      599 6.75E+03   sky130_fd_sc_hd__a2bb2o_2
      562 8.44E+03   sky130_fd_sc_hd__a2bb2oi_2
      456 5.13E+03   sky130_fd_sc_hd__a311o_2
      109  1636.57   sky130_fd_sc_hd__a311oi_2
     2670 2.34E+04   sky130_fd_sc_hd__a31o_2
      689 8.62E+03   sky130_fd_sc_hd__a31oi_2
     1615 1.82E+04   sky130_fd_sc_hd__a32o_2
      563 9.16E+03   sky130_fd_sc_hd__a32oi_2
      198 2.23E+03   sky130_fd_sc_hd__a41o_2
       40  650.624   sky130_fd_sc_hd__a41oi_2
      573  4.3E+03   sky130_fd_sc_hd__and2_2
      304 2.66E+03   sky130_fd_sc_hd__and2b_2
     3245 2.44E+04   sky130_fd_sc_hd__and3_2
       98  980.941   sky130_fd_sc_hd__and3b_2
      926  9268.89   sky130_fd_sc_hd__and4_2
      121 1.36E+03   sky130_fd_sc_hd__and4b_2
       73  913.376   sky130_fd_sc_hd__and4bb_2
        4   20.019   sky130_fd_sc_hd__buf_2
      186   698.17   sky130_fd_sc_hd__conb_1
     1480 3.89E+04   sky130_fd_sc_hd__dfrtp_2
       13  341.578   sky130_fd_sc_hd__dfstp_2
     6757 1.44E+05   sky130_fd_sc_hd__dfxtp_2
      936  3513.37   sky130_fd_sc_hd__inv_2
     5820 6.55E+04   sky130_fd_sc_hd__mux2_1
      663 1.49E+04   sky130_fd_sc_hd__mux4_2
     4223 2.64E+04   sky130_fd_sc_hd__nand2_2
      286  2.5E+03   sky130_fd_sc_hd__nand2b_2
     4681 4.69E+04   sky130_fd_sc_hd__nand3_2
      436 4.91E+03   sky130_fd_sc_hd__nand3b_2
     2583 3.23E+04   sky130_fd_sc_hd__nand4_2
       52  780.749   sky130_fd_sc_hd__nand4b_2
     1624 1.02E+04   sky130_fd_sc_hd__nor2_2
      273 2.73E+03   sky130_fd_sc_hd__nor3_2
       40   500.48   sky130_fd_sc_hd__nor3b_2
       73  913.376   sky130_fd_sc_hd__nor4_2
        9   135.13   sky130_fd_sc_hd__nor4b_2
      390  4879.68   sky130_fd_sc_hd__o2111a_2
     1682 2.53E+04   sky130_fd_sc_hd__o2111ai_2
     1976 1.98E+04   sky130_fd_sc_hd__o211a_2
     5232 6.55E+04   sky130_fd_sc_hd__o211ai_2
     1328 1.16E+04   sky130_fd_sc_hd__o21a_2
     5118 4.48E+04   sky130_fd_sc_hd__o21ai_2
      122 1.22E+03   sky130_fd_sc_hd__o21ba_2
      448 5.04E+03   sky130_fd_sc_hd__o21bai_2
     1438 1.62E+04   sky130_fd_sc_hd__o221a_2
      787 1.18E+04   sky130_fd_sc_hd__o221ai_2
     1072 1.07E+04   sky130_fd_sc_hd__o22a_2
     1395 1.75E+04   sky130_fd_sc_hd__o22ai_2
      571 6.43E+03   sky130_fd_sc_hd__o2bb2a_2
     2425 3.64E+04   sky130_fd_sc_hd__o2bb2ai_2
     1208 1.36E+04   sky130_fd_sc_hd__o311a_2
       24  390.374   sky130_fd_sc_hd__o311ai_2
      544 5.45E+03   sky130_fd_sc_hd__o31a_2
       93 1.16E+03   sky130_fd_sc_hd__o31ai_2
      601 6.77E+03   sky130_fd_sc_hd__o32a_2
       66  1073.53   sky130_fd_sc_hd__o32ai_2
       41  512.992   sky130_fd_sc_hd__o41a_2
       14  227.718   sky130_fd_sc_hd__o41ai_2
      676 4.23E+03   sky130_fd_sc_hd__or2_2
      429 3.22E+03   sky130_fd_sc_hd__or3_2
      183  1.6E+03   sky130_fd_sc_hd__or3b_2
      519  4545.61   sky130_fd_sc_hd__or4_2
       67  670.643   sky130_fd_sc_hd__or4b_2
       63  788.256   sky130_fd_sc_hd__or4bb_2
      489 7.95E+03   sky130_fd_sc_hd__xnor2_2
      465 7.56E+03   sky130_fd_sc_hd__xor2_2

   Chip area for module '\npu_project_macro': 1012208.288000
     of which used for sequential elements: 182952.966400 (18.07%)

