208. Printing statistics.

=== npu_project_macro ===

        +----------Local Count, excluding submodules.
        |        +-Local Area, excluding submodules.
        |        | 
    81409        - wires
    81625        - wire bits
     8349        - public wires
     8565        - public wire bits
       15        - ports
      231        - port bits
    81584 8.79E+05 cells
       61  763.232   sky130_fd_sc_hd__a2111o_2
       11  165.158   sky130_fd_sc_hd__a2111oi_2
      639  6.4E+03   sky130_fd_sc_hd__a211o_2
        2   35.034   sky130_fd_sc_hd__a211o_4
      135  1689.12   sky130_fd_sc_hd__a211oi_2
      894 8.95E+03   sky130_fd_sc_hd__a21bo_2
      315 3.55E+03   sky130_fd_sc_hd__a21boi_2
     3133 2.74E+04   sky130_fd_sc_hd__a21o_2
       16   240.23   sky130_fd_sc_hd__a21o_4
     2054  1.8E+04   sky130_fd_sc_hd__a21oi_2
        4   65.062   sky130_fd_sc_hd__a21oi_4
      225  2533.68   sky130_fd_sc_hd__a221o_2
       48  720.691   sky130_fd_sc_hd__a221oi_2
     2263 2.27E+04   sky130_fd_sc_hd__a22o_2
      130  1626.56   sky130_fd_sc_hd__a22oi_2
      191 2.15E+03   sky130_fd_sc_hd__a2bb2o_2
        4   80.077   sky130_fd_sc_hd__a2bb2o_4
        4   60.058   sky130_fd_sc_hd__a2bb2oi_2
       78  878.342   sky130_fd_sc_hd__a311o_2
       13  195.187   sky130_fd_sc_hd__a311oi_2
      741 6.49E+03   sky130_fd_sc_hd__a31o_2
       76  950.912   sky130_fd_sc_hd__a31oi_2
      156 1.76E+03   sky130_fd_sc_hd__a32o_2
       15  243.984   sky130_fd_sc_hd__a32oi_2
       44  495.475   sky130_fd_sc_hd__a41o_2
        1    21.27   sky130_fd_sc_hd__a41o_4
        2   32.531   sky130_fd_sc_hd__a41oi_2
     1244 9.34E+03   sky130_fd_sc_hd__and2_2
       16  140.134   sky130_fd_sc_hd__and2_4
      325  2846.48   sky130_fd_sc_hd__and2b_2
     1096 8.23E+03   sky130_fd_sc_hd__and3_2
       25   281.52   sky130_fd_sc_hd__and3_4
      108 1.08E+03   sky130_fd_sc_hd__and3b_2
        1   12.512   sky130_fd_sc_hd__and3b_4
      375   3753.6   sky130_fd_sc_hd__and4_2
        5   56.304   sky130_fd_sc_hd__and4_4
       77  867.082   sky130_fd_sc_hd__and4b_2
        1   13.763   sky130_fd_sc_hd__and4b_4
       24  300.288   sky130_fd_sc_hd__and4bb_2
    10930  4.1E+04   sky130_fd_sc_hd__buf_1
      446 2.23E+03   sky130_fd_sc_hd__buf_2
       71  533.011   sky130_fd_sc_hd__buf_4
       43  484.214   sky130_fd_sc_hd__buf_6
      186   698.17   sky130_fd_sc_hd__conb_1
     1480 3.89E+04   sky130_fd_sc_hd__dfrtp_2
       13  341.578   sky130_fd_sc_hd__dfstp_2
     6757 1.44E+05   sky130_fd_sc_hd__dfxtp_2
        1   16.266   sky130_fd_sc_hd__inv_12
     1038  3.9E+03   sky130_fd_sc_hd__inv_2
        3   18.768   sky130_fd_sc_hd__inv_4
       35  394.128   sky130_fd_sc_hd__mux2_1
    16604 1.87E+05   sky130_fd_sc_hd__mux2_2
       26  390.374   sky130_fd_sc_hd__mux2_4
      692 1.56E+04   sky130_fd_sc_hd__mux4_2
     5917  3.7E+04   sky130_fd_sc_hd__nand2_2
        1   11.261   sky130_fd_sc_hd__nand2_4
       29  253.994   sky130_fd_sc_hd__nand2b_2
        1   13.763   sky130_fd_sc_hd__nand2b_4
      772 7.73E+03   sky130_fd_sc_hd__nand3_2
      112  1261.21   sky130_fd_sc_hd__nand3b_2
      102 1.28E+03   sky130_fd_sc_hd__nand4_2
        3   45.043   sky130_fd_sc_hd__nand4b_2
        7  113.859   sky130_fd_sc_hd__nand4bb_2
     2445 1.53E+04   sky130_fd_sc_hd__nor2_2
        3   33.782   sky130_fd_sc_hd__nor2_4
       57  499.229   sky130_fd_sc_hd__nor2b_2
        4   55.053   sky130_fd_sc_hd__nor2b_4
       99   990.95   sky130_fd_sc_hd__nor3_2
       15   187.68   sky130_fd_sc_hd__nor3b_2
       26  325.312   sky130_fd_sc_hd__nor4_2
        4   60.058   sky130_fd_sc_hd__nor4b_2
       47  588.064   sky130_fd_sc_hd__o2111a_2
       25   375.36   sky130_fd_sc_hd__o2111ai_2
      501  5014.81   sky130_fd_sc_hd__o211a_2
        1   17.517   sky130_fd_sc_hd__o211a_4
      316 3.95E+03   sky130_fd_sc_hd__o211ai_2
     1663 1.46E+04   sky130_fd_sc_hd__o21a_2
        2   30.029   sky130_fd_sc_hd__o21a_4
     1518 1.33E+04   sky130_fd_sc_hd__o21ai_2
        6   97.594   sky130_fd_sc_hd__o21ai_4
      678 6.79E+03   sky130_fd_sc_hd__o21ba_2
      225  2533.68   sky130_fd_sc_hd__o21bai_2
        2   37.536   sky130_fd_sc_hd__o21bai_4
      266    3E+03   sky130_fd_sc_hd__o221a_2
       42  630.605   sky130_fd_sc_hd__o221ai_2
        1   26.275   sky130_fd_sc_hd__o221ai_4
      285 2.85E+03   sky130_fd_sc_hd__o22a_2
       90  1126.08   sky130_fd_sc_hd__o22ai_2
      134 1.51E+03   sky130_fd_sc_hd__o2bb2a_2
        1   20.019   sky130_fd_sc_hd__o2bb2a_4
        6   90.086   sky130_fd_sc_hd__o2bb2ai_2
       58  653.126   sky130_fd_sc_hd__o311a_2
        8  130.125   sky130_fd_sc_hd__o311ai_2
      153 1.53E+03   sky130_fd_sc_hd__o31a_2
        1   17.517   sky130_fd_sc_hd__o31a_4
       46  575.552   sky130_fd_sc_hd__o31ai_2
      162  1824.25   sky130_fd_sc_hd__o32a_2
        1   22.522   sky130_fd_sc_hd__o32a_4
       17  276.515   sky130_fd_sc_hd__o32ai_2
       14  175.168   sky130_fd_sc_hd__o41a_2
        3   63.811   sky130_fd_sc_hd__o41a_4
        2   32.531   sky130_fd_sc_hd__o41ai_2
        1   27.526   sky130_fd_sc_hd__o41ai_4
     1701 1.06E+04   sky130_fd_sc_hd__or2_2
       21  183.926   sky130_fd_sc_hd__or2_4
      291 2.55E+03   sky130_fd_sc_hd__or2b_2
      419 3.15E+03   sky130_fd_sc_hd__or3_2
       27  304.042   sky130_fd_sc_hd__or3_4
      176 1.54E+03   sky130_fd_sc_hd__or3b_2
        7   78.826   sky130_fd_sc_hd__or3b_4
      190 1.66E+03   sky130_fd_sc_hd__or4_2
       47  529.258   sky130_fd_sc_hd__or4_4
       78  780.749   sky130_fd_sc_hd__or4b_2
       16  220.211   sky130_fd_sc_hd__or4b_4
       23  287.776   sky130_fd_sc_hd__or4bb_2
        5   75.072   sky130_fd_sc_hd__or4bb_4
     7495 1.22E+05   sky130_fd_sc_hd__xnor2_2
        7  192.685   sky130_fd_sc_hd__xnor2_4
     2332 3.79E+04   sky130_fd_sc_hd__xor2_2

   Chip area for module '\npu_project_macro': 879368.384000
     of which used for sequential elements: 182952.966400 (20.81%)

