208. Printing statistics.

=== npu_project_macro ===

        +----------Local Count, excluding submodules.
        |        +-Local Area, excluding submodules.
        |        | 
    60679        - wires
    60895        - wire bits
     8349        - public wires
     8565        - public wire bits
       15        - ports
      231        - port bits
    60854 7.18E+05 cells
       29  362.848   sky130_fd_sc_hd__a2111o_2
        3   45.043   sky130_fd_sc_hd__a2111oi_2
     1103  1.1E+04   sky130_fd_sc_hd__a211o_2
      939 1.17E+04   sky130_fd_sc_hd__a211oi_2
      652 6.53E+03   sky130_fd_sc_hd__a21bo_2
      140 1.58E+03   sky130_fd_sc_hd__a21boi_2
     2409 2.11E+04   sky130_fd_sc_hd__a21o_2
     1737 1.52E+04   sky130_fd_sc_hd__a21oi_2
     1758 1.98E+04   sky130_fd_sc_hd__a221o_2
        4   60.058   sky130_fd_sc_hd__a221oi_2
     3170 3.17E+04   sky130_fd_sc_hd__a22o_2
      466 5.83E+03   sky130_fd_sc_hd__a22oi_2
      178    2E+03   sky130_fd_sc_hd__a2bb2o_2
       23  345.331   sky130_fd_sc_hd__a2bb2oi_2
       95 1.07E+03   sky130_fd_sc_hd__a311o_2
        2   30.029   sky130_fd_sc_hd__a311oi_2
      791 6.93E+03   sky130_fd_sc_hd__a31o_2
      165  2064.48   sky130_fd_sc_hd__a31oi_2
      111 1.25E+03   sky130_fd_sc_hd__a32o_2
        7  113.859   sky130_fd_sc_hd__a32oi_2
       14  157.651   sky130_fd_sc_hd__a41o_2
        1   16.266   sky130_fd_sc_hd__a41oi_2
     1495 1.12E+04   sky130_fd_sc_hd__and2_2
     1160 1.02E+04   sky130_fd_sc_hd__and2b_2
     1518 1.14E+04   sky130_fd_sc_hd__and3_2
       63  630.605   sky130_fd_sc_hd__and3b_2
     1070 1.07E+04   sky130_fd_sc_hd__and4_2
      153 1.72E+03   sky130_fd_sc_hd__and4b_2
       44  550.528   sky130_fd_sc_hd__and4bb_2
        4   20.019   sky130_fd_sc_hd__buf_2
      186   698.17   sky130_fd_sc_hd__conb_1
     1480 3.89E+04   sky130_fd_sc_hd__dfrtp_2
       13  341.578   sky130_fd_sc_hd__dfstp_2
     6757 1.44E+05   sky130_fd_sc_hd__dfxtp_2
      712 2.67E+03   sky130_fd_sc_hd__inv_2
     8931 1.01E+05   sky130_fd_sc_hd__mux2_1
      619 1.39E+04   sky130_fd_sc_hd__mux4_2
     3189    2E+04   sky130_fd_sc_hd__nand2_2
      896 7.85E+03   sky130_fd_sc_hd__nand2b_2
     1635 1.64E+04   sky130_fd_sc_hd__nand3_2
       54  608.083   sky130_fd_sc_hd__nand3b_2
      698 8.73E+03   sky130_fd_sc_hd__nand4_2
        1   15.014   sky130_fd_sc_hd__nand4b_2
     2204 1.38E+04   sky130_fd_sc_hd__nor2_2
      442 4.42E+03   sky130_fd_sc_hd__nor3_2
       32  400.384   sky130_fd_sc_hd__nor3b_2
      122 1.53E+03   sky130_fd_sc_hd__nor4_2
       26  390.374   sky130_fd_sc_hd__nor4b_2
        6   75.072   sky130_fd_sc_hd__o2111a_2
        2   30.029   sky130_fd_sc_hd__o2111ai_2
     1557 1.56E+04   sky130_fd_sc_hd__o211a_2
      569 7.12E+03   sky130_fd_sc_hd__o211ai_2
      845  7.4E+03   sky130_fd_sc_hd__o21a_2
      844  7392.09   sky130_fd_sc_hd__o21ai_2
      247 2.47E+03   sky130_fd_sc_hd__o21ba_2
      101 1.14E+03   sky130_fd_sc_hd__o21bai_2
      719  8.1E+03   sky130_fd_sc_hd__o221a_2
      133 1.33E+03   sky130_fd_sc_hd__o22a_2
       82 1.03E+03   sky130_fd_sc_hd__o22ai_2
      167 1.88E+03   sky130_fd_sc_hd__o2bb2a_2
        2   30.029   sky130_fd_sc_hd__o2bb2ai_2
      206 2.32E+03   sky130_fd_sc_hd__o311a_2
        2   32.531   sky130_fd_sc_hd__o311ai_2
       99   990.95   sky130_fd_sc_hd__o31a_2
       18  225.216   sky130_fd_sc_hd__o31ai_2
       32  360.346   sky130_fd_sc_hd__o32a_2
        1   16.266   sky130_fd_sc_hd__o32ai_2
        8  100.096   sky130_fd_sc_hd__o41a_2
        1   16.266   sky130_fd_sc_hd__o41ai_2
     1940 1.21E+04   sky130_fd_sc_hd__or2_2
      731 5.49E+03   sky130_fd_sc_hd__or3_2
       83  726.947   sky130_fd_sc_hd__or3b_2
      189 1.66E+03   sky130_fd_sc_hd__or4_2
      139 1.39E+03   sky130_fd_sc_hd__or4b_2
       68  850.816   sky130_fd_sc_hd__or4bb_2
     3632 5.91E+04   sky130_fd_sc_hd__xnor2_2
     1130 1.84E+04   sky130_fd_sc_hd__xor2_2

   Chip area for module '\npu_project_macro': 717650.784000
     of which used for sequential elements: 182952.966400 (25.49%)

