
 /----------------------------------------------------------------------------\
 |  yosys -- Yosys Open SYnthesis Suite                                       |
 |  Copyright (C) 2012 - 2026  Claire Xenia Wolf <claire@yosyshq.com>         |
 |  Distributed under an ISC-like license, type "license" to see terms        |
 \----------------------------------------------------------------------------/
 Yosys 0.62 (git sha1 7326bb7d6641500ecb285c291a54a662cb1e76cf, clang++ 21.1.2 -fPIC -O3)

1. Executing Liberty frontend: /home/auc/.ciel/ciel/sky130/versions/8afc8346a57fe1ab7934ba5a6056ea8b43078e71/sky130A/libs.ref/sky130_fd_sc_hd/lib/sky130_fd_sc_hd__tt_025C_1v80.lib
Imported 428 cell types from liberty file.
[INFO] Using SDC file '/home/auc/si-sprint26-project-nanonpu/Backend/openlane/runs/synexp/6-synthesis-area-3/synthesis.abc.sdc' for ABC…wtaf

2. Executing Verilog-2005 frontend: /home/auc/si-sprint26-project-nanonpu/Backend/openlane/RTL/apb_master.v
Parsing SystemVerilog input from `/home/auc/si-sprint26-project-nanonpu/Backend/openlane/RTL/apb_master.v' to AST representation.
Storing AST representation for module `$abstract\apb_master'.
Successfully finished Verilog frontend.

3. Executing Verilog-2005 frontend: /home/auc/si-sprint26-project-nanonpu/Backend/openlane/RTL/apb_splitter.v
Parsing SystemVerilog input from `/home/auc/si-sprint26-project-nanonpu/Backend/openlane/RTL/apb_splitter.v' to AST representation.
Storing AST representation for module `$abstract\apb_splitter'.
Successfully finished Verilog frontend.

4. Executing Verilog-2005 frontend: /home/auc/si-sprint26-project-nanonpu/Backend/openlane/RTL/baud_gen.v
Parsing SystemVerilog input from `/home/auc/si-sprint26-project-nanonpu/Backend/openlane/RTL/baud_gen.v' to AST representation.
Storing AST representation for module `$abstract\baud_gen'.
Successfully finished Verilog frontend.

5. Executing Verilog-2005 frontend: /home/auc/si-sprint26-project-nanonpu/Backend/openlane/RTL/cmd_parser.v
Parsing SystemVerilog input from `/home/auc/si-sprint26-project-nanonpu/Backend/openlane/RTL/cmd_parser.v' to AST representation.
Storing AST representation for module `$abstract\cmd_parser'.
Successfully finished Verilog frontend.

6. Executing Verilog-2005 frontend: /home/auc/si-sprint26-project-nanonpu/Backend/openlane/RTL/openframe_project_wrapper.v
Parsing SystemVerilog input from `/home/auc/si-sprint26-project-nanonpu/Backend/openlane/RTL/openframe_project_wrapper.v' to AST representation.
Storing AST representation for module `$abstract\openframe_project_wrapper'.
Successfully finished Verilog frontend.

7. Executing Verilog-2005 frontend: /home/auc/si-sprint26-project-nanonpu/Backend/openlane/RTL/project_macro_0_1.v
Parsing SystemVerilog input from `/home/auc/si-sprint26-project-nanonpu/Backend/openlane/RTL/project_macro_0_1.v' to AST representation.
Storing AST representation for module `$abstract\project_macro_0_1'.
Successfully finished Verilog frontend.

8. Executing Verilog-2005 frontend: /home/auc/si-sprint26-project-nanonpu/Backend/openlane/RTL/project_macro_0_2.v
Parsing SystemVerilog input from `/home/auc/si-sprint26-project-nanonpu/Backend/openlane/RTL/project_macro_0_2.v' to AST representation.
Storing AST representation for module `$abstract\project_macro_0_2'.
Successfully finished Verilog frontend.

9. Executing Verilog-2005 frontend: /home/auc/si-sprint26-project-nanonpu/Backend/openlane/RTL/project_macro_1_0.v
Parsing SystemVerilog input from `/home/auc/si-sprint26-project-nanonpu/Backend/openlane/RTL/project_macro_1_0.v' to AST representation.
Storing AST representation for module `$abstract\project_macro_1_0'.
Successfully finished Verilog frontend.

10. Executing Verilog-2005 frontend: /home/auc/si-sprint26-project-nanonpu/Backend/openlane/RTL/project_macro_1_1.v
Parsing SystemVerilog input from `/home/auc/si-sprint26-project-nanonpu/Backend/openlane/RTL/project_macro_1_1.v' to AST representation.
Storing AST representation for module `$abstract\project_macro_1_1'.
Successfully finished Verilog frontend.

11. Executing Verilog-2005 frontend: /home/auc/si-sprint26-project-nanonpu/Backend/openlane/RTL/project_macro_1_2.v
Parsing SystemVerilog input from `/home/auc/si-sprint26-project-nanonpu/Backend/openlane/RTL/project_macro_1_2.v' to AST representation.
Storing AST representation for module `$abstract\project_macro_1_2'.
Successfully finished Verilog frontend.

12. Executing Verilog-2005 frontend: /home/auc/si-sprint26-project-nanonpu/Backend/openlane/RTL/project_macro_2_0.v
Parsing SystemVerilog input from `/home/auc/si-sprint26-project-nanonpu/Backend/openlane/RTL/project_macro_2_0.v' to AST representation.
Storing AST representation for module `$abstract\project_macro_2_0'.
Successfully finished Verilog frontend.

13. Executing Verilog-2005 frontend: /home/auc/si-sprint26-project-nanonpu/Backend/openlane/RTL/project_macro_2_1.v
Parsing SystemVerilog input from `/home/auc/si-sprint26-project-nanonpu/Backend/openlane/RTL/project_macro_2_1.v' to AST representation.
Storing AST representation for module `$abstract\project_macro_2_1'.
Successfully finished Verilog frontend.

14. Executing Verilog-2005 frontend: /home/auc/si-sprint26-project-nanonpu/Backend/openlane/RTL/project_macro_2_2.v
Parsing SystemVerilog input from `/home/auc/si-sprint26-project-nanonpu/Backend/openlane/RTL/project_macro_2_2.v' to AST representation.
Storing AST representation for module `$abstract\project_macro_2_2'.
Successfully finished Verilog frontend.

15. Executing Verilog-2005 frontend: /home/auc/si-sprint26-project-nanonpu/Backend/openlane/RTL/project_macro_3_0.v
Parsing SystemVerilog input from `/home/auc/si-sprint26-project-nanonpu/Backend/openlane/RTL/project_macro_3_0.v' to AST representation.
Storing AST representation for module `$abstract\project_macro_3_0'.
Successfully finished Verilog frontend.

16. Executing Verilog-2005 frontend: /home/auc/si-sprint26-project-nanonpu/Backend/openlane/RTL/project_macro_3_1.v
Parsing SystemVerilog input from `/home/auc/si-sprint26-project-nanonpu/Backend/openlane/RTL/project_macro_3_1.v' to AST representation.
Storing AST representation for module `$abstract\project_macro_3_1'.
Successfully finished Verilog frontend.

17. Executing Verilog-2005 frontend: /home/auc/si-sprint26-project-nanonpu/Backend/openlane/RTL/project_macro_3_2.v
Parsing SystemVerilog input from `/home/auc/si-sprint26-project-nanonpu/Backend/openlane/RTL/project_macro_3_2.v' to AST representation.
Storing AST representation for module `$abstract\project_macro_3_2'.
Successfully finished Verilog frontend.

18. Executing Verilog-2005 frontend: /home/auc/si-sprint26-project-nanonpu/Backend/openlane/RTL/resp_builder.v
Parsing SystemVerilog input from `/home/auc/si-sprint26-project-nanonpu/Backend/openlane/RTL/resp_builder.v' to AST representation.
Storing AST representation for module `$abstract\resp_builder'.
Successfully finished Verilog frontend.

19. Executing Verilog-2005 frontend: /home/auc/si-sprint26-project-nanonpu/Backend/openlane/RTL/uart_apb_master.v
Parsing SystemVerilog input from `/home/auc/si-sprint26-project-nanonpu/Backend/openlane/RTL/uart_apb_master.v' to AST representation.
Storing AST representation for module `$abstract\uart_apb_master'.
Successfully finished Verilog frontend.

20. Executing Verilog-2005 frontend: /home/auc/si-sprint26-project-nanonpu/Backend/openlane/RTL/uart_apb_sys.v
Parsing SystemVerilog input from `/home/auc/si-sprint26-project-nanonpu/Backend/openlane/RTL/uart_apb_sys.v' to AST representation.
Storing AST representation for module `$abstract\uart_apb_sys'.
Successfully finished Verilog frontend.

21. Executing Verilog-2005 frontend: /home/auc/si-sprint26-project-nanonpu/Backend/openlane/RTL/uart_rx.v
Parsing SystemVerilog input from `/home/auc/si-sprint26-project-nanonpu/Backend/openlane/RTL/uart_rx.v' to AST representation.
Storing AST representation for module `$abstract\uart_rx'.
Successfully finished Verilog frontend.

22. Executing Verilog-2005 frontend: /home/auc/si-sprint26-project-nanonpu/Backend/openlane/RTL/uart_tx.v
Parsing SystemVerilog input from `/home/auc/si-sprint26-project-nanonpu/Backend/openlane/RTL/uart_tx.v' to AST representation.
Storing AST representation for module `$abstract\uart_tx'.
Successfully finished Verilog frontend.

23. Executing Verilog-2005 frontend: /home/auc/si-sprint26-project-nanonpu/Backend/openlane/RTL/PE.sv
Parsing SystemVerilog input from `/home/auc/si-sprint26-project-nanonpu/Backend/openlane/RTL/PE.sv' to AST representation.
Storing AST representation for module `$abstract\PE'.
Successfully finished Verilog frontend.

24. Executing Verilog-2005 frontend: /home/auc/si-sprint26-project-nanonpu/Backend/openlane/RTL/RAM128x32_1RW1R.sv
Parsing SystemVerilog input from `/home/auc/si-sprint26-project-nanonpu/Backend/openlane/RTL/RAM128x32_1RW1R.sv' to AST representation.
Storing AST representation for module `$abstract\RAM128x32_1RW1R'.
Successfully finished Verilog frontend.

25. Executing Verilog-2005 frontend: /home/auc/si-sprint26-project-nanonpu/Backend/openlane/RTL/RAM32_.sv
Parsing SystemVerilog input from `/home/auc/si-sprint26-project-nanonpu/Backend/openlane/RTL/RAM32_.sv' to AST representation.
Storing AST representation for module `$abstract\RAM32_'.
Successfully finished Verilog frontend.

26. Executing Verilog-2005 frontend: /home/auc/si-sprint26-project-nanonpu/Backend/openlane/RTL/RAM64x32_1RW1R.sv
Parsing SystemVerilog input from `/home/auc/si-sprint26-project-nanonpu/Backend/openlane/RTL/RAM64x32_1RW1R.sv' to AST representation.
Storing AST representation for module `$abstract\RAM64x32_1RW1R'.
Successfully finished Verilog frontend.

27. Executing Verilog-2005 frontend: /home/auc/si-sprint26-project-nanonpu/Backend/openlane/RTL/ReLU.sv
Parsing SystemVerilog input from `/home/auc/si-sprint26-project-nanonpu/Backend/openlane/RTL/ReLU.sv' to AST representation.
Storing AST representation for module `$abstract\ReLU'.
Successfully finished Verilog frontend.

28. Executing Verilog-2005 frontend: /home/auc/si-sprint26-project-nanonpu/Backend/openlane/RTL/Req.sv
Parsing SystemVerilog input from `/home/auc/si-sprint26-project-nanonpu/Backend/openlane/RTL/Req.sv' to AST representation.
Storing AST representation for module `$abstract\req_unit'.
Successfully finished Verilog frontend.

29. Executing Verilog-2005 frontend: /home/auc/si-sprint26-project-nanonpu/Backend/openlane/RTL/SA_CU.sv
Parsing SystemVerilog input from `/home/auc/si-sprint26-project-nanonpu/Backend/openlane/RTL/SA_CU.sv' to AST representation.
Storing AST representation for module `$abstract\SA_CU'.
Successfully finished Verilog frontend.

30. Executing Verilog-2005 frontend: /home/auc/si-sprint26-project-nanonpu/Backend/openlane/RTL/SA_NxN.sv
Parsing SystemVerilog input from `/home/auc/si-sprint26-project-nanonpu/Backend/openlane/RTL/SA_NxN.sv' to AST representation.
Storing AST representation for module `$abstract\SA_NxN'.
Successfully finished Verilog frontend.

31. Executing Verilog-2005 frontend: /home/auc/si-sprint26-project-nanonpu/Backend/openlane/RTL/SA_NxN_top.sv
Parsing SystemVerilog input from `/home/auc/si-sprint26-project-nanonpu/Backend/openlane/RTL/SA_NxN_top.sv' to AST representation.
Storing AST representation for module `$abstract\SA_NxN_top'.
Successfully finished Verilog frontend.

32. Executing Verilog-2005 frontend: /home/auc/si-sprint26-project-nanonpu/Backend/openlane/RTL/TRSDL.sv
Parsing SystemVerilog input from `/home/auc/si-sprint26-project-nanonpu/Backend/openlane/RTL/TRSDL.sv' to AST representation.
Storing AST representation for module `$abstract\TRSDL'.
Successfully finished Verilog frontend.

33. Executing Verilog-2005 frontend: /home/auc/si-sprint26-project-nanonpu/Backend/openlane/RTL/TRSRL.sv
Parsing SystemVerilog input from `/home/auc/si-sprint26-project-nanonpu/Backend/openlane/RTL/TRSRL.sv' to AST representation.
Storing AST representation for module `$abstract\TRSRL'.
Successfully finished Verilog frontend.

34. Executing Verilog-2005 frontend: /home/auc/si-sprint26-project-nanonpu/Backend/openlane/RTL/acc_buffer.sv
Parsing SystemVerilog input from `/home/auc/si-sprint26-project-nanonpu/Backend/openlane/RTL/acc_buffer.sv' to AST representation.
Storing AST representation for module `$abstract\acc_buffer'.
Successfully finished Verilog frontend.

35. Executing Verilog-2005 frontend: /home/auc/si-sprint26-project-nanonpu/Backend/openlane/RTL/bias_adder.sv
Parsing SystemVerilog input from `/home/auc/si-sprint26-project-nanonpu/Backend/openlane/RTL/bias_adder.sv' to AST representation.
Storing AST representation for module `$abstract\bias_adder'.
Successfully finished Verilog frontend.

36. Executing Verilog-2005 frontend: /home/auc/si-sprint26-project-nanonpu/Backend/openlane/RTL/bias_buffer.sv
Parsing SystemVerilog input from `/home/auc/si-sprint26-project-nanonpu/Backend/openlane/RTL/bias_buffer.sv' to AST representation.
Storing AST representation for module `$abstract\bias_buffer'.
Successfully finished Verilog frontend.

37. Executing Verilog-2005 frontend: /home/auc/si-sprint26-project-nanonpu/Backend/openlane/RTL/mux2x1.sv
Parsing SystemVerilog input from `/home/auc/si-sprint26-project-nanonpu/Backend/openlane/RTL/mux2x1.sv' to AST representation.
Storing AST representation for module `$abstract\mux2x1'.
Successfully finished Verilog frontend.

38. Executing Verilog-2005 frontend: /home/auc/si-sprint26-project-nanonpu/Backend/openlane/RTL/mux4x1.sv
Parsing SystemVerilog input from `/home/auc/si-sprint26-project-nanonpu/Backend/openlane/RTL/mux4x1.sv' to AST representation.
Storing AST representation for module `$abstract\mux4x1'.
Successfully finished Verilog frontend.

39. Executing Verilog-2005 frontend: /home/auc/si-sprint26-project-nanonpu/Backend/openlane/RTL/npu_apb_decoder.sv
Parsing SystemVerilog input from `/home/auc/si-sprint26-project-nanonpu/Backend/openlane/RTL/npu_apb_decoder.sv' to AST representation.
Storing AST representation for module `$abstract\npu_apb_decoder'.
Successfully finished Verilog frontend.

40. Executing Verilog-2005 frontend: /home/auc/si-sprint26-project-nanonpu/Backend/openlane/RTL/npu_project_macro.sv
Parsing SystemVerilog input from `/home/auc/si-sprint26-project-nanonpu/Backend/openlane/RTL/npu_project_macro.sv' to AST representation.
Storing AST representation for module `$abstract\npu_project_macro'.
Successfully finished Verilog frontend.

41. Executing Verilog-2005 frontend: /home/auc/si-sprint26-project-nanonpu/Backend/openlane/RTL/npu_system_top.sv
Parsing SystemVerilog input from `/home/auc/si-sprint26-project-nanonpu/Backend/openlane/RTL/npu_system_top.sv' to AST representation.
Storing AST representation for module `$abstract\npu_system_top'.
Successfully finished Verilog frontend.

42. Executing Verilog-2005 frontend: /home/auc/si-sprint26-project-nanonpu/Backend/openlane/RTL/npu_top.sv
Parsing SystemVerilog input from `/home/auc/si-sprint26-project-nanonpu/Backend/openlane/RTL/npu_top.sv' to AST representation.
Storing AST representation for module `$abstract\npu_top'.
Successfully finished Verilog frontend.

43. Executing Verilog-2005 frontend: /home/auc/si-sprint26-project-nanonpu/Backend/openlane/RTL/pbias_buffer.sv
Parsing SystemVerilog input from `/home/auc/si-sprint26-project-nanonpu/Backend/openlane/RTL/pbias_buffer.sv' to AST representation.
Storing AST representation for module `$abstract\pbias_buffer'.
Successfully finished Verilog frontend.

44. Executing Verilog-2005 frontend: /home/auc/si-sprint26-project-nanonpu/Backend/openlane/RTL/pingpong_buffer.sv
Parsing SystemVerilog input from `/home/auc/si-sprint26-project-nanonpu/Backend/openlane/RTL/pingpong_buffer.sv' to AST representation.
Storing AST representation for module `$abstract\pingpong_buffer'.
Successfully finished Verilog frontend.

45. Executing Verilog-2005 frontend: /home/auc/si-sprint26-project-nanonpu/Backend/openlane/RTL/preq_buffer.sv
Parsing SystemVerilog input from `/home/auc/si-sprint26-project-nanonpu/Backend/openlane/RTL/preq_buffer.sv' to AST representation.
Storing AST representation for module `$abstract\preq_buffer'.
Successfully finished Verilog frontend.

46. Executing Verilog-2005 frontend: /home/auc/si-sprint26-project-nanonpu/Backend/openlane/RTL/project_macro_0_0.sv
Parsing SystemVerilog input from `/home/auc/si-sprint26-project-nanonpu/Backend/openlane/RTL/project_macro_0_0.sv' to AST representation.
Storing AST representation for module `$abstract\project_macro_0_0'.
Successfully finished Verilog frontend.

47. Executing Verilog-2005 frontend: /home/auc/si-sprint26-project-nanonpu/Backend/openlane/RTL/relu_buffer.sv
Parsing SystemVerilog input from `/home/auc/si-sprint26-project-nanonpu/Backend/openlane/RTL/relu_buffer.sv' to AST representation.
Storing AST representation for module `$abstract\relu_buffer'.
Successfully finished Verilog frontend.

48. Executing Verilog-2005 frontend: /home/auc/si-sprint26-project-nanonpu/Backend/openlane/RTL/relu_unit.sv
Parsing SystemVerilog input from `/home/auc/si-sprint26-project-nanonpu/Backend/openlane/RTL/relu_unit.sv' to AST representation.
/home/auc/si-sprint26-project-nanonpu/Backend/openlane/RTL/relu_unit.sv:56: ERROR: syntax error, unexpected OP_CAST
