
68. Executing CHECK pass (checking for obvious problems).
Checking module npu_project_macro...
Checking module $paramod$af288dee7bcdf6e010f94512fc5534c164eb2fc0\TRSDL...
Checking module $paramod$2d3d16115a59c688658ab872a96cabf4144bc2d1\ReLU...
Checking module $paramod$7e68c04742741369a0d0d49ddbdff602762dece3\uart_apb_master...
Checking module $paramod$62baa0f67ac0adab734db730771cfcbaa30a24e3\apb_splitter...
Checking module $paramod$df0e20abd2088788c0ed4abdd621e6c577b4fb9c\CU...
Checking module $paramod\mux2x1\DATA_WIDTH=s32'00000000000000000000000000000001...
Checking module $paramod\mux2x1\DATA_WIDTH=32'00000000000000000000000000000101...
Checking module RAM32_...
Checking module $paramod\mux2x1\DATA_WIDTH=32'00000000000000000000000000100000...
Checking module $paramod\mux4x1\DATA_WIDTH=32'00000000000000000000000000000111...
Checking module $paramod\mux4x1\DATA_WIDTH=s32'00000000000000000000000000000001...
Checking module $paramod\mux4x1\DATA_WIDTH=s32'00000000000000000000000000000100...
Checking module RAM128x32_1RW1R...
Checking module $paramod$0d9bc57de8f00ea41898b19647d3230134e5d7bd\pingpong_buffer...
Checking module $paramod$6398937380c3fb3e5b8a96cb1f9f2485239e5e4d\bias_buffer...
Checking module scale_reg...
Checking module $paramod$8adb495692604f276fd8810613b2702fdd4f406e\SA_NxN_top...
Checking module $paramod$6398937380c3fb3e5b8a96cb1f9f2485239e5e4d\acc_buffer...
Checking module $paramod$6398937380c3fb3e5b8a96cb1f9f2485239e5e4d\bias_adder...
Checking module $paramod$6398937380c3fb3e5b8a96cb1f9f2485239e5e4d\pbias_buffer...
Checking module $paramod$b4a06689574fede0c9749c238f424598917c0805\req_unit...
Checking module $paramod\preq_buffer\SA_SIZE=32'00000000000000000000000000000100...
Checking module $paramod$e6e3625fa186ee0bbef51838131cac9749878ac7\relu_unit...
Checking module $paramod$e6e3625fa186ee0bbef51838131cac9749878ac7\relu_buffer...
Checking module $paramod\mux2x1\DATA_WIDTH=s32'00000000000000000000000000000010...
Checking module $paramod$d54a9dd362c2da465ec914843ed96dc15bf57cef\store_engine...
Checking module $paramod$0c428583f26a0801f1a50b9ba65894b7409a86f1\uart_apb_sys...
Checking module $paramod$69aed79cacc7b1814fbf280d527d2a0d9327e588\npu_apb_decoder...
Checking module $paramod$88d0e05eb2429a0a6e085db57f5e9498be65767a\npu_top...
Checking module $paramod$15c08e04977c54a04420dde04bfce58bfec4b5c2\npu_system_top...
Checking module $paramod$0feebf11c85bd4c07f050904541150050fd00021\PE...
Checking module $paramod$8adb495692604f276fd8810613b2702fdd4f406e\SA_NxN...
Checking module baud_gen...
Checking module uart_rx...
Checking module uart_tx...
Checking module $paramod\cmd_parser\TIMEOUT_CYCLES=32'00000000010011000100101101000000...
Checking module apb_master...
Checking module resp_builder...
Checking module $paramod\SA_CU\N_SIZE=32'00000000000000000000000000000100...
Checking module $paramod$3de4212221e88281cfcfe5609744a3608364233d\TRSRL...
Found and reported 0 problems.
