208. Printing statistics.

=== npu_project_macro ===

        +----------Local Count, excluding submodules.
        |        +-Local Area, excluding submodules.
        |        | 
    97563        - wires
    97779        - wire bits
     8349        - public wires
     8565        - public wire bits
       15        - ports
      231        - port bits
    97738 8.57E+05 cells
       10   125.12   sky130_fd_sc_hd__a2111o_2
       57  570.547   sky130_fd_sc_hd__a211o_2
       23  287.776   sky130_fd_sc_hd__a211oi_2
      162 1.62E+03   sky130_fd_sc_hd__a21bo_2
      462  5202.49   sky130_fd_sc_hd__a21boi_2
        9  168.912   sky130_fd_sc_hd__a21boi_4
     1194 1.05E+04   sky130_fd_sc_hd__a21o_2
       16   240.23   sky130_fd_sc_hd__a21o_4
     1544 1.35E+04   sky130_fd_sc_hd__a21oi_2
       96 1.56E+03   sky130_fd_sc_hd__a21oi_4
      235 2.65E+03   sky130_fd_sc_hd__a221o_2
      388 5.83E+03   sky130_fd_sc_hd__a221oi_2
     1061 1.06E+04   sky130_fd_sc_hd__a22o_2
       45  506.736   sky130_fd_sc_hd__a2bb2o_2
        2   30.029   sky130_fd_sc_hd__a2bb2oi_2
       23  258.998   sky130_fd_sc_hd__a311o_2
        1   15.014   sky130_fd_sc_hd__a311oi_2
      327 2.86E+03   sky130_fd_sc_hd__a31o_2
       37  462.944   sky130_fd_sc_hd__a31oi_2
       26  292.781   sky130_fd_sc_hd__a32o_2
      167 1.88E+03   sky130_fd_sc_hd__a41o_2
     1079  8.1E+03   sky130_fd_sc_hd__and2_2
       14  122.618   sky130_fd_sc_hd__and2_4
      303 2.65E+03   sky130_fd_sc_hd__and2b_2
      584 4.38E+03   sky130_fd_sc_hd__and3_2
        4   45.043   sky130_fd_sc_hd__and3_4
        7   70.067   sky130_fd_sc_hd__and3b_2
       32  320.307   sky130_fd_sc_hd__and4_2
        1   11.261   sky130_fd_sc_hd__and4b_2
    10090 3.79E+04   sky130_fd_sc_hd__buf_1
       40  800.768   sky130_fd_sc_hd__buf_12
      372 1.86E+03   sky130_fd_sc_hd__buf_2
      166 1.25E+03   sky130_fd_sc_hd__buf_4
      127 1.43E+03   sky130_fd_sc_hd__buf_6
      121 1.82E+03   sky130_fd_sc_hd__buf_8
        1   32.531   sky130_fd_sc_hd__bufbuf_16
        1   18.768   sky130_fd_sc_hd__bufbuf_8
       65 1.14E+03   sky130_fd_sc_hd__bufinv_8
      186   698.17   sky130_fd_sc_hd__conb_1
     1480 3.89E+04   sky130_fd_sc_hd__dfrtp_2
       13  341.578   sky130_fd_sc_hd__dfstp_2
     6757 1.44E+05   sky130_fd_sc_hd__dfxtp_2
        5   81.328   sky130_fd_sc_hd__inv_12
        2   40.038   sky130_fd_sc_hd__inv_16
     6643 2.49E+04   sky130_fd_sc_hd__inv_2
       41  256.496   sky130_fd_sc_hd__inv_4
       11   96.342   sky130_fd_sc_hd__inv_6
        7   78.826   sky130_fd_sc_hd__inv_8
    12695 1.43E+05   sky130_fd_sc_hd__mux2_2
    25815 1.61E+05   sky130_fd_sc_hd__nand2_2
      249  2.8E+03   sky130_fd_sc_hd__nand2_4
        6  120.115   sky130_fd_sc_hd__nand2_8
      318 2.79E+03   sky130_fd_sc_hd__nand2b_2
       14  192.685   sky130_fd_sc_hd__nand2b_4
     5397  5.4E+04   sky130_fd_sc_hd__nand3_2
       98 1.72E+03   sky130_fd_sc_hd__nand3_4
      867 9.76E+03   sky130_fd_sc_hd__nand3b_2
        9  180.173   sky130_fd_sc_hd__nand3b_4
     4901 3.07E+04   sky130_fd_sc_hd__nor2_2
       66  743.213   sky130_fd_sc_hd__nor2_4
        2   40.038   sky130_fd_sc_hd__nor2_8
      152 1.33E+03   sky130_fd_sc_hd__nor2b_2
        1   13.763   sky130_fd_sc_hd__nor2b_4
       50   500.48   sky130_fd_sc_hd__nor3_2
        2   25.024   sky130_fd_sc_hd__nor3b_2
       39  487.968   sky130_fd_sc_hd__o2111a_2
       11  165.158   sky130_fd_sc_hd__o2111ai_2
      139 1.39E+03   sky130_fd_sc_hd__o211a_2
       36  450.432   sky130_fd_sc_hd__o211ai_2
     1750  15327.2   sky130_fd_sc_hd__o21a_2
     2996 2.62E+04   sky130_fd_sc_hd__o21ai_2
        7  113.859   sky130_fd_sc_hd__o21ai_4
        5   50.048   sky130_fd_sc_hd__o21ba_2
       53  596.822   sky130_fd_sc_hd__o21bai_2
        1   18.768   sky130_fd_sc_hd__o21bai_4
      126 1.42E+03   sky130_fd_sc_hd__o221a_2
       34   510.49   sky130_fd_sc_hd__o221ai_2
      154 1.54E+03   sky130_fd_sc_hd__o22a_2
       68  850.816   sky130_fd_sc_hd__o22ai_2
        4   80.077   sky130_fd_sc_hd__o22ai_4
      233 2.62E+03   sky130_fd_sc_hd__o2bb2a_2
       26  292.781   sky130_fd_sc_hd__o311a_2
       47  470.451   sky130_fd_sc_hd__o31a_2
       98 1.23E+03   sky130_fd_sc_hd__o31ai_2
       10  112.608   sky130_fd_sc_hd__o32a_2
     4051 2.53E+04   sky130_fd_sc_hd__or2_2
      133 1.16E+03   sky130_fd_sc_hd__or2_4
      538 4.71E+03   sky130_fd_sc_hd__or2b_2
        1   11.261   sky130_fd_sc_hd__or2b_4
      560  4.2E+03   sky130_fd_sc_hd__or3_2
       46  517.997   sky130_fd_sc_hd__or3_4
       56   490.47   sky130_fd_sc_hd__or3b_2
        2   22.522   sky130_fd_sc_hd__or3b_4
      288 2.52E+03   sky130_fd_sc_hd__or4_2
       40  450.432   sky130_fd_sc_hd__or4_4
        1    10.01   sky130_fd_sc_hd__or4b_2
      559  9092.47   sky130_fd_sc_hd__xnor2_2
      947 1.54E+04   sky130_fd_sc_hd__xor2_2

   Chip area for module '\npu_project_macro': 857494.905600
     of which used for sequential elements: 182952.966400 (21.34%)

