
===========================================================================
Violator List
============================================================================
[setup reg-reg] _166390_/Q -> _167937_/D : -55.648926
[setup reg-reg] _166390_/Q -> _167917_/D : -55.409889
[setup reg-reg] _166390_/Q -> _167922_/D : -55.286537
[setup reg-reg] _166390_/Q -> _167928_/D : -55.110378
[setup reg-reg] _166390_/Q -> _167944_/D : -55.057152
[setup reg-reg] _166390_/Q -> _167929_/D : -55.051449
[setup reg-reg] _166390_/Q -> _167927_/D : -55.046886
[setup reg-reg] _166390_/Q -> _167920_/D : -54.769318
[setup reg-reg] _166390_/Q -> _167934_/D : -54.755501
[setup reg-reg] _166390_/Q -> _167936_/D : -54.717186
[setup reg-reg] _166390_/Q -> _167931_/D : -54.696068
[setup reg-reg] _166390_/Q -> _167918_/D : -54.627872
[setup reg-reg] _166390_/Q -> _167925_/D : -54.560146
[setup reg-reg] _166390_/Q -> _167948_/D : -54.527161
[setup reg-reg] _166390_/Q -> _167941_/D : -54.464447
[setup reg-reg] _166390_/Q -> _167933_/D : -54.419804
[setup reg-reg] _166390_/Q -> _167947_/D : -54.397869
[setup reg-reg] _166390_/Q -> _167923_/D : -54.380260
[setup reg-reg] _166390_/Q -> _167940_/D : -54.356438
[setup reg-reg] _166390_/Q -> _167930_/D : -54.337410
[setup reg-reg] _166390_/Q -> _167926_/D : -54.312294
[setup reg-reg] _166390_/Q -> _167919_/D : -54.305882
[setup reg-reg] _166390_/Q -> _167924_/D : -54.261425
[setup reg-reg] _166390_/Q -> _167946_/D : -54.242363
[setup reg-reg] _166390_/Q -> _167932_/D : -54.230160
[setup reg-reg] _166390_/Q -> _167945_/D : -54.149536
[setup reg-reg] _166390_/Q -> _167939_/D : -54.146751
[setup reg-reg] _166390_/Q -> _167921_/D : -54.069447
[setup reg-reg] _166390_/Q -> _167942_/D : -54.047714
[setup reg-reg] _166390_/Q -> _167935_/D : -54.042946
[setup reg-reg] _166390_/Q -> _167938_/D : -54.009769
[setup reg-reg] _166390_/Q -> _167943_/D : -53.792797
[setup reg-reg] _166390_/Q -> _162679_/D : -51.622730
[setup reg-reg] _166390_/Q -> _162673_/D : -51.622524
[setup reg-reg] _166390_/Q -> _162674_/D : -51.622456
[setup reg-reg] _166390_/Q -> _162677_/D : -51.622490
[setup reg-reg] _166390_/Q -> _162675_/D : -51.622437
[setup reg-reg] _166390_/Q -> _162678_/D : -51.622478
[setup reg-reg] _166390_/Q -> _162686_/D : -51.622467
[setup reg-reg] _166390_/Q -> _162687_/D : -51.622486
[setup reg-reg] _166390_/Q -> _162688_/D : -51.622463
[setup reg-reg] _166390_/Q -> _162689_/D : -51.622425
[setup reg-reg] _166390_/Q -> _162690_/D : -51.622433
[setup reg-reg] _166390_/Q -> _162694_/D : -51.622414
[setup reg-reg] _166390_/Q -> _162697_/D : -51.622414
[setup reg-reg] _166390_/Q -> _162698_/D : -51.622440
[setup reg-reg] _166390_/Q -> _162703_/D : -51.622452
[setup reg-reg] _166390_/Q -> _162676_/D : -51.622349
[setup reg-reg] _166390_/Q -> _162680_/D : -51.622372
[setup reg-reg] _166390_/Q -> _162696_/D : -51.622383
[setup reg-reg] _166390_/Q -> _162681_/D : -51.622330
[setup reg-reg] _166390_/Q -> _162684_/D : -51.622345
[setup reg-reg] _166390_/Q -> _162685_/D : -51.622292
[setup reg-reg] _166390_/Q -> _162691_/D : -51.622330
[setup reg-reg] _166390_/Q -> _162699_/D : -51.622379
[setup reg-reg] _166390_/Q -> _162700_/D : -51.622395
[setup reg-reg] _166390_/Q -> _162692_/D : -51.622322
[setup reg-reg] _166390_/Q -> _162693_/D : -51.622318
[setup reg-reg] _166390_/Q -> _162695_/D : -51.622307
[setup reg-reg] _166390_/Q -> _162701_/D : -51.622322
[setup reg-reg] _166390_/Q -> _162704_/D : -51.622314
[setup reg-reg] _166390_/Q -> _162682_/D : -51.622246
[setup reg-reg] _166390_/Q -> _162683_/D : -51.622238
[setup reg-reg] _166390_/Q -> _162702_/D : -51.622265
[setup reg-reg] _166390_/Q -> _161431_/D : -51.618416
[setup reg-reg] _166390_/Q -> _161425_/D : -51.618210
[setup reg-reg] _166390_/Q -> _161426_/D : -51.618141
[setup reg-reg] _166390_/Q -> _161429_/D : -51.618179
[setup reg-reg] _166390_/Q -> _161427_/D : -51.618126
[setup reg-reg] _166390_/Q -> _161430_/D : -51.618168
[setup reg-reg] _166390_/Q -> _161438_/D : -51.618153
[setup reg-reg] _166390_/Q -> _161439_/D : -51.618176
[setup reg-reg] _166390_/Q -> _161440_/D : -51.618149
[setup reg-reg] _166390_/Q -> _161441_/D : -51.618111
[setup reg-reg] _166390_/Q -> _161442_/D : -51.618122
[setup reg-reg] _166390_/Q -> _161446_/D : -51.618099
[setup reg-reg] _166390_/Q -> _161449_/D : -51.618099
[setup reg-reg] _166390_/Q -> _161450_/D : -51.618130
[setup reg-reg] _166390_/Q -> _161455_/D : -51.618137
[setup reg-reg] _166390_/Q -> _161428_/D : -51.618034
[setup reg-reg] _166390_/Q -> _161432_/D : -51.618057
[setup reg-reg] _166390_/Q -> _161448_/D : -51.618073
[setup reg-reg] _166390_/Q -> _161452_/D : -51.618080
[setup reg-reg] _166390_/Q -> _161433_/D : -51.618019
[setup reg-reg] _166390_/Q -> _161436_/D : -51.618031
[setup reg-reg] _166390_/Q -> _161443_/D : -51.618019
[setup reg-reg] _166390_/Q -> _161451_/D : -51.618069
[setup reg-reg] _166390_/Q -> _161444_/D : -51.618008
[setup reg-reg] _166390_/Q -> _161445_/D : -51.618004
[setup reg-reg] _166390_/Q -> _161447_/D : -51.617992
[setup reg-reg] _166390_/Q -> _161453_/D : -51.618008
[setup reg-reg] _166390_/Q -> _161456_/D : -51.618000
[setup reg-reg] _166390_/Q -> _161434_/D : -51.617931
[setup reg-reg] _166390_/Q -> _161435_/D : -51.617924
[setup reg-reg] _166390_/Q -> _161454_/D : -51.617950
[setup reg-reg] _166390_/Q -> _162135_/D : -51.609116
[setup reg-reg] _166390_/Q -> _162129_/D : -51.608910
[setup reg-reg] _166390_/Q -> _162130_/D : -51.608841
[setup reg-reg] _166390_/Q -> _162133_/D : -51.608875
[setup reg-reg] _166390_/Q -> _162131_/D : -51.608822
[setup reg-reg] _166390_/Q -> _162134_/D : -51.608868
[setup reg-reg] _166390_/Q -> _162142_/D : -51.608852
[setup reg-reg] _166390_/Q -> _162143_/D : -51.608871
[setup reg-reg] _166390_/Q -> _162144_/D : -51.608849
[setup reg-reg] _166390_/Q -> _162145_/D : -51.608810
[setup reg-reg] _166390_/Q -> _162146_/D : -51.608822
[setup reg-reg] _166390_/Q -> _162159_/D : -51.608837
[setup reg-reg] _166390_/Q -> _162132_/D : -51.608734
[setup reg-reg] _166390_/Q -> _162136_/D : -51.608757
[setup reg-reg] _166390_/Q -> _162140_/D : -51.608730
[setup reg-reg] _166390_/Q -> _162152_/D : -51.608768
[setup reg-reg] _166390_/Q -> _162153_/D : -51.608799
[setup reg-reg] _166390_/Q -> _162137_/D : -51.608719
[setup reg-reg] _166390_/Q -> _162141_/D : -51.608677
[setup reg-reg] _166390_/Q -> _162147_/D : -51.608719
[setup reg-reg] _166390_/Q -> _162155_/D : -51.608768
[setup reg-reg] _166390_/Q -> _162156_/D : -51.608780
[setup reg-reg] _166390_/Q -> _162148_/D : -51.608707
[setup reg-reg] _166390_/Q -> _162149_/D : -51.608704
[setup reg-reg] _166390_/Q -> _162151_/D : -51.608692
[setup reg-reg] _166390_/Q -> _162157_/D : -51.608707
[setup reg-reg] _166390_/Q -> _162139_/D : -51.608624
[setup reg-reg] _166390_/Q -> _162158_/D : -51.608650
[setup reg-reg] _166390_/Q -> _162160_/D : -51.608700
[setup reg-reg] _166390_/Q -> _163799_/D : -51.600731
[setup reg-reg] _166390_/Q -> _163793_/D : -51.600525
[setup reg-reg] _166390_/Q -> _163794_/D : -51.600456
[setup reg-reg] _166390_/Q -> _163797_/D : -51.600491
[setup reg-reg] _166390_/Q -> _163795_/D : -51.600441
[setup reg-reg] _166390_/Q -> _163798_/D : -51.600483
[setup reg-reg] _166390_/Q -> _163806_/D : -51.600468
[setup reg-reg] _166390_/Q -> _163807_/D : -51.600491
[setup reg-reg] _166390_/Q -> _163808_/D : -51.600464
[setup reg-reg] _166390_/Q -> _163809_/D : -51.600426
[setup reg-reg] _166390_/Q -> _163810_/D : -51.600437
[setup reg-reg] _166390_/Q -> _163814_/D : -51.600414
[setup reg-reg] _166390_/Q -> _163818_/D : -51.600441
[setup reg-reg] _166390_/Q -> _163823_/D : -51.600452
[setup reg-reg] _166390_/Q -> _163796_/D : -51.600349
[setup reg-reg] _166390_/Q -> _163800_/D : -51.600372
[setup reg-reg] _166390_/Q -> _163816_/D : -51.600388
[setup reg-reg] _166390_/Q -> _163817_/D : -51.600414
[setup reg-reg] _166390_/Q -> _163820_/D : -51.600395
[setup reg-reg] _166390_/Q -> _163801_/D : -51.600334
[setup reg-reg] _166390_/Q -> _163804_/D : -51.600346
[setup reg-reg] _166390_/Q -> _163805_/D : -51.600292
[setup reg-reg] _166390_/Q -> _163813_/D : -51.600319
[setup reg-reg] _166390_/Q -> _163821_/D : -51.600323
[setup reg-reg] _166390_/Q -> _163803_/D : -51.600239
[setup reg-reg] _166390_/Q -> _163822_/D : -51.600266
[setup reg-reg] _166390_/Q -> _163824_/D : -51.600315
[setup reg-reg] _166390_/Q -> _160855_/D : -51.597946
[setup reg-reg] _166390_/Q -> _160849_/D : -51.597740
[setup reg-reg] _166390_/Q -> _160850_/D : -51.597672
[setup reg-reg] _166390_/Q -> _160853_/D : -51.597706
[setup reg-reg] _166390_/Q -> _160854_/D : -51.597698
[setup reg-reg] _166390_/Q -> _160862_/D : -51.597683
[setup reg-reg] _166390_/Q -> _160863_/D : -51.597702
[setup reg-reg] _166390_/Q -> _160864_/D : -51.597679
[setup reg-reg] _166390_/Q -> _160865_/D : -51.597641
[setup reg-reg] _166390_/Q -> _160866_/D : -51.597649
[setup reg-reg] _166390_/Q -> _160874_/D : -51.597656
[setup reg-reg] _166390_/Q -> _160856_/D : -51.597588
[setup reg-reg] _166390_/Q -> _160870_/D : -51.597630
[setup reg-reg] _166390_/Q -> _160879_/D : -51.597668
[setup reg-reg] _166390_/Q -> _160852_/D : -51.597565
[setup reg-reg] _166390_/Q -> _160872_/D : -51.597599
[setup reg-reg] _166390_/Q -> _160873_/D : -51.597630
[setup reg-reg] _166390_/Q -> _160876_/D : -51.597610
[setup reg-reg] _166390_/Q -> _160857_/D : -51.597546
[setup reg-reg] _166390_/Q -> _160860_/D : -51.597561
[setup reg-reg] _166390_/Q -> _160867_/D : -51.597546
[setup reg-reg] _166390_/Q -> _160875_/D : -51.597595
[setup reg-reg] _166390_/Q -> _160868_/D : -51.597538
[setup reg-reg] _166390_/Q -> _160877_/D : -51.597538
[setup reg-reg] _166390_/Q -> _160858_/D : -51.597462
[setup reg-reg] _166390_/Q -> _160861_/D : -51.597507
[setup reg-reg] _166390_/Q -> _160859_/D : -51.597454
[setup reg-reg] _166390_/Q -> _160878_/D : -51.597481
[setup reg-reg] _166390_/Q -> _163255_/D : -51.565834
[setup reg-reg] _166390_/Q -> _163249_/D : -51.565628
[setup reg-reg] _166390_/Q -> _163250_/D : -51.565563
[setup reg-reg] _166390_/Q -> _163253_/D : -51.565598
[setup reg-reg] _166390_/Q -> _163251_/D : -51.565544
[setup reg-reg] _166390_/Q -> _163254_/D : -51.565586
[setup reg-reg] _166390_/Q -> _163262_/D : -51.565575
[setup reg-reg] _166390_/Q -> _163263_/D : -51.565594
[setup reg-reg] _166390_/Q -> _163264_/D : -51.565571
[setup reg-reg] _166390_/Q -> _163265_/D : -51.565529
[setup reg-reg] _166390_/Q -> _163266_/D : -51.565540
[setup reg-reg] _166390_/Q -> _163270_/D : -51.565521
[setup reg-reg] _166390_/Q -> _163273_/D : -51.565521
[setup reg-reg] _166390_/Q -> _163274_/D : -51.565548
[setup reg-reg] _166390_/Q -> _163279_/D : -51.565559
[setup reg-reg] _166390_/Q -> _163252_/D : -51.565456
[setup reg-reg] _166390_/Q -> _163256_/D : -51.565475
[setup reg-reg] _166390_/Q -> _163257_/D : -51.565437
[setup reg-reg] _166390_/Q -> _163260_/D : -51.565453
[setup reg-reg] _166390_/Q -> _163272_/D : -51.565491
[setup reg-reg] _166390_/Q -> _163275_/D : -51.565487
[setup reg-reg] _166390_/Q -> _163276_/D : -51.565502
[setup reg-reg] _166390_/Q -> _163261_/D : -51.565399
[setup reg-reg] _166390_/Q -> _163267_/D : -51.565437
[setup reg-reg] _166390_/Q -> _163268_/D : -51.565426
[setup reg-reg] _166390_/Q -> _163269_/D : -51.565422
[setup reg-reg] _166390_/Q -> _163271_/D : -51.565414
[setup reg-reg] _166390_/Q -> _163277_/D : -51.565426
[setup reg-reg] _166390_/Q -> _163280_/D : -51.565418
[setup reg-reg] _166390_/Q -> _163258_/D : -51.565353
[setup reg-reg] _166390_/Q -> _163259_/D : -51.565346
[setup reg-reg] _166390_/Q -> _163278_/D : -51.565369
[setup reg-reg] _166390_/Q -> _161138_/D : -51.555885
[setup reg-reg] _166390_/Q -> _161139_/D : -51.555866
[setup reg-reg] _166390_/Q -> _161142_/D : -51.555908
[setup reg-reg] _166390_/Q -> _161150_/D : -51.555897
[setup reg-reg] _166390_/Q -> _161151_/D : -51.555916
[setup reg-reg] _166390_/Q -> _161153_/D : -51.555851
[setup reg-reg] _166390_/Q -> _161154_/D : -51.555862
[setup reg-reg] _166390_/Q -> _161162_/D : -51.555870
[setup reg-reg] _166390_/Q -> _161167_/D : -51.555882
[setup reg-reg] _166390_/Q -> _161144_/D : -51.555798
[setup reg-reg] _166390_/Q -> _161148_/D : -51.555775
[setup reg-reg] _166390_/Q -> _161160_/D : -51.555813
[setup reg-reg] _166390_/Q -> _161155_/D : -51.555759
[setup reg-reg] _166390_/Q -> _161156_/D : -51.555748
[setup reg-reg] _166390_/Q -> _161159_/D : -51.555737
[setup reg-reg] _166390_/Q -> _161165_/D : -51.555748
[setup reg-reg] _166390_/Q -> _161146_/D : -51.555676
[setup reg-reg] _166390_/Q -> _161166_/D : -51.555695
[setup reg-reg] _166390_/Q -> _163473_/D : -51.546814
[setup reg-reg] _166390_/Q -> _163474_/D : -51.546745
[setup reg-reg] _166390_/Q -> _163475_/D : -51.546730
[setup reg-reg] _166390_/Q -> _163480_/D : -51.546661
[setup reg-reg] _166390_/Q -> _163491_/D : -51.546623
[setup reg-reg] _166390_/Q -> _163492_/D : -51.546612
[setup reg-reg] _166390_/Q -> _163493_/D : -51.546608
[setup reg-reg] _166390_/Q -> _163504_/D : -51.546604
[setup reg-reg] _166390_/Q -> _163761_/D : -51.543270
[setup reg-reg] _166390_/Q -> _163762_/D : -51.543201
[setup reg-reg] _166390_/Q -> _163765_/D : -51.543236
[setup reg-reg] _166390_/Q -> _163766_/D : -51.543228
[setup reg-reg] _166390_/Q -> _163774_/D : -51.543213
[setup reg-reg] _166390_/Q -> _163775_/D : -51.543232
[setup reg-reg] _166390_/Q -> _163782_/D : -51.543159
[setup reg-reg] _166390_/Q -> _163785_/D : -51.543159
[setup reg-reg] _166390_/Q -> _163786_/D : -51.543186
[setup reg-reg] _166390_/Q -> _163791_/D : -51.543198
[setup reg-reg] _166390_/Q -> _163764_/D : -51.543095
[setup reg-reg] _166390_/Q -> _163768_/D : -51.543118
[setup reg-reg] _166390_/Q -> _163784_/D : -51.543129
[setup reg-reg] _166390_/Q -> _163788_/D : -51.543140
[setup reg-reg] _166390_/Q -> _163779_/D : -51.543076
[setup reg-reg] _166390_/Q -> _163787_/D : -51.543125
[setup reg-reg] _166390_/Q -> _163780_/D : -51.543068
[setup reg-reg] _166390_/Q -> _163781_/D : -51.543064
[setup reg-reg] _166390_/Q -> _163789_/D : -51.543068
[setup reg-reg] _166390_/Q -> _163792_/D : -51.543060
[setup reg-reg] _166390_/Q -> _163770_/D : -51.542992
[setup reg-reg] _166390_/Q -> _163773_/D : -51.543037
[setup reg-reg] _166390_/Q -> _163771_/D : -51.542984
[setup reg-reg] _166390_/Q -> _162359_/D : -51.538990
[setup reg-reg] _166390_/Q -> _162353_/D : -51.538784
[setup reg-reg] _166390_/Q -> _162354_/D : -51.538719
[setup reg-reg] _166390_/Q -> _162357_/D : -51.538754
[setup reg-reg] _166390_/Q -> _162355_/D : -51.538700
[setup reg-reg] _166390_/Q -> _162358_/D : -51.538742
[setup reg-reg] _166390_/Q -> _162366_/D : -51.538727
[setup reg-reg] _166390_/Q -> _162367_/D : -51.538750
[setup reg-reg] _166390_/Q -> _162368_/D : -51.538727
[setup reg-reg] _166390_/Q -> _162378_/D : -51.538704
[setup reg-reg] _166390_/Q -> _162383_/D : -51.538715
[setup reg-reg] _166390_/Q -> _162356_/D : -51.538612
[setup reg-reg] _166390_/Q -> _162360_/D : -51.538631
[setup reg-reg] _166390_/Q -> _162374_/D : -51.538673
[setup reg-reg] _166390_/Q -> _162377_/D : -51.538673
[setup reg-reg] _166390_/Q -> _162361_/D : -51.538593
[setup reg-reg] _166390_/Q -> _162364_/D : -51.538609
[setup reg-reg] _166390_/Q -> _162372_/D : -51.538582
[setup reg-reg] _166390_/Q -> _162373_/D : -51.538578
[setup reg-reg] _166390_/Q -> _162375_/D : -51.538570
[setup reg-reg] _166390_/Q -> _162381_/D : -51.538582
[setup reg-reg] _166390_/Q -> _162362_/D : -51.538509
[setup reg-reg] _166390_/Q -> _160902_/D : -51.533028
[setup reg-reg] _166390_/Q -> _160911_/D : -51.533066
[setup reg-reg] _166390_/Q -> _160892_/D : -51.532959
[setup reg-reg] _166390_/Q -> _160903_/D : -51.532921
[setup reg-reg] _166390_/Q -> _160890_/D : -51.532860
[setup reg-reg] _166390_/Q -> _162385_/D : -51.531551
[setup reg-reg] _166390_/Q -> _162398_/D : -51.531494
[setup reg-reg] _166390_/Q -> _162402_/D : -51.531464
[setup reg-reg] _166390_/Q -> _162409_/D : -51.531441
[setup reg-reg] _166390_/Q -> _162415_/D : -51.531483
[setup reg-reg] _166390_/Q -> _162411_/D : -51.531410
[setup reg-reg] _166390_/Q -> _162397_/D : -51.531322
[setup reg-reg] _166390_/Q -> _162404_/D : -51.531349
[setup reg-reg] _166390_/Q -> _162407_/D : -51.531334
[setup reg-reg] _166390_/Q -> _162414_/D : -51.531292
[setup reg-reg] _166390_/Q -> _164087_/D : -51.522629
[setup reg-reg] _166390_/Q -> _164082_/D : -51.522354
[setup reg-reg] _166390_/Q -> _164085_/D : -51.522388
[setup reg-reg] _166390_/Q -> _164083_/D : -51.522335
[setup reg-reg] _166390_/Q -> _164086_/D : -51.522381
[setup reg-reg] _166390_/Q -> _164096_/D : -51.522362
[setup reg-reg] _166390_/Q -> _164097_/D : -51.522324
[setup reg-reg] _166390_/Q -> _164098_/D : -51.522331
[setup reg-reg] _166390_/Q -> _164102_/D : -51.522312
[setup reg-reg] _166390_/Q -> _164106_/D : -51.522339
[setup reg-reg] _166390_/Q -> _164111_/D : -51.522350
[setup reg-reg] _166390_/Q -> _164108_/D : -51.522293
[setup reg-reg] _166390_/Q -> _164089_/D : -51.522228
[setup reg-reg] _166390_/Q -> _164092_/D : -51.522243
[setup reg-reg] _166390_/Q -> _164099_/D : -51.522228
[setup reg-reg] _166390_/Q -> _164107_/D : -51.522278
[setup reg-reg] _166390_/Q -> _164101_/D : -51.522217
[setup reg-reg] _166390_/Q -> _164103_/D : -51.522205
[setup reg-reg] _166390_/Q -> _164112_/D : -51.522213
[setup reg-reg] _166390_/Q -> _164090_/D : -51.522144
[setup reg-reg] _166390_/Q -> _164091_/D : -51.522137
[setup reg-reg] _166390_/Q -> _164110_/D : -51.522163
[setup reg-reg] _166390_/Q -> _161106_/D : -51.504761
[setup reg-reg] _166390_/Q -> _161109_/D : -51.504795
[setup reg-reg] _166390_/Q -> _161110_/D : -51.504787
[setup reg-reg] _166390_/Q -> _161122_/D : -51.504738
[setup reg-reg] _166390_/Q -> _161126_/D : -51.504719
[setup reg-reg] _166390_/Q -> _161129_/D : -51.504719
[setup reg-reg] _166390_/Q -> _161135_/D : -51.504757
[setup reg-reg] _166390_/Q -> _161108_/D : -51.504654
[setup reg-reg] _166390_/Q -> _161116_/D : -51.504650
[setup reg-reg] _166390_/Q -> _161131_/D : -51.504688
[setup reg-reg] _166390_/Q -> _161132_/D : -51.504700
[setup reg-reg] _166390_/Q -> _161125_/D : -51.504623
[setup reg-reg] _166390_/Q -> _161127_/D : -51.504612
[setup reg-reg] _166390_/Q -> _161115_/D : -51.504543
[setup reg-reg] _166390_/Q -> _161134_/D : -51.504570
[setup reg-reg] _166390_/Q -> _161136_/D : -51.504620
[setup reg-reg] _166390_/Q -> _164343_/D : -51.500538
[setup reg-reg] _166390_/Q -> _164337_/D : -51.500332
[setup reg-reg] _166390_/Q -> _164338_/D : -51.500263
[setup reg-reg] _166390_/Q -> _164341_/D : -51.500298
[setup reg-reg] _166390_/Q -> _164339_/D : -51.500244
[setup reg-reg] _166390_/Q -> _164342_/D : -51.500290
[setup reg-reg] _166390_/Q -> _164351_/D : -51.500294
[setup reg-reg] _166390_/Q -> _164352_/D : -51.500271
[setup reg-reg] _166390_/Q -> _164354_/D : -51.500240
[setup reg-reg] _166390_/Q -> _164358_/D : -51.500221
[setup reg-reg] _166390_/Q -> _164362_/D : -51.500248
[setup reg-reg] _166390_/Q -> _164367_/D : -51.500259
[setup reg-reg] _166390_/Q -> _164340_/D : -51.500156
[setup reg-reg] _166390_/Q -> _164344_/D : -51.500179
[setup reg-reg] _166390_/Q -> _164360_/D : -51.500191
[setup reg-reg] _166390_/Q -> _164361_/D : -51.500221
[setup reg-reg] _166390_/Q -> _164345_/D : -51.500137
[setup reg-reg] _166390_/Q -> _164348_/D : -51.500153
[setup reg-reg] _166390_/Q -> _164363_/D : -51.500187
[setup reg-reg] _166390_/Q -> _164364_/D : -51.500202
[setup reg-reg] _166390_/Q -> _164349_/D : -51.500099
[setup reg-reg] _166390_/Q -> _164355_/D : -51.500137
[setup reg-reg] _166390_/Q -> _164356_/D : -51.500130
[setup reg-reg] _166390_/Q -> _164359_/D : -51.500114
[setup reg-reg] _166390_/Q -> _164365_/D : -51.500130
[setup reg-reg] _166390_/Q -> _164368_/D : -51.500122
[setup reg-reg] _166390_/Q -> _164347_/D : -51.500046
[setup reg-reg] _166390_/Q -> _161713_/D : -51.497353
[setup reg-reg] _166390_/Q -> _161718_/D : -51.497311
[setup reg-reg] _166390_/Q -> _161726_/D : -51.497295
[setup reg-reg] _166390_/Q -> _161729_/D : -51.497253
[setup reg-reg] _166390_/Q -> _161740_/D : -51.497227
[setup reg-reg] _166390_/Q -> _161685_/D : -51.486961
[setup reg-reg] _166390_/Q -> _161694_/D : -51.486938
[setup reg-reg] _166390_/Q -> _161695_/D : -51.486958
[setup reg-reg] _166390_/Q -> _161696_/D : -51.486935
[setup reg-reg] _166390_/Q -> _161698_/D : -51.486904
[setup reg-reg] _166390_/Q -> _161702_/D : -51.486885
[setup reg-reg] _166390_/Q -> _161689_/D : -51.486801
[setup reg-reg] _166390_/Q -> _161700_/D : -51.486790
[setup reg-reg] _166390_/Q -> _161712_/D : -51.486786
[setup reg-reg] _166390_/Q -> _161690_/D : -51.486717
[setup reg-reg] _166390_/Q -> _161693_/D : -51.486763
[setup reg-reg] _166390_/Q -> _161691_/D : -51.486710
[setup reg-reg] _166390_/Q -> _163125_/D : -51.485874
[setup reg-reg] _166390_/Q -> _163126_/D : -51.485863
[setup reg-reg] _166390_/Q -> _163136_/D : -51.485847
[setup reg-reg] _166390_/Q -> _163130_/D : -51.485630
[setup reg-reg] _166390_/Q -> _161399_/D : -51.478546
[setup reg-reg] _166390_/Q -> _161397_/D : -51.478306
[setup reg-reg] _166390_/Q -> _161406_/D : -51.478283
[setup reg-reg] _166390_/Q -> _161410_/D : -51.478252
[setup reg-reg] _166390_/Q -> _161396_/D : -51.478165
[setup reg-reg] _166390_/Q -> _161400_/D : -51.478188
[setup reg-reg] _166390_/Q -> _161416_/D : -51.478203
[setup reg-reg] _166390_/Q -> _161417_/D : -51.478230
[setup reg-reg] _166390_/Q -> _161413_/D : -51.478134
[setup reg-reg] _166390_/Q -> _161424_/D : -51.478130
[setup reg-reg] _166390_/Q -> _161813_/D : -51.459103
[setup reg-reg] _166390_/Q -> _161825_/D : -51.459034
[setup reg-reg] _166390_/Q -> _161812_/D : -51.458958
[setup reg-reg] _166390_/Q -> _163217_/D : -51.454521
[setup reg-reg] _166390_/Q -> _163221_/D : -51.454491
[setup reg-reg] _166390_/Q -> _163231_/D : -51.454487
[setup reg-reg] _166390_/Q -> _163232_/D : -51.454460
[setup reg-reg] _166390_/Q -> _163233_/D : -51.454422
[setup reg-reg] _166390_/Q -> _163234_/D : -51.454433
[setup reg-reg] _166390_/Q -> _163238_/D : -51.454411
[setup reg-reg] _166390_/Q -> _163241_/D : -51.454411
[setup reg-reg] _166390_/Q -> _163242_/D : -51.454441
[setup reg-reg] _166390_/Q -> _163247_/D : -51.454453
[setup reg-reg] _166390_/Q -> _163228_/D : -51.454346
[setup reg-reg] _166390_/Q -> _163243_/D : -51.454380
[setup reg-reg] _166390_/Q -> _163229_/D : -51.454292
[setup reg-reg] _166390_/Q -> _163237_/D : -51.454315
[setup reg-reg] _166390_/Q -> _163239_/D : -51.454304
[setup reg-reg] _166390_/Q -> _163227_/D : -51.454239
[setup reg-reg] _166390_/Q -> _163246_/D : -51.454262
[setup reg-reg] _166390_/Q -> _164055_/D : -51.452404
[setup reg-reg] _166390_/Q -> _164050_/D : -51.452129
[setup reg-reg] _166390_/Q -> _164053_/D : -51.452168
[setup reg-reg] _166390_/Q -> _164051_/D : -51.452114
[setup reg-reg] _166390_/Q -> _164054_/D : -51.452156
[setup reg-reg] _166390_/Q -> _164063_/D : -51.452164
[setup reg-reg] _166390_/Q -> _164065_/D : -51.452099
[setup reg-reg] _166390_/Q -> _164073_/D : -51.452087
[setup reg-reg] _166390_/Q -> _164079_/D : -51.452129
[setup reg-reg] _166390_/Q -> _164052_/D : -51.452026
[setup reg-reg] _166390_/Q -> _164057_/D : -51.452007
[setup reg-reg] _166390_/Q -> _164060_/D : -51.452023
[setup reg-reg] _166390_/Q -> _164075_/D : -51.452057
[setup reg-reg] _166390_/Q -> _164076_/D : -51.452072
[setup reg-reg] _166390_/Q -> _164077_/D : -51.451996
[setup reg-reg] _166390_/Q -> _164058_/D : -51.451923
[setup reg-reg] _166390_/Q -> _164369_/D : -51.445263
[setup reg-reg] _166390_/Q -> _164370_/D : -51.445198
[setup reg-reg] _166390_/Q -> _164373_/D : -51.445232
[setup reg-reg] _166390_/Q -> _164371_/D : -51.445179
[setup reg-reg] _166390_/Q -> _164372_/D : -51.445091
[setup reg-reg] _166390_/Q -> _164400_/D : -51.445053
[setup reg-reg] _166390_/Q -> _163505_/D : -51.411674
[setup reg-reg] _166390_/Q -> _163509_/D : -51.411644
[setup reg-reg] _166390_/Q -> _163510_/D : -51.411633
[setup reg-reg] _166390_/Q -> _163522_/D : -51.411587
[setup reg-reg] _166390_/Q -> _163508_/D : -51.411503
[setup reg-reg] _166390_/Q -> _163532_/D : -51.411549
[setup reg-reg] _166390_/Q -> _163525_/D : -51.411469
[setup reg-reg] _166390_/Q -> _163527_/D : -51.411461
[setup reg-reg] _166390_/Q -> _161437_/D : -51.305767
[setup reg-reg] _166390_/Q -> _162138_/D : -51.293236
[setup reg-reg] _166390_/Q -> _162150_/D : -51.293213
[setup reg-reg] _166390_/Q -> _162154_/D : -51.293213
[setup reg-reg] _166390_/Q -> _160851_/D : -51.284527
[setup reg-reg] _166390_/Q -> _160869_/D : -51.284527
[setup reg-reg] _166390_/Q -> _160871_/D : -51.284527
[setup reg-reg] _166390_/Q -> _160880_/D : -51.284527
[setup reg-reg] _166390_/Q -> _163815_/D : -51.263081
[setup reg-reg] _166390_/Q -> _163819_/D : -51.263081
[setup reg-reg] _166390_/Q -> _163802_/D : -51.247299
[setup reg-reg] _166390_/Q -> _163811_/D : -51.247299
[setup reg-reg] _166390_/Q -> _163812_/D : -51.247299
[setup reg-reg] _166390_/Q -> _161158_/D : -51.245449
[setup reg-reg] _166390_/Q -> _161137_/D : -51.242519
[setup reg-reg] _166390_/Q -> _161140_/D : -51.242519
[setup reg-reg] _166390_/Q -> _161141_/D : -51.242519
[setup reg-reg] _166390_/Q -> _161143_/D : -51.242519
[setup reg-reg] _166390_/Q -> _161145_/D : -51.242519
[setup reg-reg] _166390_/Q -> _161147_/D : -51.242519
[setup reg-reg] _166390_/Q -> _161149_/D : -51.242519
[setup reg-reg] _166390_/Q -> _161152_/D : -51.242519
[setup reg-reg] _166390_/Q -> _161157_/D : -51.242519
[setup reg-reg] _166390_/Q -> _161161_/D : -51.242519
[setup reg-reg] _166390_/Q -> _161163_/D : -51.242519
[setup reg-reg] _166390_/Q -> _161164_/D : -51.242519
[setup reg-reg] _166390_/Q -> _161168_/D : -51.242519
[setup reg-reg] _166390_/Q -> _163476_/D : -51.233154
[setup reg-reg] _166390_/Q -> _163477_/D : -51.233154
[setup reg-reg] _166390_/Q -> _163478_/D : -51.233154
[setup reg-reg] _166390_/Q -> _163479_/D : -51.233154
[setup reg-reg] _166390_/Q -> _163481_/D : -51.233154
[setup reg-reg] _166390_/Q -> _163482_/D : -51.233154
[setup reg-reg] _166390_/Q -> _163483_/D : -51.233154
[setup reg-reg] _166390_/Q -> _163484_/D : -51.233154
[setup reg-reg] _166390_/Q -> _163485_/D : -51.233154
[setup reg-reg] _166390_/Q -> _163486_/D : -51.233154
[setup reg-reg] _166390_/Q -> _163487_/D : -51.233154
[setup reg-reg] _166390_/Q -> _163488_/D : -51.233154
[setup reg-reg] _166390_/Q -> _163489_/D : -51.233154
[setup reg-reg] _166390_/Q -> _163490_/D : -51.233154
[setup reg-reg] _166390_/Q -> _163494_/D : -51.233154
[setup reg-reg] _166390_/Q -> _163495_/D : -51.233154
[setup reg-reg] _166390_/Q -> _163496_/D : -51.233154
[setup reg-reg] _166390_/Q -> _163497_/D : -51.233154
[setup reg-reg] _166390_/Q -> _163498_/D : -51.233154
[setup reg-reg] _166390_/Q -> _163499_/D : -51.233154
[setup reg-reg] _166390_/Q -> _163500_/D : -51.233154
[setup reg-reg] _166390_/Q -> _163501_/D : -51.233154
[setup reg-reg] _166390_/Q -> _163502_/D : -51.233154
[setup reg-reg] _166390_/Q -> _163503_/D : -51.233154
[setup reg-reg] _166390_/Q -> _160881_/D : -51.217091
[setup reg-reg] _166390_/Q -> _160882_/D : -51.217091
[setup reg-reg] _166390_/Q -> _160883_/D : -51.217091
[setup reg-reg] _166390_/Q -> _160884_/D : -51.217091
[setup reg-reg] _166390_/Q -> _160885_/D : -51.217091
[setup reg-reg] _166390_/Q -> _160886_/D : -51.217091
[setup reg-reg] _166390_/Q -> _160887_/D : -51.217091
[setup reg-reg] _166390_/Q -> _160888_/D : -51.217091
[setup reg-reg] _166390_/Q -> _160889_/D : -51.217091
[setup reg-reg] _166390_/Q -> _160891_/D : -51.217091
[setup reg-reg] _166390_/Q -> _160893_/D : -51.217091
[setup reg-reg] _166390_/Q -> _160894_/D : -51.217091
[setup reg-reg] _166390_/Q -> _160895_/D : -51.217091
[setup reg-reg] _166390_/Q -> _160896_/D : -51.217091
[setup reg-reg] _166390_/Q -> _160897_/D : -51.217091
[setup reg-reg] _166390_/Q -> _160898_/D : -51.217091
[setup reg-reg] _166390_/Q -> _160899_/D : -51.217091
[setup reg-reg] _166390_/Q -> _160900_/D : -51.217091
[setup reg-reg] _166390_/Q -> _160901_/D : -51.217091
[setup reg-reg] _166390_/Q -> _160904_/D : -51.217091
[setup reg-reg] _166390_/Q -> _160905_/D : -51.217091
[setup reg-reg] _166390_/Q -> _160906_/D : -51.217091
[setup reg-reg] _166390_/Q -> _160907_/D : -51.217091
[setup reg-reg] _166390_/Q -> _160908_/D : -51.217091
[setup reg-reg] _166390_/Q -> _160909_/D : -51.217091
[setup reg-reg] _166390_/Q -> _160910_/D : -51.217091
[setup reg-reg] _166390_/Q -> _160912_/D : -51.217091
[setup reg-reg] _166390_/Q -> _163763_/D : -51.205879
[setup reg-reg] _166390_/Q -> _163767_/D : -51.205879
[setup reg-reg] _166390_/Q -> _163769_/D : -51.205879
[setup reg-reg] _166390_/Q -> _163772_/D : -51.205879
[setup reg-reg] _166390_/Q -> _163776_/D : -51.205879
[setup reg-reg] _166390_/Q -> _163777_/D : -51.205879
[setup reg-reg] _166390_/Q -> _163778_/D : -51.205879
[setup reg-reg] _166390_/Q -> _163783_/D : -51.205879
[setup reg-reg] _166390_/Q -> _163790_/D : -51.205879
[setup reg-reg] _166390_/Q -> _162363_/D : -51.205101
[setup reg-reg] _166390_/Q -> _162365_/D : -51.205101
[setup reg-reg] _166390_/Q -> _162369_/D : -51.205101
[setup reg-reg] _166390_/Q -> _162370_/D : -51.205101
[setup reg-reg] _166390_/Q -> _162371_/D : -51.205101
[setup reg-reg] _166390_/Q -> _162376_/D : -51.205101
[setup reg-reg] _166390_/Q -> _162379_/D : -51.205101
[setup reg-reg] _166390_/Q -> _162380_/D : -51.205101
[setup reg-reg] _166390_/Q -> _162382_/D : -51.205101
[setup reg-reg] _166390_/Q -> _162384_/D : -51.205101
[setup reg-reg] _166390_/Q -> _162386_/D : -51.198059
[setup reg-reg] _166390_/Q -> _162387_/D : -51.198059
[setup reg-reg] _166390_/Q -> _162388_/D : -51.198059
[setup reg-reg] _166390_/Q -> _162389_/D : -51.198059
[setup reg-reg] _166390_/Q -> _162390_/D : -51.198059
[setup reg-reg] _166390_/Q -> _162391_/D : -51.198059
[setup reg-reg] _166390_/Q -> _162392_/D : -51.198059
[setup reg-reg] _166390_/Q -> _162393_/D : -51.198059
[setup reg-reg] _166390_/Q -> _162394_/D : -51.198059
[setup reg-reg] _166390_/Q -> _162395_/D : -51.198059
[setup reg-reg] _166390_/Q -> _162396_/D : -51.198059
[setup reg-reg] _166390_/Q -> _162399_/D : -51.198059
[setup reg-reg] _166390_/Q -> _162400_/D : -51.198059
[setup reg-reg] _166390_/Q -> _162401_/D : -51.198059
[setup reg-reg] _166390_/Q -> _162403_/D : -51.198059
[setup reg-reg] _166390_/Q -> _162405_/D : -51.198059
[setup reg-reg] _166390_/Q -> _162406_/D : -51.198059
[setup reg-reg] _166390_/Q -> _162408_/D : -51.198059
[setup reg-reg] _166390_/Q -> _162410_/D : -51.198059
[setup reg-reg] _166390_/Q -> _162412_/D : -51.198059
[setup reg-reg] _166390_/Q -> _162413_/D : -51.198059
[setup reg-reg] _166390_/Q -> _162416_/D : -51.198059
[setup reg-reg] _166390_/Q -> _161117_/D : -51.194092
[setup reg-reg] _166390_/Q -> _161118_/D : -51.194092
[setup reg-reg] _166390_/Q -> _161120_/D : -51.194092
[setup reg-reg] _166390_/Q -> _161121_/D : -51.194092
[setup reg-reg] _166390_/Q -> _161124_/D : -51.194092
[setup reg-reg] _166390_/Q -> _161107_/D : -51.191162
[setup reg-reg] _166390_/Q -> _164346_/D : -51.188316
[setup reg-reg] _166390_/Q -> _164350_/D : -51.188316
[setup reg-reg] _166390_/Q -> _164353_/D : -51.188316
[setup reg-reg] _166390_/Q -> _164357_/D : -51.188316
[setup reg-reg] _166390_/Q -> _164366_/D : -51.188316
[setup reg-reg] _166390_/Q -> _164081_/D : -51.187992
[setup reg-reg] _166390_/Q -> _164084_/D : -51.187992
[setup reg-reg] _166390_/Q -> _164088_/D : -51.187992
[setup reg-reg] _166390_/Q -> _164093_/D : -51.187992
[setup reg-reg] _166390_/Q -> _164094_/D : -51.187992
[setup reg-reg] _166390_/Q -> _164095_/D : -51.187992
[setup reg-reg] _166390_/Q -> _164100_/D : -51.187992
[setup reg-reg] _166390_/Q -> _164104_/D : -51.187992
[setup reg-reg] _166390_/Q -> _164105_/D : -51.187992
[setup reg-reg] _166390_/Q -> _164109_/D : -51.187992
[setup reg-reg] _166390_/Q -> _161716_/D : -51.180565
[setup reg-reg] _166390_/Q -> _161717_/D : -51.180565
[setup reg-reg] _166390_/Q -> _161719_/D : -51.180565
[setup reg-reg] _166390_/Q -> _161720_/D : -51.180565
[setup reg-reg] _166390_/Q -> _161721_/D : -51.180565
[setup reg-reg] _166390_/Q -> _161723_/D : -51.180565
[setup reg-reg] _166390_/Q -> _161727_/D : -51.180565
[setup reg-reg] _166390_/Q -> _161730_/D : -51.180565
[setup reg-reg] _166390_/Q -> _161731_/D : -51.180565
[setup reg-reg] _166390_/Q -> _161732_/D : -51.180565
[setup reg-reg] _166390_/Q -> _161733_/D : -51.180565
[setup reg-reg] _166390_/Q -> _161738_/D : -51.180565
[setup reg-reg] _166390_/Q -> _161684_/D : -51.172764
[setup reg-reg] _166390_/Q -> _161705_/D : -51.172764
[setup reg-reg] _166390_/Q -> _163121_/D : -51.171741
[setup reg-reg] _166390_/Q -> _163122_/D : -51.171741
[setup reg-reg] _166390_/Q -> _163123_/D : -51.171741
[setup reg-reg] _166390_/Q -> _163124_/D : -51.171741
[setup reg-reg] _166390_/Q -> _163127_/D : -51.171741
[setup reg-reg] _166390_/Q -> _163128_/D : -51.171741
[setup reg-reg] _166390_/Q -> _163129_/D : -51.171741
[setup reg-reg] _166390_/Q -> _163131_/D : -51.171741
[setup reg-reg] _166390_/Q -> _163132_/D : -51.171741
[setup reg-reg] _166390_/Q -> _163133_/D : -51.171741
[setup reg-reg] _166390_/Q -> _163134_/D : -51.171741
[setup reg-reg] _166390_/Q -> _163135_/D : -51.171741
[setup reg-reg] _166390_/Q -> _163137_/D : -51.171741
[setup reg-reg] _166390_/Q -> _163138_/D : -51.171741
[setup reg-reg] _166390_/Q -> _163139_/D : -51.171741
[setup reg-reg] _166390_/Q -> _163140_/D : -51.171741
[setup reg-reg] _166390_/Q -> _163141_/D : -51.171741
[setup reg-reg] _166390_/Q -> _163142_/D : -51.171741
[setup reg-reg] _166390_/Q -> _163143_/D : -51.171741
[setup reg-reg] _166390_/Q -> _163144_/D : -51.171741
[setup reg-reg] _166390_/Q -> _163145_/D : -51.171741
[setup reg-reg] _166390_/Q -> _163146_/D : -51.171741
[setup reg-reg] _166390_/Q -> _163147_/D : -51.171741
[setup reg-reg] _166390_/Q -> _163148_/D : -51.171741
[setup reg-reg] _166390_/Q -> _163149_/D : -51.171741
[setup reg-reg] _166390_/Q -> _163150_/D : -51.171741
[setup reg-reg] _166390_/Q -> _163151_/D : -51.171741
[setup reg-reg] _166390_/Q -> _163152_/D : -51.171741
[setup reg-reg] _166390_/Q -> _161681_/D : -51.171059
[setup reg-reg] _166390_/Q -> _161682_/D : -51.171059
[setup reg-reg] _166390_/Q -> _161683_/D : -51.171059
[setup reg-reg] _166390_/Q -> _161686_/D : -51.171059
[setup reg-reg] _166390_/Q -> _161687_/D : -51.171059
[setup reg-reg] _166390_/Q -> _161688_/D : -51.171059
[setup reg-reg] _166390_/Q -> _161692_/D : -51.171059
[setup reg-reg] _166390_/Q -> _161697_/D : -51.171059
[setup reg-reg] _166390_/Q -> _161699_/D : -51.171059
[setup reg-reg] _166390_/Q -> _161701_/D : -51.171059
[setup reg-reg] _166390_/Q -> _161703_/D : -51.171059
[setup reg-reg] _166390_/Q -> _161704_/D : -51.171059
[setup reg-reg] _166390_/Q -> _161706_/D : -51.171059
[setup reg-reg] _166390_/Q -> _161707_/D : -51.171059
[setup reg-reg] _166390_/Q -> _161708_/D : -51.171059
[setup reg-reg] _166390_/Q -> _161709_/D : -51.171059
[setup reg-reg] _166390_/Q -> _161710_/D : -51.171059
[setup reg-reg] _166390_/Q -> _161711_/D : -51.171059
[setup reg-reg] _166390_/Q -> _161394_/D : -51.165718
[setup reg-reg] _166390_/Q -> _161398_/D : -51.165718
[setup reg-reg] _166390_/Q -> _161403_/D : -51.165718
[setup reg-reg] _166390_/Q -> _161404_/D : -51.165718
[setup reg-reg] _166390_/Q -> _161414_/D : -51.165718
[setup reg-reg] _166390_/Q -> _161419_/D : -51.165718
[setup reg-reg] _166390_/Q -> _161420_/D : -51.165718
[setup reg-reg] _166390_/Q -> _161422_/D : -51.165718
[setup reg-reg] _166390_/Q -> _161423_/D : -51.165718
[setup reg-reg] _166390_/Q -> _161393_/D : -51.163296
[setup reg-reg] _166390_/Q -> _161395_/D : -51.163296
[setup reg-reg] _166390_/Q -> _161401_/D : -51.163296
[setup reg-reg] _166390_/Q -> _161402_/D : -51.163296
[setup reg-reg] _166390_/Q -> _161405_/D : -51.163296
[setup reg-reg] _166390_/Q -> _161407_/D : -51.163296
[setup reg-reg] _166390_/Q -> _161408_/D : -51.163296
[setup reg-reg] _166390_/Q -> _161409_/D : -51.163296
[setup reg-reg] _166390_/Q -> _161411_/D : -51.163296
[setup reg-reg] _166390_/Q -> _161412_/D : -51.163296
[setup reg-reg] _166390_/Q -> _161415_/D : -51.163296
[setup reg-reg] _166390_/Q -> _161418_/D : -51.163296
[setup reg-reg] _166390_/Q -> _161421_/D : -51.163296
[setup reg-reg] _166390_/Q -> _161105_/D : -51.152946
[setup reg-reg] _166390_/Q -> _161111_/D : -51.152946
[setup reg-reg] _166390_/Q -> _161112_/D : -51.152946
[setup reg-reg] _166390_/Q -> _161113_/D : -51.152946
[setup reg-reg] _166390_/Q -> _161114_/D : -51.152946
[setup reg-reg] _166390_/Q -> _161119_/D : -51.152946
[setup reg-reg] _166390_/Q -> _161123_/D : -51.152946
[setup reg-reg] _166390_/Q -> _161128_/D : -51.152946
[setup reg-reg] _166390_/Q -> _161130_/D : -51.152946
[setup reg-reg] _166390_/Q -> _161133_/D : -51.152946
[setup reg-reg] _166390_/Q -> _161714_/D : -51.146694
[setup reg-reg] _166390_/Q -> _161715_/D : -51.146694
[setup reg-reg] _166390_/Q -> _161722_/D : -51.146694
[setup reg-reg] _166390_/Q -> _161724_/D : -51.146694
[setup reg-reg] _166390_/Q -> _161725_/D : -51.146694
[setup reg-reg] _166390_/Q -> _161728_/D : -51.146694
[setup reg-reg] _166390_/Q -> _161734_/D : -51.146694
[setup reg-reg] _166390_/Q -> _161735_/D : -51.146694
[setup reg-reg] _166390_/Q -> _161736_/D : -51.146694
[setup reg-reg] _166390_/Q -> _161737_/D : -51.146694
[setup reg-reg] _166390_/Q -> _161739_/D : -51.146694
[setup reg-reg] _166390_/Q -> _161741_/D : -51.146694
[setup reg-reg] _166390_/Q -> _161742_/D : -51.146694
[setup reg-reg] _166390_/Q -> _161743_/D : -51.146694
[setup reg-reg] _166390_/Q -> _161744_/D : -51.146694
[setup reg-reg] _166390_/Q -> _163219_/D : -51.139854
[setup reg-reg] _166390_/Q -> _163220_/D : -51.139854
[setup reg-reg] _166390_/Q -> _163226_/D : -51.139854
[setup reg-reg] _166390_/Q -> _163240_/D : -51.139854
[setup reg-reg] _166390_/Q -> _164374_/D : -51.130642
[setup reg-reg] _166390_/Q -> _164375_/D : -51.130642
[setup reg-reg] _166390_/Q -> _164376_/D : -51.130642
[setup reg-reg] _166390_/Q -> _164377_/D : -51.130642
[setup reg-reg] _166390_/Q -> _164378_/D : -51.130642
[setup reg-reg] _166390_/Q -> _164379_/D : -51.130642
[setup reg-reg] _166390_/Q -> _164380_/D : -51.130642
[setup reg-reg] _166390_/Q -> _164381_/D : -51.130642
[setup reg-reg] _166390_/Q -> _164382_/D : -51.130642
[setup reg-reg] _166390_/Q -> _164383_/D : -51.130642
[setup reg-reg] _166390_/Q -> _164384_/D : -51.130642
[setup reg-reg] _166390_/Q -> _164385_/D : -51.130642
[setup reg-reg] _166390_/Q -> _164386_/D : -51.130642
[setup reg-reg] _166390_/Q -> _164387_/D : -51.130642
[setup reg-reg] _166390_/Q -> _164388_/D : -51.130642
[setup reg-reg] _166390_/Q -> _164389_/D : -51.130642
[setup reg-reg] _166390_/Q -> _164390_/D : -51.130642
[setup reg-reg] _166390_/Q -> _164391_/D : -51.130642
[setup reg-reg] _166390_/Q -> _164392_/D : -51.130642
[setup reg-reg] _166390_/Q -> _164393_/D : -51.130642
[setup reg-reg] _166390_/Q -> _164394_/D : -51.130642
[setup reg-reg] _166390_/Q -> _164395_/D : -51.130642
[setup reg-reg] _166390_/Q -> _164396_/D : -51.130642
[setup reg-reg] _166390_/Q -> _164397_/D : -51.130642
[setup reg-reg] _166390_/Q -> _164398_/D : -51.130642
[setup reg-reg] _166390_/Q -> _164399_/D : -51.130642
[setup reg-reg] _166390_/Q -> _161809_/D : -51.124542
[setup reg-reg] _166390_/Q -> _161811_/D : -51.124542
[setup reg-reg] _166390_/Q -> _161815_/D : -51.124542
[setup reg-reg] _166390_/Q -> _161816_/D : -51.124542
[setup reg-reg] _166390_/Q -> _161817_/D : -51.124542
[setup reg-reg] _166390_/Q -> _161818_/D : -51.124542
[setup reg-reg] _166390_/Q -> _161821_/D : -51.124542
[setup reg-reg] _166390_/Q -> _161822_/D : -51.124542
[setup reg-reg] _166390_/Q -> _161823_/D : -51.124542
[setup reg-reg] _166390_/Q -> _161824_/D : -51.124542
[setup reg-reg] _166390_/Q -> _161827_/D : -51.124542
[setup reg-reg] _166390_/Q -> _161828_/D : -51.124542
[setup reg-reg] _166390_/Q -> _161829_/D : -51.124542
[setup reg-reg] _166390_/Q -> _161831_/D : -51.124542
[setup reg-reg] _166390_/Q -> _161832_/D : -51.124542
[setup reg-reg] _166390_/Q -> _161834_/D : -51.124542
[setup reg-reg] _166390_/Q -> _161837_/D : -51.124542
[setup reg-reg] _166390_/Q -> _161840_/D : -51.124542
[setup reg-reg] _166390_/Q -> _161810_/D : -51.123604
[setup reg-reg] _166390_/Q -> _161814_/D : -51.123604
[setup reg-reg] _166390_/Q -> _161819_/D : -51.123604
[setup reg-reg] _166390_/Q -> _161820_/D : -51.123604
[setup reg-reg] _166390_/Q -> _161826_/D : -51.123604
[setup reg-reg] _166390_/Q -> _161830_/D : -51.123604
[setup reg-reg] _166390_/Q -> _161833_/D : -51.123604
[setup reg-reg] _166390_/Q -> _161835_/D : -51.123604
[setup reg-reg] _166390_/Q -> _161836_/D : -51.123604
[setup reg-reg] _166390_/Q -> _161838_/D : -51.123604
[setup reg-reg] _166390_/Q -> _161839_/D : -51.123604
[setup reg-reg] _166390_/Q -> _164059_/D : -51.117874
[setup reg-reg] _166390_/Q -> _164064_/D : -51.117874
[setup reg-reg] _166390_/Q -> _164067_/D : -51.117874
[setup reg-reg] _166390_/Q -> _164068_/D : -51.117874
[setup reg-reg] _166390_/Q -> _164069_/D : -51.117874
[setup reg-reg] _166390_/Q -> _164071_/D : -51.117874
[setup reg-reg] _166390_/Q -> _164074_/D : -51.117874
[setup reg-reg] _166390_/Q -> _164078_/D : -51.117874
[setup reg-reg] _166390_/Q -> _164080_/D : -51.117874
[setup reg-reg] _166390_/Q -> _163537_/D : -51.104725
[setup reg-reg] _166390_/Q -> _163538_/D : -51.104725
[setup reg-reg] _166390_/Q -> _163539_/D : -51.104725
[setup reg-reg] _166390_/Q -> _163540_/D : -51.104725
[setup reg-reg] _166390_/Q -> _163541_/D : -51.104725
[setup reg-reg] _166390_/Q -> _163542_/D : -51.104725
[setup reg-reg] _166390_/Q -> _163543_/D : -51.104725
[setup reg-reg] _166390_/Q -> _163544_/D : -51.104725
[setup reg-reg] _166390_/Q -> _163545_/D : -51.104725
[setup reg-reg] _166390_/Q -> _163546_/D : -51.104725
[setup reg-reg] _166390_/Q -> _163547_/D : -51.104725
[setup reg-reg] _166390_/Q -> _163548_/D : -51.104725
[setup reg-reg] _166390_/Q -> _163549_/D : -51.104725
[setup reg-reg] _166390_/Q -> _163550_/D : -51.104725
[setup reg-reg] _166390_/Q -> _163551_/D : -51.104725
[setup reg-reg] _166390_/Q -> _163552_/D : -51.104725
[setup reg-reg] _166390_/Q -> _163553_/D : -51.104725
[setup reg-reg] _166390_/Q -> _163554_/D : -51.104725
[setup reg-reg] _166390_/Q -> _163555_/D : -51.104725
[setup reg-reg] _166390_/Q -> _163556_/D : -51.104725
[setup reg-reg] _166390_/Q -> _163557_/D : -51.104725
[setup reg-reg] _166390_/Q -> _163558_/D : -51.104725
[setup reg-reg] _166390_/Q -> _163559_/D : -51.104725
[setup reg-reg] _166390_/Q -> _163560_/D : -51.104725
[setup reg-reg] _166390_/Q -> _163561_/D : -51.104725
[setup reg-reg] _166390_/Q -> _163562_/D : -51.104725
[setup reg-reg] _166390_/Q -> _163563_/D : -51.104725
[setup reg-reg] _166390_/Q -> _163564_/D : -51.104725
[setup reg-reg] _166390_/Q -> _163565_/D : -51.104725
[setup reg-reg] _166390_/Q -> _163566_/D : -51.104725
[setup reg-reg] _166390_/Q -> _163567_/D : -51.104725
[setup reg-reg] _166390_/Q -> _163568_/D : -51.104725
[setup reg-reg] _166390_/Q -> _163218_/D : -51.100929
[setup reg-reg] _166390_/Q -> _163222_/D : -51.100929
[setup reg-reg] _166390_/Q -> _163223_/D : -51.100929
[setup reg-reg] _166390_/Q -> _163224_/D : -51.100929
[setup reg-reg] _166390_/Q -> _163225_/D : -51.100929
[setup reg-reg] _166390_/Q -> _163230_/D : -51.100929
[setup reg-reg] _166390_/Q -> _163235_/D : -51.100929
[setup reg-reg] _166390_/Q -> _163236_/D : -51.100929
[setup reg-reg] _166390_/Q -> _163244_/D : -51.100929
[setup reg-reg] _166390_/Q -> _163245_/D : -51.100929
[setup reg-reg] _166390_/Q -> _163248_/D : -51.100929
[setup reg-reg] _166390_/Q -> _163506_/D : -51.100624
[setup reg-reg] _166390_/Q -> _163507_/D : -51.100624
[setup reg-reg] _166390_/Q -> _163511_/D : -51.100624
[setup reg-reg] _166390_/Q -> _163512_/D : -51.100624
[setup reg-reg] _166390_/Q -> _163513_/D : -51.100624
[setup reg-reg] _166390_/Q -> _163514_/D : -51.100624
[setup reg-reg] _166390_/Q -> _163515_/D : -51.100624
[setup reg-reg] _166390_/Q -> _163516_/D : -51.100624
[setup reg-reg] _166390_/Q -> _163517_/D : -51.100624
[setup reg-reg] _166390_/Q -> _163518_/D : -51.100624
[setup reg-reg] _166390_/Q -> _163519_/D : -51.100624
[setup reg-reg] _166390_/Q -> _163520_/D : -51.100624
[setup reg-reg] _166390_/Q -> _163521_/D : -51.100624
[setup reg-reg] _166390_/Q -> _163523_/D : -51.100624
[setup reg-reg] _166390_/Q -> _163524_/D : -51.100624
[setup reg-reg] _166390_/Q -> _163526_/D : -51.100624
[setup reg-reg] _166390_/Q -> _163528_/D : -51.100624
[setup reg-reg] _166390_/Q -> _163529_/D : -51.100624
[setup reg-reg] _166390_/Q -> _163530_/D : -51.100624
[setup reg-reg] _166390_/Q -> _163531_/D : -51.100624
[setup reg-reg] _166390_/Q -> _163533_/D : -51.100624
[setup reg-reg] _166390_/Q -> _163534_/D : -51.100624
[setup reg-reg] _166390_/Q -> _163535_/D : -51.100624
[setup reg-reg] _166390_/Q -> _163536_/D : -51.100624
[setup reg-reg] _166390_/Q -> _164049_/D : -51.099339
[setup reg-reg] _166390_/Q -> _164056_/D : -51.099339
[setup reg-reg] _166390_/Q -> _164061_/D : -51.099339
[setup reg-reg] _166390_/Q -> _164062_/D : -51.099339
[setup reg-reg] _166390_/Q -> _164066_/D : -51.099339
[setup reg-reg] _166390_/Q -> _164070_/D : -51.099339
[setup reg-reg] _166390_/Q -> _164072_/D : -51.099339
[setup reg-reg] _166390_/Q -> _161845_/D : -51.032387
[setup reg-reg] _166390_/Q -> _161846_/D : -51.032349
[setup reg-reg] _166390_/Q -> _161855_/D : -51.032383
[setup reg-reg] _166390_/Q -> _161842_/D : -51.032276
[setup reg-reg] _166390_/Q -> _161854_/D : -51.032303
[setup reg-reg] _166390_/Q -> _161856_/D : -51.032295
[setup reg-reg] _166390_/Q -> _161843_/D : -51.032204
[setup reg-reg] _166390_/Q -> _161866_/D : -51.032219
[setup reg-reg] _166390_/Q -> _161857_/D : -51.032166
[setup reg-reg] _166390_/Q -> _161858_/D : -51.032196
[setup reg-reg] _166390_/Q -> _161862_/D : -51.032131
[setup reg-reg] _166390_/Q -> _161865_/D : -51.032131
[setup reg-reg] _166390_/Q -> _161848_/D : -51.031979
[setup reg-reg] _166390_/Q -> _161864_/D : -51.032024
[setup reg-reg] _166390_/Q -> _161868_/D : -51.032059
[setup reg-reg] _166390_/Q -> _161844_/D : -51.031902
[setup reg-reg] _166390_/Q -> _161849_/D : -51.031853
[setup reg-reg] _166390_/Q -> _161859_/D : -51.031853
[setup reg-reg] _166390_/Q -> _161860_/D : -51.031845
[setup reg-reg] _166390_/Q -> _161861_/D : -51.031837
[setup reg-reg] _166390_/Q -> _161863_/D : -51.031830
[setup reg-reg] _166390_/Q -> _161869_/D : -51.031841
[setup reg-reg] _166390_/Q -> _167908_/D : -48.644417
[setup reg-reg] _166390_/Q -> _167894_/D : -48.629398
[setup reg-reg] _166390_/Q -> _167898_/D : -48.629398
[setup reg-reg] _166390_/Q -> _167912_/D : -48.593933
[setup reg-reg] _166390_/Q -> _167904_/D : -48.582146
[setup reg-reg] _166390_/Q -> _167911_/D : -48.485027
[setup reg-reg] _166390_/Q -> _167895_/D : -48.363369
[setup reg-reg] _166390_/Q -> _167913_/D : -48.207279
[setup reg-reg] _166390_/Q -> _167906_/D : -48.053638
[setup reg-reg] _166390_/Q -> _167907_/D : -47.780987
[setup reg-reg] _166390_/Q -> _167910_/D : -46.909145
[setup reg-reg] _166390_/Q -> _167914_/D : -46.725864
[setup reg-reg] _166390_/Q -> _167905_/D : -46.722527
[setup reg-reg] _166390_/Q -> _167903_/D : -46.717445
[setup reg-reg] _166390_/Q -> _167890_/D : -46.700493
[setup reg-reg] _166390_/Q -> _167891_/D : -46.695114
[setup reg-reg] _166390_/Q -> _167915_/D : -46.648811
[setup reg-reg] _166390_/Q -> _167893_/D : -46.636318
[setup reg-reg] _166390_/Q -> _167892_/D : -46.630791
[setup reg-reg] _166390_/Q -> _167897_/D : -46.625389
[setup reg-reg] _166390_/Q -> _167901_/D : -46.610901
[setup reg-reg] _166390_/Q -> _167888_/D : -46.608139
[setup reg-reg] _166390_/Q -> _167899_/D : -46.604877
[setup reg-reg] _166390_/Q -> _167902_/D : -46.603001
[setup reg-reg] _166390_/Q -> _167887_/D : -46.592903
[setup reg-reg] _166390_/Q -> _167889_/D : -46.592880
[setup reg-reg] _166390_/Q -> _167909_/D : -46.587090
[setup reg-reg] _166390_/Q -> _167896_/D : -46.570911
[setup reg-reg] _166390_/Q -> _167916_/D : -46.563568
[setup reg-reg] _166390_/Q -> _167885_/D : -46.560341
[setup reg-reg] _166390_/Q -> _167886_/D : -46.518963
[setup reg-reg] _166390_/Q -> _167900_/D : -46.417824
[setup reg-reg] _166660_/Q -> _168231_/D : -8.538376
[setup reg-reg] _166660_/Q -> _168229_/D : -8.527732
[setup reg-reg] _166660_/Q -> _168230_/D : -8.527732
[setup reg-reg] _166660_/Q -> _168232_/D : -8.527732
[setup reg-reg] _166660_/Q -> _168233_/D : -8.527732
[setup reg-reg] _166660_/Q -> _168234_/D : -8.527732
[setup reg-reg] _166660_/Q -> _168235_/D : -7.922978
[setup reg-reg] _166660_/Q -> _168224_/D : -7.899637
[setup reg-reg] _166660_/Q -> _168220_/D : -7.899271
[setup reg-reg] _166660_/Q -> _168221_/D : -7.899271
[setup reg-reg] _166660_/Q -> _168225_/D : -7.899271
[setup reg-reg] _166660_/Q -> _168226_/D : -7.899271
[setup reg-reg] _166660_/Q -> _168222_/D : -7.889551
[setup reg-reg] _166660_/Q -> _168223_/D : -7.889551
[setup reg-reg] _166660_/Q -> _168227_/D : -7.801560
[setup reg-reg] _166660_/Q -> _168228_/D : -7.684669
[setup reg-reg] _166660_/Q -> _168243_/D : -7.596168
[setup reg-reg] _166660_/Q -> _168236_/D : -7.519358
[setup reg-reg] _166660_/Q -> _168237_/D : -7.519358
[setup reg-reg] _166660_/Q -> _168239_/D : -7.519358
[setup reg-reg] _166660_/Q -> _168241_/D : -7.519358
[setup reg-reg] _166660_/Q -> _168238_/D : -7.423431
[setup reg-reg] _166660_/Q -> _168240_/D : -7.423431
[setup reg-reg] _166660_/Q -> _168242_/D : -7.423431
[setup reg-reg] _166660_/Q -> _168247_/D : -7.288030
[setup reg-reg] _166660_/Q -> _168251_/D : -7.277624
[setup reg-reg] _166660_/Q -> _168246_/D : -7.277468
[setup reg-reg] _166660_/Q -> _168248_/D : -7.277468
[setup reg-reg] _166660_/Q -> _168249_/D : -7.277468
[setup reg-reg] _166660_/Q -> _168250_/D : -7.277468
[setup reg-reg] _166660_/Q -> _168252_/D : -7.277468
[setup reg-reg] _166660_/Q -> _168253_/D : -7.031020
[setup reg-reg] _166390_/Q -> _162583_/D : -5.666379
[setup reg-reg] _166390_/Q -> _162577_/D : -5.666173
[setup reg-reg] _166390_/Q -> _162581_/D : -5.666142
[setup reg-reg] _166390_/Q -> _162591_/D : -5.666138
[setup reg-reg] _166390_/Q -> _162582_/D : -5.666131
[setup reg-reg] _166390_/Q -> _162590_/D : -5.666117
[setup reg-reg] _166390_/Q -> _162592_/D : -5.666113
[setup reg-reg] _166390_/Q -> _162578_/D : -5.666106
[setup reg-reg] _166390_/Q -> _162607_/D : -5.666102
[setup reg-reg] _166390_/Q -> _162579_/D : -5.666088
[setup reg-reg] _166390_/Q -> _162602_/D : -5.666092
[setup reg-reg] _166390_/Q -> _162594_/D : -5.666085
[setup reg-reg] _166390_/Q -> _162593_/D : -5.666074
[setup reg-reg] _166390_/Q -> _162598_/D : -5.666063
[setup reg-reg] _166390_/Q -> _162601_/D : -5.666063
[setup reg-reg] _166390_/Q -> _162604_/D : -5.666046
[setup reg-reg] _166390_/Q -> _162600_/D : -5.666035
[setup reg-reg] _166390_/Q -> _162603_/D : -5.666031
[setup reg-reg] _166390_/Q -> _162584_/D : -5.666021
[setup reg-reg] _166390_/Q -> _162580_/D : -5.665999
[setup reg-reg] _166390_/Q -> _162588_/D : -5.665996
[setup reg-reg] _166390_/Q -> _162585_/D : -5.665982
[setup reg-reg] _166390_/Q -> _162595_/D : -5.665982
[setup reg-reg] _166390_/Q -> _162596_/D : -5.665971
[setup reg-reg] _166390_/Q -> _162597_/D : -5.665967
[setup reg-reg] _166390_/Q -> _162605_/D : -5.665971
[setup reg-reg] _166390_/Q -> _162608_/D : -5.665964
[setup reg-reg] _166390_/Q -> _162599_/D : -5.665957
[setup reg-reg] _166390_/Q -> _162589_/D : -5.665943
[setup reg-reg] _166390_/Q -> _162606_/D : -5.665914
[setup reg-reg] _166390_/Q -> _162586_/D : -5.665896
[setup reg-reg] _166390_/Q -> _162587_/D : -5.665889
[setup reg-reg] _166390_/Q -> _162871_/D : -5.658485
[setup reg-reg] _166390_/Q -> _162865_/D : -5.658279
[setup reg-reg] _166390_/Q -> _162869_/D : -5.658247
[setup reg-reg] _166390_/Q -> _162879_/D : -5.658244
[setup reg-reg] _166390_/Q -> _162870_/D : -5.658237
[setup reg-reg] _166390_/Q -> _162878_/D : -5.658223
[setup reg-reg] _166390_/Q -> _162880_/D : -5.658219
[setup reg-reg] _166390_/Q -> _162866_/D : -5.658212
[setup reg-reg] _166390_/Q -> _162895_/D : -5.658208
[setup reg-reg] _166390_/Q -> _162867_/D : -5.658194
[setup reg-reg] _166390_/Q -> _162890_/D : -5.658197
[setup reg-reg] _166390_/Q -> _162882_/D : -5.658191
[setup reg-reg] _166390_/Q -> _162881_/D : -5.658180
[setup reg-reg] _166390_/Q -> _162886_/D : -5.658169
[setup reg-reg] _166390_/Q -> _162889_/D : -5.658169
[setup reg-reg] _166390_/Q -> _162892_/D : -5.658152
[setup reg-reg] _166390_/Q -> _162888_/D : -5.658141
[setup reg-reg] _166390_/Q -> _162891_/D : -5.658137
[setup reg-reg] _166390_/Q -> _162872_/D : -5.658126
[setup reg-reg] _166390_/Q -> _162868_/D : -5.658105
[setup reg-reg] _166390_/Q -> _162876_/D : -5.658102
[setup reg-reg] _166390_/Q -> _162873_/D : -5.658088
[setup reg-reg] _166390_/Q -> _162883_/D : -5.658088
[setup reg-reg] _166390_/Q -> _162884_/D : -5.658077
[setup reg-reg] _166390_/Q -> _162885_/D : -5.658073
[setup reg-reg] _166390_/Q -> _162893_/D : -5.658077
[setup reg-reg] _166390_/Q -> _162896_/D : -5.658070
[setup reg-reg] _166390_/Q -> _162887_/D : -5.658062
[setup reg-reg] _166390_/Q -> _162877_/D : -5.658049
[setup reg-reg] _166390_/Q -> _162894_/D : -5.658020
[setup reg-reg] _166390_/Q -> _162874_/D : -5.658002
[setup reg-reg] _166390_/Q -> _162875_/D : -5.657995
[setup reg-reg] _166390_/Q -> _164279_/D : -5.637169
[setup reg-reg] _166390_/Q -> _164273_/D : -5.636963
[setup reg-reg] _166390_/Q -> _164277_/D : -5.636931
[setup reg-reg] _166390_/Q -> _164287_/D : -5.636928
[setup reg-reg] _166390_/Q -> _164278_/D : -5.636920
[setup reg-reg] _166390_/Q -> _164286_/D : -5.636906
[setup reg-reg] _166390_/Q -> _164288_/D : -5.636903
[setup reg-reg] _166390_/Q -> _164274_/D : -5.636896
[setup reg-reg] _166390_/Q -> _164303_/D : -5.636892
[setup reg-reg] _166390_/Q -> _164275_/D : -5.636878
[setup reg-reg] _166390_/Q -> _164298_/D : -5.636881
[setup reg-reg] _166390_/Q -> _164290_/D : -5.636874
[setup reg-reg] _166390_/Q -> _164289_/D : -5.636864
[setup reg-reg] _166390_/Q -> _164294_/D : -5.636853
[setup reg-reg] _166390_/Q -> _164297_/D : -5.636853
[setup reg-reg] _166390_/Q -> _164300_/D : -5.636835
[setup reg-reg] _166390_/Q -> _164296_/D : -5.636825
[setup reg-reg] _166390_/Q -> _164284_/D : -5.636786
[setup reg-reg] _166390_/Q -> _164281_/D : -5.636771
[setup reg-reg] _166390_/Q -> _164291_/D : -5.636771
[setup reg-reg] _166390_/Q -> _164292_/D : -5.636761
[setup reg-reg] _166390_/Q -> _164293_/D : -5.636757
[setup reg-reg] _166390_/Q -> _164301_/D : -5.636761
[setup reg-reg] _166390_/Q -> _164295_/D : -5.636746
[setup reg-reg] _166390_/Q -> _164285_/D : -5.636732
[setup reg-reg] _166390_/Q -> _164302_/D : -5.636703
[setup reg-reg] _166390_/Q -> _164282_/D : -5.636686
[setup reg-reg] _166390_/Q -> _162423_/D : -5.634121
[setup reg-reg] _166390_/Q -> _162421_/D : -5.633883
[setup reg-reg] _166390_/Q -> _162431_/D : -5.633879
[setup reg-reg] _166390_/Q -> _162422_/D : -5.633872
[setup reg-reg] _166390_/Q -> _162430_/D : -5.633858
[setup reg-reg] _166390_/Q -> _162432_/D : -5.633854
[setup reg-reg] _166390_/Q -> _162418_/D : -5.633847
[setup reg-reg] _166390_/Q -> _162447_/D : -5.633844
[setup reg-reg] _166390_/Q -> _162419_/D : -5.633830
[setup reg-reg] _166390_/Q -> _162434_/D : -5.633826
[setup reg-reg] _166390_/Q -> _162433_/D : -5.633815
[setup reg-reg] _166390_/Q -> _162438_/D : -5.633805
[setup reg-reg] _166390_/Q -> _162441_/D : -5.633805
[setup reg-reg] _166390_/Q -> _162444_/D : -5.633787
[setup reg-reg] _166390_/Q -> _162440_/D : -5.633776
[setup reg-reg] _166390_/Q -> _162443_/D : -5.633773
[setup reg-reg] _166390_/Q -> _162424_/D : -5.633762
[setup reg-reg] _166390_/Q -> _162420_/D : -5.633741
[setup reg-reg] _166390_/Q -> _162428_/D : -5.633737
[setup reg-reg] _166390_/Q -> _162425_/D : -5.633723
[setup reg-reg] _166390_/Q -> _162435_/D : -5.633723
[setup reg-reg] _166390_/Q -> _162445_/D : -5.633712
[setup reg-reg] _166390_/Q -> _162448_/D : -5.633705
[setup reg-reg] _166390_/Q -> _162439_/D : -5.633698
[setup reg-reg] _166390_/Q -> _162429_/D : -5.633684
[setup reg-reg] _166390_/Q -> _162446_/D : -5.633656
[setup reg-reg] _166390_/Q -> _162426_/D : -5.633638
[setup reg-reg] _166390_/Q -> _162427_/D : -5.633631
[setup reg-reg] _166390_/Q -> _162295_/D : -5.627967
[setup reg-reg] _166390_/Q -> _162289_/D : -5.627761
[setup reg-reg] _166390_/Q -> _162293_/D : -5.627729
[setup reg-reg] _166390_/Q -> _162294_/D : -5.627719
[setup reg-reg] _166390_/Q -> _162302_/D : -5.627705
[setup reg-reg] _166390_/Q -> _162304_/D : -5.627701
[setup reg-reg] _166390_/Q -> _162290_/D : -5.627694
[setup reg-reg] _166390_/Q -> _162319_/D : -5.627690
[setup reg-reg] _166390_/Q -> _162291_/D : -5.627676
[setup reg-reg] _166390_/Q -> _162314_/D : -5.627680
[setup reg-reg] _166390_/Q -> _162306_/D : -5.627673
[setup reg-reg] _166390_/Q -> _162305_/D : -5.627662
[setup reg-reg] _166390_/Q -> _163991_/D : -5.627662
[setup reg-reg] _166390_/Q -> _162310_/D : -5.627651
[setup reg-reg] _166390_/Q -> _162315_/D : -5.627619
[setup reg-reg] _166390_/Q -> _162292_/D : -5.627587
[setup reg-reg] _166390_/Q -> _162300_/D : -5.627584
[setup reg-reg] _166390_/Q -> _162297_/D : -5.627570
[setup reg-reg] _166390_/Q -> _162307_/D : -5.627570
[setup reg-reg] _166390_/Q -> _162308_/D : -5.627559
[setup reg-reg] _166390_/Q -> _162309_/D : -5.627555
[setup reg-reg] _166390_/Q -> _162317_/D : -5.627559
[setup reg-reg] _166390_/Q -> _162320_/D : -5.627552
[setup reg-reg] _166390_/Q -> _162311_/D : -5.627545
[setup reg-reg] _166390_/Q -> _162301_/D : -5.627531
[setup reg-reg] _166390_/Q -> _162318_/D : -5.627502
[setup reg-reg] _166390_/Q -> _162298_/D : -5.627484
[setup reg-reg] _166390_/Q -> _162299_/D : -5.627477
[setup reg-reg] _166390_/Q -> _163985_/D : -5.627456
[setup reg-reg] _166390_/Q -> _163999_/D : -5.627420
[setup reg-reg] _166390_/Q -> _163990_/D : -5.627413
[setup reg-reg] _166390_/Q -> _163998_/D : -5.627399
[setup reg-reg] _166390_/Q -> _164000_/D : -5.627396
[setup reg-reg] _166390_/Q -> _163986_/D : -5.627388
[setup reg-reg] _166390_/Q -> _163987_/D : -5.627371
[setup reg-reg] _166390_/Q -> _164010_/D : -5.627374
[setup reg-reg] _166390_/Q -> _164002_/D : -5.627367
[setup reg-reg] _166390_/Q -> _164006_/D : -5.627346
[setup reg-reg] _166390_/Q -> _164009_/D : -5.627346
[setup reg-reg] _166390_/Q -> _164012_/D : -5.627328
[setup reg-reg] _166390_/Q -> _164008_/D : -5.627317
[setup reg-reg] _166390_/Q -> _163992_/D : -5.627303
[setup reg-reg] _166390_/Q -> _163988_/D : -5.627282
[setup reg-reg] _166390_/Q -> _163996_/D : -5.627278
[setup reg-reg] _166390_/Q -> _163993_/D : -5.627264
[setup reg-reg] _166390_/Q -> _164003_/D : -5.627264
[setup reg-reg] _166390_/Q -> _164004_/D : -5.627254
[setup reg-reg] _166390_/Q -> _164005_/D : -5.627250
[setup reg-reg] _166390_/Q -> _164013_/D : -5.627254
[setup reg-reg] _166390_/Q -> _164016_/D : -5.627246
[setup reg-reg] _166390_/Q -> _164007_/D : -5.627239
[setup reg-reg] _166390_/Q -> _163997_/D : -5.627225
[setup reg-reg] _166390_/Q -> _164014_/D : -5.627197
[setup reg-reg] _166390_/Q -> _163995_/D : -5.627172
[setup reg-reg] _166390_/Q -> _162903_/D : -5.594700
[setup reg-reg] _166390_/Q -> _162897_/D : -5.594494
[setup reg-reg] _166390_/Q -> _162901_/D : -5.594462
[setup reg-reg] _166390_/Q -> _162911_/D : -5.594459
[setup reg-reg] _166390_/Q -> _162902_/D : -5.594451
[setup reg-reg] _166390_/Q -> _162910_/D : -5.594437
[setup reg-reg] _166390_/Q -> _162912_/D : -5.594433
[setup reg-reg] _166390_/Q -> _162898_/D : -5.594427
[setup reg-reg] _166390_/Q -> _162927_/D : -5.594423
[setup reg-reg] _166390_/Q -> _162899_/D : -5.594409
[setup reg-reg] _166390_/Q -> _162922_/D : -5.594412
[setup reg-reg] _166390_/Q -> _162914_/D : -5.594405
[setup reg-reg] _166390_/Q -> _162913_/D : -5.594394
[setup reg-reg] _166390_/Q -> _162918_/D : -5.594384
[setup reg-reg] _166390_/Q -> _162921_/D : -5.594384
[setup reg-reg] _166390_/Q -> _162924_/D : -5.594366
[setup reg-reg] _166390_/Q -> _162920_/D : -5.594356
[setup reg-reg] _166390_/Q -> _162923_/D : -5.594352
[setup reg-reg] _166390_/Q -> _162904_/D : -5.594341
[setup reg-reg] _166390_/Q -> _162900_/D : -5.594320
[setup reg-reg] _166390_/Q -> _162908_/D : -5.594316
[setup reg-reg] _166390_/Q -> _162905_/D : -5.594302
[setup reg-reg] _166390_/Q -> _162915_/D : -5.594302
[setup reg-reg] _166390_/Q -> _162916_/D : -5.594291
[setup reg-reg] _166390_/Q -> _162917_/D : -5.594288
[setup reg-reg] _166390_/Q -> _162925_/D : -5.594291
[setup reg-reg] _166390_/Q -> _162928_/D : -5.594285
[setup reg-reg] _166390_/Q -> _162919_/D : -5.594277
[setup reg-reg] _166390_/Q -> _162909_/D : -5.594263
[setup reg-reg] _166390_/Q -> _162926_/D : -5.594234
[setup reg-reg] _166390_/Q -> _162906_/D : -5.594217
[setup reg-reg] _166390_/Q -> _162907_/D : -5.594210
[setup reg-reg] _166390_/Q -> _162327_/D : -5.581839
[setup reg-reg] _166390_/Q -> _162321_/D : -5.581633
[setup reg-reg] _166390_/Q -> _162325_/D : -5.581601
[setup reg-reg] _166390_/Q -> _162335_/D : -5.581597
[setup reg-reg] _166390_/Q -> _162326_/D : -5.581591
[setup reg-reg] _166390_/Q -> _162334_/D : -5.581576
[setup reg-reg] _166390_/Q -> _162336_/D : -5.581573
[setup reg-reg] _166390_/Q -> _162322_/D : -5.581565
[setup reg-reg] _166390_/Q -> _162351_/D : -5.581562
[setup reg-reg] _166390_/Q -> _162323_/D : -5.581548
[setup reg-reg] _166390_/Q -> _162346_/D : -5.581552
[setup reg-reg] _166390_/Q -> _162338_/D : -5.581544
[setup reg-reg] _166390_/Q -> _162345_/D : -5.581523
[setup reg-reg] _166390_/Q -> _162348_/D : -5.581505
[setup reg-reg] _166390_/Q -> _162344_/D : -5.581494
[setup reg-reg] _166390_/Q -> _162347_/D : -5.581491
[setup reg-reg] _166390_/Q -> _162328_/D : -5.581481
[setup reg-reg] _166390_/Q -> _162324_/D : -5.581459
[setup reg-reg] _166390_/Q -> _162332_/D : -5.581455
[setup reg-reg] _166390_/Q -> _162329_/D : -5.581441
[setup reg-reg] _166390_/Q -> _162339_/D : -5.581441
[setup reg-reg] _166390_/Q -> _162340_/D : -5.581430
[setup reg-reg] _166390_/Q -> _162341_/D : -5.581427
[setup reg-reg] _166390_/Q -> _162349_/D : -5.581430
[setup reg-reg] _166390_/Q -> _162352_/D : -5.581423
[setup reg-reg] _166390_/Q -> _162343_/D : -5.581417
[setup reg-reg] _166390_/Q -> _162333_/D : -5.581402
[setup reg-reg] _166390_/Q -> _162350_/D : -5.581374
[setup reg-reg] _166390_/Q -> _162330_/D : -5.581356
[setup reg-reg] _166390_/Q -> _162331_/D : -5.581349
[setup reg-reg] _166390_/Q -> _161623_/D : -5.581221
[setup reg-reg] _166390_/Q -> _161617_/D : -5.581015
[setup reg-reg] _166390_/Q -> _161621_/D : -5.580983
[setup reg-reg] _166390_/Q -> _161622_/D : -5.580972
[setup reg-reg] _166390_/Q -> _161630_/D : -5.580958
[setup reg-reg] _166390_/Q -> _161618_/D : -5.580947
[setup reg-reg] _166390_/Q -> _161619_/D : -5.580930
[setup reg-reg] _166390_/Q -> _161634_/D : -5.580926
[setup reg-reg] _166390_/Q -> _161633_/D : -5.580915
[setup reg-reg] _166390_/Q -> _161640_/D : -5.580876
[setup reg-reg] _166390_/Q -> _161620_/D : -5.580841
[setup reg-reg] _166390_/Q -> _161635_/D : -5.580823
[setup reg-reg] _166390_/Q -> _161636_/D : -5.580812
[setup reg-reg] _166390_/Q -> _161645_/D : -5.580812
[setup reg-reg] _166390_/Q -> _161648_/D : -5.580805
[setup reg-reg] _166390_/Q -> _161639_/D : -5.580798
[setup reg-reg] _166390_/Q -> _161629_/D : -5.580784
[setup reg-reg] _166390_/Q -> _161646_/D : -5.580756
[setup reg-reg] _166390_/Q -> _161626_/D : -5.580738
[setup reg-reg] _166390_/Q -> _161047_/D : -5.580646
[setup reg-reg] _166390_/Q -> _161041_/D : -5.580440
[setup reg-reg] _166390_/Q -> _161055_/D : -5.580404
[setup reg-reg] _166390_/Q -> _161046_/D : -5.580397
[setup reg-reg] _166390_/Q -> _161054_/D : -5.580382
[setup reg-reg] _166390_/Q -> _161056_/D : -5.580379
[setup reg-reg] _166390_/Q -> _161042_/D : -5.580372
[setup reg-reg] _166390_/Q -> _161071_/D : -5.580369
[setup reg-reg] _166390_/Q -> _161066_/D : -5.580358
[setup reg-reg] _166390_/Q -> _161058_/D : -5.580350
[setup reg-reg] _166390_/Q -> _161057_/D : -5.580340
[setup reg-reg] _166390_/Q -> _161068_/D : -5.580311
[setup reg-reg] _166390_/Q -> _161067_/D : -5.580297
[setup reg-reg] _166390_/Q -> _161048_/D : -5.580287
[setup reg-reg] _166390_/Q -> _161044_/D : -5.580266
[setup reg-reg] _166390_/Q -> _161049_/D : -5.580247
[setup reg-reg] _166390_/Q -> _161061_/D : -5.580233
[setup reg-reg] _166390_/Q -> _161063_/D : -5.580223
[setup reg-reg] _166390_/Q -> _161053_/D : -5.580208
[setup reg-reg] _166390_/Q -> _161050_/D : -5.580162
[setup reg-reg] _166390_/Q -> _161051_/D : -5.580155
[setup reg-reg] _166390_/Q -> _162039_/D : -5.570598
[setup reg-reg] _166390_/Q -> _162033_/D : -5.570392
[setup reg-reg] _166390_/Q -> _162037_/D : -5.570360
[setup reg-reg] _166390_/Q -> _162047_/D : -5.570357
[setup reg-reg] _166390_/Q -> _162038_/D : -5.570350
[setup reg-reg] _166390_/Q -> _162046_/D : -5.570335
[setup reg-reg] _166390_/Q -> _162048_/D : -5.570332
[setup reg-reg] _166390_/Q -> _162034_/D : -5.570325
[setup reg-reg] _166390_/Q -> _162063_/D : -5.570321
[setup reg-reg] _166390_/Q -> _162035_/D : -5.570307
[setup reg-reg] _166390_/Q -> _162058_/D : -5.570311
[setup reg-reg] _166390_/Q -> _162050_/D : -5.570303
[setup reg-reg] _166390_/Q -> _162049_/D : -5.570293
[setup reg-reg] _166390_/Q -> _162054_/D : -5.570282
[setup reg-reg] _166390_/Q -> _162060_/D : -5.570264
[setup reg-reg] _166390_/Q -> _162056_/D : -5.570254
[setup reg-reg] _166390_/Q -> _162059_/D : -5.570250
[setup reg-reg] _166390_/Q -> _162036_/D : -5.570218
[setup reg-reg] _166390_/Q -> _162044_/D : -5.570215
[setup reg-reg] _166390_/Q -> _162041_/D : -5.570200
[setup reg-reg] _166390_/Q -> _162052_/D : -5.570190
[setup reg-reg] _166390_/Q -> _162053_/D : -5.570186
[setup reg-reg] _166390_/Q -> _162061_/D : -5.570190
[setup reg-reg] _166390_/Q -> _162064_/D : -5.570183
[setup reg-reg] _166390_/Q -> _162055_/D : -5.570176
[setup reg-reg] _166390_/Q -> _162062_/D : -5.570133
[setup reg-reg] _166390_/Q -> _162042_/D : -5.570115
[setup reg-reg] _166390_/Q -> _163735_/D : -5.560949
[setup reg-reg] _166390_/Q -> _163733_/D : -5.560711
[setup reg-reg] _166390_/Q -> _163743_/D : -5.560708
[setup reg-reg] _166390_/Q -> _163734_/D : -5.560700
[setup reg-reg] _166390_/Q -> _163742_/D : -5.560686
[setup reg-reg] _166390_/Q -> _163744_/D : -5.560683
[setup reg-reg] _166390_/Q -> _163759_/D : -5.560672
[setup reg-reg] _166390_/Q -> _163731_/D : -5.560658
[setup reg-reg] _166390_/Q -> _163754_/D : -5.560661
[setup reg-reg] _166390_/Q -> _163745_/D : -5.560644
[setup reg-reg] _166390_/Q -> _163750_/D : -5.560633
[setup reg-reg] _166390_/Q -> _163753_/D : -5.560633
[setup reg-reg] _166390_/Q -> _163756_/D : -5.560615
[setup reg-reg] _166390_/Q -> _163755_/D : -5.560601
[setup reg-reg] _166390_/Q -> _163736_/D : -5.560590
[setup reg-reg] _166390_/Q -> _163732_/D : -5.560569
[setup reg-reg] _166390_/Q -> _163740_/D : -5.560565
[setup reg-reg] _166390_/Q -> _163737_/D : -5.560551
[setup reg-reg] _166390_/Q -> _163747_/D : -5.560551
[setup reg-reg] _166390_/Q -> _163748_/D : -5.560541
[setup reg-reg] _166390_/Q -> _163749_/D : -5.560537
[setup reg-reg] _166390_/Q -> _163760_/D : -5.560534
[setup reg-reg] _166390_/Q -> _163741_/D : -5.560512
[setup reg-reg] _166390_/Q -> _163758_/D : -5.560484
[setup reg-reg] _166390_/Q -> _163738_/D : -5.560466
[setup reg-reg] _166390_/Q -> _163739_/D : -5.560459
[setup reg-reg] _166390_/Q -> _161655_/D : -5.553247
[setup reg-reg] _166390_/Q -> _161649_/D : -5.553041
[setup reg-reg] _166390_/Q -> _161653_/D : -5.553009
[setup reg-reg] _166390_/Q -> _161663_/D : -5.553005
[setup reg-reg] _166390_/Q -> _161662_/D : -5.552984
[setup reg-reg] _166390_/Q -> _161664_/D : -5.552980
[setup reg-reg] _166390_/Q -> _161650_/D : -5.552973
[setup reg-reg] _166390_/Q -> _161679_/D : -5.552970
[setup reg-reg] _166390_/Q -> _161651_/D : -5.552956
[setup reg-reg] _166390_/Q -> _161674_/D : -5.552959
[setup reg-reg] _166390_/Q -> _161665_/D : -5.552941
[setup reg-reg] _166390_/Q -> _161670_/D : -5.552931
[setup reg-reg] _166390_/Q -> _161673_/D : -5.552931
[setup reg-reg] _166390_/Q -> _161672_/D : -5.552902
[setup reg-reg] _166390_/Q -> _161675_/D : -5.552899
[setup reg-reg] _166390_/Q -> _161656_/D : -5.552888
[setup reg-reg] _166390_/Q -> _161660_/D : -5.552863
[setup reg-reg] _166390_/Q -> _161668_/D : -5.552838
[setup reg-reg] _166390_/Q -> _161669_/D : -5.552835
[setup reg-reg] _166390_/Q -> _161677_/D : -5.552838
[setup reg-reg] _166390_/Q -> _161680_/D : -5.552831
[setup reg-reg] _166390_/Q -> _161671_/D : -5.552824
[setup reg-reg] _166390_/Q -> _161661_/D : -5.552810
[setup reg-reg] _166390_/Q -> _161678_/D : -5.552782
[setup reg-reg] _166390_/Q -> _161659_/D : -5.552757
[setup reg-reg] _166390_/Q -> _161527_/D : -5.548110
[setup reg-reg] _166390_/Q -> _161521_/D : -5.547904
[setup reg-reg] _166390_/Q -> _161525_/D : -5.547872
[setup reg-reg] _166390_/Q -> _161535_/D : -5.547868
[setup reg-reg] _166390_/Q -> _161536_/D : -5.547843
[setup reg-reg] _166390_/Q -> _161522_/D : -5.547836
[setup reg-reg] _166390_/Q -> _161551_/D : -5.547832
[setup reg-reg] _166390_/Q -> _161546_/D : -5.547822
[setup reg-reg] _166390_/Q -> _161538_/D : -5.547815
[setup reg-reg] _166390_/Q -> _161537_/D : -5.547804
[setup reg-reg] _166390_/Q -> _161542_/D : -5.547793
[setup reg-reg] _166390_/Q -> _161548_/D : -5.547776
[setup reg-reg] _166390_/Q -> _161544_/D : -5.547765
[setup reg-reg] _166390_/Q -> _161547_/D : -5.547761
[setup reg-reg] _166390_/Q -> _161528_/D : -5.547751
[setup reg-reg] _166390_/Q -> _161524_/D : -5.547729
[setup reg-reg] _166390_/Q -> _161532_/D : -5.547726
[setup reg-reg] _166390_/Q -> _161529_/D : -5.547712
[setup reg-reg] _166390_/Q -> _161541_/D : -5.547698
[setup reg-reg] _166390_/Q -> _161549_/D : -5.547701
[setup reg-reg] _166390_/Q -> _161552_/D : -5.547694
[setup reg-reg] _166390_/Q -> _161543_/D : -5.547687
[setup reg-reg] _166390_/Q -> _161533_/D : -5.547673
[setup reg-reg] _166390_/Q -> _161530_/D : -5.547626
[setup reg-reg] _166390_/Q -> _161531_/D : -5.547619
[setup reg-reg] _166390_/Q -> _164823_/D : -5.543015
[setup reg-reg] _166390_/Q -> _164817_/D : -5.542809
[setup reg-reg] _166390_/Q -> _164822_/D : -5.542767
[setup reg-reg] _166390_/Q -> _164818_/D : -5.542741
[setup reg-reg] _166390_/Q -> _164847_/D : -5.542738
[setup reg-reg] _166390_/Q -> _164819_/D : -5.542724
[setup reg-reg] _166390_/Q -> _164842_/D : -5.542727
[setup reg-reg] _166390_/Q -> _164833_/D : -5.542709
[setup reg-reg] _166390_/Q -> _164841_/D : -5.542699
[setup reg-reg] _166390_/Q -> _164840_/D : -5.542670
[setup reg-reg] _166390_/Q -> _164843_/D : -5.542667
[setup reg-reg] _166390_/Q -> _164824_/D : -5.542656
[setup reg-reg] _166390_/Q -> _164820_/D : -5.542635
[setup reg-reg] _166390_/Q -> _164825_/D : -5.542617
[setup reg-reg] _166390_/Q -> _164829_/D : -5.542578
[setup reg-reg] _166390_/Q -> _162775_/D : -5.530097
[setup reg-reg] _166390_/Q -> _162773_/D : -5.529860
[setup reg-reg] _166390_/Q -> _162783_/D : -5.529856
[setup reg-reg] _166390_/Q -> _162774_/D : -5.529849
[setup reg-reg] _166390_/Q -> _162784_/D : -5.529831
[setup reg-reg] _166390_/Q -> _162770_/D : -5.529824
[setup reg-reg] _166390_/Q -> _162794_/D : -5.529809
[setup reg-reg] _166390_/Q -> _162790_/D : -5.529781
[setup reg-reg] _166390_/Q -> _162796_/D : -5.529764
[setup reg-reg] _166390_/Q -> _162792_/D : -5.529753
[setup reg-reg] _166390_/Q -> _162776_/D : -5.529738
[setup reg-reg] _166390_/Q -> _162780_/D : -5.529714
[setup reg-reg] _166390_/Q -> _162777_/D : -5.529699
[setup reg-reg] _166390_/Q -> _162788_/D : -5.529689
[setup reg-reg] _166390_/Q -> _162800_/D : -5.529682
[setup reg-reg] _166390_/Q -> _162791_/D : -5.529675
[setup reg-reg] _166390_/Q -> _162781_/D : -5.529660
[setup reg-reg] _166390_/Q -> _162798_/D : -5.529632
[setup reg-reg] _166390_/Q -> _162778_/D : -5.529614
[setup reg-reg] _166390_/Q -> _162779_/D : -5.529607
[setup reg-reg] _166390_/Q -> _161367_/D : -5.529074
[setup reg-reg] _166390_/Q -> _161361_/D : -5.528868
[setup reg-reg] _166390_/Q -> _161365_/D : -5.528836
[setup reg-reg] _166390_/Q -> _161375_/D : -5.528832
[setup reg-reg] _166390_/Q -> _161362_/D : -5.528800
[setup reg-reg] _166390_/Q -> _161391_/D : -5.528797
[setup reg-reg] _166390_/Q -> _161363_/D : -5.528783
[setup reg-reg] _166390_/Q -> _161386_/D : -5.528787
[setup reg-reg] _166390_/Q -> _161378_/D : -5.528780
[setup reg-reg] _166390_/Q -> _161377_/D : -5.528769
[setup reg-reg] _166390_/Q -> _161385_/D : -5.528758
[setup reg-reg] _166390_/Q -> _161388_/D : -5.528740
[setup reg-reg] _166390_/Q -> _161384_/D : -5.528729
[setup reg-reg] _166390_/Q -> _161387_/D : -5.528726
[setup reg-reg] _166390_/Q -> _161372_/D : -5.528690
[setup reg-reg] _166390_/Q -> _161379_/D : -5.528677
[setup reg-reg] _166390_/Q -> _161380_/D : -5.528666
[setup reg-reg] _166390_/Q -> _161389_/D : -5.528666
[setup reg-reg] _166390_/Q -> _161383_/D : -5.528651
[setup reg-reg] _166390_/Q -> _161370_/D : -5.528591
[setup reg-reg] _166390_/Q -> _163153_/D : -5.519055
[setup reg-reg] _166390_/Q -> _163158_/D : -5.519013
[setup reg-reg] _166390_/Q -> _163183_/D : -5.518984
[setup reg-reg] _166390_/Q -> _163180_/D : -5.518928
[setup reg-reg] _166390_/Q -> _163164_/D : -5.518878
[setup reg-reg] _166390_/Q -> _163172_/D : -5.518853
[setup reg-reg] _166390_/Q -> _163182_/D : -5.518796
[setup reg-reg] _166390_/Q -> _164853_/D : -5.512657
[setup reg-reg] _166390_/Q -> _164863_/D : -5.512654
[setup reg-reg] _166390_/Q -> _164854_/D : -5.512647
[setup reg-reg] _166390_/Q -> _164862_/D : -5.512632
[setup reg-reg] _166390_/Q -> _164864_/D : -5.512629
[setup reg-reg] _166390_/Q -> _164874_/D : -5.512608
[setup reg-reg] _166390_/Q -> _164865_/D : -5.512589
[setup reg-reg] _166390_/Q -> _164873_/D : -5.512579
[setup reg-reg] _166390_/Q -> _164872_/D : -5.512550
[setup reg-reg] _166390_/Q -> _164875_/D : -5.512547
[setup reg-reg] _166390_/Q -> _164856_/D : -5.512537
[setup reg-reg] _166390_/Q -> _164857_/D : -5.512497
[setup reg-reg] _166390_/Q -> _164867_/D : -5.512497
[setup reg-reg] _166390_/Q -> _164868_/D : -5.512486
[setup reg-reg] _166390_/Q -> _164869_/D : -5.512483
[setup reg-reg] _166390_/Q -> _164877_/D : -5.512486
[setup reg-reg] _166390_/Q -> _164880_/D : -5.512479
[setup reg-reg] _166390_/Q -> _164871_/D : -5.512473
[setup reg-reg] _166390_/Q -> _164861_/D : -5.512458
[setup reg-reg] _166390_/Q -> _163697_/D : -5.499544
[setup reg-reg] _166390_/Q -> _163727_/D : -5.499473
[setup reg-reg] _166390_/Q -> _163722_/D : -5.499463
[setup reg-reg] _166390_/Q -> _163714_/D : -5.499455
[setup reg-reg] _166390_/Q -> _163718_/D : -5.499434
[setup reg-reg] _166390_/Q -> _163721_/D : -5.499434
[setup reg-reg] _166390_/Q -> _163720_/D : -5.499405
[setup reg-reg] _166390_/Q -> _163707_/D : -5.499260
[setup reg-reg] _166390_/Q -> _161175_/D : -5.498585
[setup reg-reg] _166390_/Q -> _161173_/D : -5.498347
[setup reg-reg] _166390_/Q -> _161185_/D : -5.498279
[setup reg-reg] _166390_/Q -> _161190_/D : -5.498269
[setup reg-reg] _166390_/Q -> _161195_/D : -5.498237
[setup reg-reg] _166390_/Q -> _161177_/D : -5.498187
[setup reg-reg] _166390_/Q -> _161188_/D : -5.498176
[setup reg-reg] _166390_/Q -> _161073_/D : -5.493106
[setup reg-reg] _166390_/Q -> _161077_/D : -5.493074
[setup reg-reg] _166390_/Q -> _161078_/D : -5.493064
[setup reg-reg] _166390_/Q -> _161103_/D : -5.493035
[setup reg-reg] _166390_/Q -> _161098_/D : -5.493025
[setup reg-reg] _166390_/Q -> _161090_/D : -5.493018
[setup reg-reg] _166390_/Q -> _161089_/D : -5.493007
[setup reg-reg] _166390_/Q -> _161100_/D : -5.492979
[setup reg-reg] _166390_/Q -> _161099_/D : -5.492964
[setup reg-reg] _166390_/Q -> _161080_/D : -5.492954
[setup reg-reg] _166390_/Q -> _161076_/D : -5.492932
[setup reg-reg] _166390_/Q -> _161084_/D : -5.492929
[setup reg-reg] _166390_/Q -> _161091_/D : -5.492915
[setup reg-reg] _166390_/Q -> _161101_/D : -5.492904
[setup reg-reg] _166390_/Q -> _161082_/D : -5.492829
[setup reg-reg] _166390_/Q -> _163447_/D : -5.490655
[setup reg-reg] _166390_/Q -> _163441_/D : -5.490449
[setup reg-reg] _166390_/Q -> _163445_/D : -5.490417
[setup reg-reg] _166390_/Q -> _163442_/D : -5.490382
[setup reg-reg] _166390_/Q -> _163443_/D : -5.490364
[setup reg-reg] _166390_/Q -> _163458_/D : -5.490360
[setup reg-reg] _166390_/Q -> _163457_/D : -5.490350
[setup reg-reg] _166390_/Q -> _163465_/D : -5.490339
[setup reg-reg] _166390_/Q -> _163468_/D : -5.490321
[setup reg-reg] _166390_/Q -> _163464_/D : -5.490311
[setup reg-reg] _166390_/Q -> _163448_/D : -5.490296
[setup reg-reg] _166390_/Q -> _163452_/D : -5.490272
[setup reg-reg] _166390_/Q -> _163449_/D : -5.490257
[setup reg-reg] _166390_/Q -> _163472_/D : -5.490240
[setup reg-reg] _166390_/Q -> _163463_/D : -5.490232
[setup reg-reg] _166390_/Q -> _164567_/D : -5.482449
[setup reg-reg] _166390_/Q -> _164575_/D : -5.482207
[setup reg-reg] _166390_/Q -> _164577_/D : -5.482143
[setup reg-reg] _166390_/Q -> _164023_/D : -5.424724
[setup reg-reg] _166390_/Q -> _164017_/D : -5.424518
[setup reg-reg] _166390_/Q -> _164021_/D : -5.424486
[setup reg-reg] _166390_/Q -> _164022_/D : -5.424475
[setup reg-reg] _166390_/Q -> _164018_/D : -5.424450
[setup reg-reg] _166390_/Q -> _164019_/D : -5.424433
[setup reg-reg] _166390_/Q -> _164020_/D : -5.424344
[setup reg-reg] _166390_/Q -> _163189_/D : -5.414908
[setup reg-reg] _166390_/Q -> _162437_/D : -5.158803
[setup reg-reg] _166390_/Q -> _162296_/D : -5.136237
[setup reg-reg] _166390_/Q -> _162303_/D : -5.136237
[setup reg-reg] _166390_/Q -> _162312_/D : -5.136237
[setup reg-reg] _166390_/Q -> _162313_/D : -5.136237
[setup reg-reg] _166390_/Q -> _162316_/D : -5.136237
[setup reg-reg] _166390_/Q -> _163989_/D : -5.134275
[setup reg-reg] _166390_/Q -> _163994_/D : -5.134275
[setup reg-reg] _166390_/Q -> _164001_/D : -5.134275
[setup reg-reg] _166390_/Q -> _164011_/D : -5.134275
[setup reg-reg] _166390_/Q -> _164015_/D : -5.134275
[setup reg-reg] _166390_/Q -> _162337_/D : -5.101370
[setup reg-reg] _166390_/Q -> _164276_/D : -5.099487
[setup reg-reg] _166390_/Q -> _164280_/D : -5.099487
[setup reg-reg] _166390_/Q -> _164283_/D : -5.099487
[setup reg-reg] _166390_/Q -> _164299_/D : -5.099487
[setup reg-reg] _166390_/Q -> _164304_/D : -5.099487
[setup reg-reg] _166390_/Q -> _162417_/D : -5.095558
[setup reg-reg] _166390_/Q -> _162436_/D : -5.095558
[setup reg-reg] _166390_/Q -> _162442_/D : -5.095558
[setup reg-reg] _166390_/Q -> _161043_/D : -5.095135
[setup reg-reg] _166390_/Q -> _161052_/D : -5.095135
[setup reg-reg] _166390_/Q -> _161059_/D : -5.095135
[setup reg-reg] _166390_/Q -> _161064_/D : -5.095135
[setup reg-reg] _166390_/Q -> _161065_/D : -5.095135
[setup reg-reg] _166390_/Q -> _161072_/D : -5.095135
[setup reg-reg] _166390_/Q -> _162342_/D : -5.092147
[setup reg-reg] _166390_/Q -> _163729_/D : -5.084594
[setup reg-reg] _166390_/Q -> _163730_/D : -5.084594
[setup reg-reg] _166390_/Q -> _163746_/D : -5.084594
[setup reg-reg] _166390_/Q -> _163751_/D : -5.084594
[setup reg-reg] _166390_/Q -> _163752_/D : -5.084594
[setup reg-reg] _166390_/Q -> _163757_/D : -5.084594
[setup reg-reg] _166390_/Q -> _161523_/D : -5.063562
[setup reg-reg] _166390_/Q -> _161539_/D : -5.063562
[setup reg-reg] _166390_/Q -> _161540_/D : -5.063562
[setup reg-reg] _166390_/Q -> _161550_/D : -5.063562
[setup reg-reg] _166390_/Q -> _164821_/D : -5.058325
[setup reg-reg] _166390_/Q -> _164826_/D : -5.058325
[setup reg-reg] _166390_/Q -> _164827_/D : -5.058325
[setup reg-reg] _166390_/Q -> _164828_/D : -5.058325
[setup reg-reg] _166390_/Q -> _164830_/D : -5.058325
[setup reg-reg] _166390_/Q -> _164831_/D : -5.058325
[setup reg-reg] _166390_/Q -> _164832_/D : -5.058325
[setup reg-reg] _166390_/Q -> _164834_/D : -5.058325
[setup reg-reg] _166390_/Q -> _164835_/D : -5.058325
[setup reg-reg] _166390_/Q -> _164836_/D : -5.058325
[setup reg-reg] _166390_/Q -> _164837_/D : -5.058325
[setup reg-reg] _166390_/Q -> _164838_/D : -5.058325
[setup reg-reg] _166390_/Q -> _164839_/D : -5.058325
[setup reg-reg] _166390_/Q -> _164844_/D : -5.058325
[setup reg-reg] _166390_/Q -> _164845_/D : -5.058325
[setup reg-reg] _166390_/Q -> _164846_/D : -5.058325
[setup reg-reg] _166390_/Q -> _164848_/D : -5.058325
[setup reg-reg] _166390_/Q -> _161534_/D : -5.052797
[setup reg-reg] _166390_/Q -> _161545_/D : -5.052797
[setup reg-reg] _166390_/Q -> _161526_/D : -5.052549
[setup reg-reg] _166390_/Q -> _161045_/D : -5.038263
[setup reg-reg] _166390_/Q -> _161060_/D : -5.038263
[setup reg-reg] _166390_/Q -> _161062_/D : -5.038263
[setup reg-reg] _166390_/Q -> _161069_/D : -5.038263
[setup reg-reg] _166390_/Q -> _161070_/D : -5.038263
[setup reg-reg] _166390_/Q -> _161624_/D : -5.035009
[setup reg-reg] _166390_/Q -> _161625_/D : -5.035009
[setup reg-reg] _166390_/Q -> _161627_/D : -5.035009
[setup reg-reg] _166390_/Q -> _161628_/D : -5.035009
[setup reg-reg] _166390_/Q -> _161631_/D : -5.035009
[setup reg-reg] _166390_/Q -> _161632_/D : -5.035009
[setup reg-reg] _166390_/Q -> _161637_/D : -5.035009
[setup reg-reg] _166390_/Q -> _161638_/D : -5.035009
[setup reg-reg] _166390_/Q -> _161641_/D : -5.035009
[setup reg-reg] _166390_/Q -> _161642_/D : -5.035009
[setup reg-reg] _166390_/Q -> _161643_/D : -5.035009
[setup reg-reg] _166390_/Q -> _161644_/D : -5.035009
[setup reg-reg] _166390_/Q -> _161647_/D : -5.035009
[setup reg-reg] _166390_/Q -> _164849_/D : -5.031616
[setup reg-reg] _166390_/Q -> _164850_/D : -5.031616
[setup reg-reg] _166390_/Q -> _164851_/D : -5.031616
[setup reg-reg] _166390_/Q -> _164852_/D : -5.031616
[setup reg-reg] _166390_/Q -> _164855_/D : -5.031616
[setup reg-reg] _166390_/Q -> _164858_/D : -5.031616
[setup reg-reg] _166390_/Q -> _164859_/D : -5.031616
[setup reg-reg] _166390_/Q -> _164860_/D : -5.031616
[setup reg-reg] _166390_/Q -> _164866_/D : -5.031616
[setup reg-reg] _166390_/Q -> _164870_/D : -5.031616
[setup reg-reg] _166390_/Q -> _164876_/D : -5.031616
[setup reg-reg] _166390_/Q -> _164878_/D : -5.031616
[setup reg-reg] _166390_/Q -> _164879_/D : -5.031616
[setup reg-reg] _166390_/Q -> _162040_/D : -5.026934
[setup reg-reg] _166390_/Q -> _162043_/D : -5.026934
[setup reg-reg] _166390_/Q -> _162045_/D : -5.026934
[setup reg-reg] _166390_/Q -> _162051_/D : -5.026934
[setup reg-reg] _166390_/Q -> _162057_/D : -5.026934
[setup reg-reg] _166390_/Q -> _161658_/D : -5.010502
[setup reg-reg] _166390_/Q -> _161666_/D : -5.010502
[setup reg-reg] _166390_/Q -> _161676_/D : -5.010502
[setup reg-reg] _166390_/Q -> _161652_/D : -5.009860
[setup reg-reg] _166390_/Q -> _161654_/D : -5.009860
[setup reg-reg] _166390_/Q -> _161657_/D : -5.009860
[setup reg-reg] _166390_/Q -> _161667_/D : -5.009860
[setup reg-reg] _166390_/Q -> _163698_/D : -5.008058
[setup reg-reg] _166390_/Q -> _163699_/D : -5.008058
[setup reg-reg] _166390_/Q -> _163700_/D : -5.008058
[setup reg-reg] _166390_/Q -> _163701_/D : -5.008058
[setup reg-reg] _166390_/Q -> _163702_/D : -5.008058
[setup reg-reg] _166390_/Q -> _163703_/D : -5.008058
[setup reg-reg] _166390_/Q -> _163704_/D : -5.008058
[setup reg-reg] _166390_/Q -> _163705_/D : -5.008058
[setup reg-reg] _166390_/Q -> _163706_/D : -5.008058
[setup reg-reg] _166390_/Q -> _163708_/D : -5.008058
[setup reg-reg] _166390_/Q -> _163709_/D : -5.008058
[setup reg-reg] _166390_/Q -> _163710_/D : -5.008058
[setup reg-reg] _166390_/Q -> _163711_/D : -5.008058
[setup reg-reg] _166390_/Q -> _163712_/D : -5.008058
[setup reg-reg] _166390_/Q -> _163713_/D : -5.008058
[setup reg-reg] _166390_/Q -> _163715_/D : -5.008058
[setup reg-reg] _166390_/Q -> _163716_/D : -5.008058
[setup reg-reg] _166390_/Q -> _163717_/D : -5.008058
[setup reg-reg] _166390_/Q -> _163719_/D : -5.008058
[setup reg-reg] _166390_/Q -> _163723_/D : -5.008058
[setup reg-reg] _166390_/Q -> _163724_/D : -5.008058
[setup reg-reg] _166390_/Q -> _163725_/D : -5.008058
[setup reg-reg] _166390_/Q -> _163726_/D : -5.008058
[setup reg-reg] _166390_/Q -> _163728_/D : -5.008058
[setup reg-reg] _166390_/Q -> _161171_/D : -4.990796
[setup reg-reg] _166390_/Q -> _161180_/D : -4.990796
[setup reg-reg] _166390_/Q -> _161187_/D : -4.990796
[setup reg-reg] _166390_/Q -> _161192_/D : -4.990796
[setup reg-reg] _166390_/Q -> _161193_/D : -4.990796
[setup reg-reg] _166390_/Q -> _161197_/D : -4.990796
[setup reg-reg] _166390_/Q -> _161198_/D : -4.990796
[setup reg-reg] _166390_/Q -> _161200_/D : -4.990796
[setup reg-reg] _166390_/Q -> _161169_/D : -4.990547
[setup reg-reg] _166390_/Q -> _161170_/D : -4.990547
[setup reg-reg] _166390_/Q -> _161172_/D : -4.990547
[setup reg-reg] _166390_/Q -> _161174_/D : -4.990547
[setup reg-reg] _166390_/Q -> _161176_/D : -4.990547
[setup reg-reg] _166390_/Q -> _161178_/D : -4.990547
[setup reg-reg] _166390_/Q -> _161179_/D : -4.990547
[setup reg-reg] _166390_/Q -> _161181_/D : -4.990547
[setup reg-reg] _166390_/Q -> _161182_/D : -4.990547
[setup reg-reg] _166390_/Q -> _161183_/D : -4.990547
[setup reg-reg] _166390_/Q -> _161184_/D : -4.990547
[setup reg-reg] _166390_/Q -> _161186_/D : -4.990547
[setup reg-reg] _166390_/Q -> _161189_/D : -4.990547
[setup reg-reg] _166390_/Q -> _161191_/D : -4.990547
[setup reg-reg] _166390_/Q -> _161194_/D : -4.990547
[setup reg-reg] _166390_/Q -> _161196_/D : -4.990547
[setup reg-reg] _166390_/Q -> _161199_/D : -4.990547
[setup reg-reg] _166390_/Q -> _161364_/D : -4.988170
[setup reg-reg] _166390_/Q -> _161366_/D : -4.988170
[setup reg-reg] _166390_/Q -> _161368_/D : -4.988170
[setup reg-reg] _166390_/Q -> _162769_/D : -4.987999
[setup reg-reg] _166390_/Q -> _162771_/D : -4.987999
[setup reg-reg] _166390_/Q -> _162772_/D : -4.987999
[setup reg-reg] _166390_/Q -> _162782_/D : -4.987999
[setup reg-reg] _166390_/Q -> _162785_/D : -4.987999
[setup reg-reg] _166390_/Q -> _162786_/D : -4.987999
[setup reg-reg] _166390_/Q -> _162787_/D : -4.987999
[setup reg-reg] _166390_/Q -> _162789_/D : -4.987999
[setup reg-reg] _166390_/Q -> _162793_/D : -4.987999
[setup reg-reg] _166390_/Q -> _162795_/D : -4.987999
[setup reg-reg] _166390_/Q -> _162797_/D : -4.987999
[setup reg-reg] _166390_/Q -> _162799_/D : -4.987999
[setup reg-reg] _166390_/Q -> _161369_/D : -4.987321
[setup reg-reg] _166390_/Q -> _161371_/D : -4.987321
[setup reg-reg] _166390_/Q -> _161373_/D : -4.987321
[setup reg-reg] _166390_/Q -> _161374_/D : -4.987321
[setup reg-reg] _166390_/Q -> _161376_/D : -4.987321
[setup reg-reg] _166390_/Q -> _161381_/D : -4.987321
[setup reg-reg] _166390_/Q -> _161382_/D : -4.987321
[setup reg-reg] _166390_/Q -> _161390_/D : -4.987321
[setup reg-reg] _166390_/Q -> _161392_/D : -4.987321
[setup reg-reg] _166390_/Q -> _164561_/D : -4.973693
[setup reg-reg] _166390_/Q -> _164562_/D : -4.973693
[setup reg-reg] _166390_/Q -> _164563_/D : -4.973693
[setup reg-reg] _166390_/Q -> _164564_/D : -4.973693
[setup reg-reg] _166390_/Q -> _164565_/D : -4.973693
[setup reg-reg] _166390_/Q -> _164566_/D : -4.973693
[setup reg-reg] _166390_/Q -> _164568_/D : -4.973693
[setup reg-reg] _166390_/Q -> _164569_/D : -4.973693
[setup reg-reg] _166390_/Q -> _164570_/D : -4.973693
[setup reg-reg] _166390_/Q -> _164571_/D : -4.973693
[setup reg-reg] _166390_/Q -> _164572_/D : -4.973693
[setup reg-reg] _166390_/Q -> _164573_/D : -4.973693
[setup reg-reg] _166390_/Q -> _164574_/D : -4.973693
[setup reg-reg] _166390_/Q -> _164576_/D : -4.973693
[setup reg-reg] _166390_/Q -> _164578_/D : -4.973693
[setup reg-reg] _166390_/Q -> _164579_/D : -4.973693
[setup reg-reg] _166390_/Q -> _164580_/D : -4.973693
[setup reg-reg] _166390_/Q -> _164581_/D : -4.973693
[setup reg-reg] _166390_/Q -> _164582_/D : -4.973693
[setup reg-reg] _166390_/Q -> _164583_/D : -4.973693
[setup reg-reg] _166390_/Q -> _164584_/D : -4.973693
[setup reg-reg] _166390_/Q -> _164585_/D : -4.973693
[setup reg-reg] _166390_/Q -> _164586_/D : -4.973693
[setup reg-reg] _166390_/Q -> _164587_/D : -4.973693
[setup reg-reg] _166390_/Q -> _164588_/D : -4.973693
[setup reg-reg] _166390_/Q -> _164589_/D : -4.973693
[setup reg-reg] _166390_/Q -> _164590_/D : -4.973693
[setup reg-reg] _166390_/Q -> _164591_/D : -4.973693
[setup reg-reg] _166390_/Q -> _164592_/D : -4.973693
[setup reg-reg] _166390_/Q -> _163154_/D : -4.971558
[setup reg-reg] _166390_/Q -> _163155_/D : -4.971558
[setup reg-reg] _166390_/Q -> _163156_/D : -4.971558
[setup reg-reg] _166390_/Q -> _163157_/D : -4.971558
[setup reg-reg] _166390_/Q -> _163159_/D : -4.971558
[setup reg-reg] _166390_/Q -> _163160_/D : -4.971558
[setup reg-reg] _166390_/Q -> _163161_/D : -4.971558
[setup reg-reg] _166390_/Q -> _163162_/D : -4.971558
[setup reg-reg] _166390_/Q -> _163163_/D : -4.971558
[setup reg-reg] _166390_/Q -> _163165_/D : -4.971558
[setup reg-reg] _166390_/Q -> _163166_/D : -4.971558
[setup reg-reg] _166390_/Q -> _163167_/D : -4.971558
[setup reg-reg] _166390_/Q -> _163168_/D : -4.971558
[setup reg-reg] _166390_/Q -> _163169_/D : -4.971558
[setup reg-reg] _166390_/Q -> _163170_/D : -4.971558
[setup reg-reg] _166390_/Q -> _163171_/D : -4.971558
[setup reg-reg] _166390_/Q -> _163173_/D : -4.971558
[setup reg-reg] _166390_/Q -> _163174_/D : -4.971558
[setup reg-reg] _166390_/Q -> _163175_/D : -4.971558
[setup reg-reg] _166390_/Q -> _163176_/D : -4.971558
[setup reg-reg] _166390_/Q -> _163177_/D : -4.971558
[setup reg-reg] _166390_/Q -> _163178_/D : -4.971558
[setup reg-reg] _166390_/Q -> _163179_/D : -4.971558
[setup reg-reg] _166390_/Q -> _163181_/D : -4.971558
[setup reg-reg] _166390_/Q -> _163184_/D : -4.971558
[setup reg-reg] _166390_/Q -> _163444_/D : -4.950699
[setup reg-reg] _166390_/Q -> _163446_/D : -4.950699
[setup reg-reg] _166390_/Q -> _163450_/D : -4.950699
[setup reg-reg] _166390_/Q -> _163451_/D : -4.950699
[setup reg-reg] _166390_/Q -> _163453_/D : -4.950699
[setup reg-reg] _166390_/Q -> _163454_/D : -4.950699
[setup reg-reg] _166390_/Q -> _163455_/D : -4.950699
[setup reg-reg] _166390_/Q -> _163456_/D : -4.950699
[setup reg-reg] _166390_/Q -> _163459_/D : -4.950699
[setup reg-reg] _166390_/Q -> _163460_/D : -4.950699
[setup reg-reg] _166390_/Q -> _163461_/D : -4.950699
[setup reg-reg] _166390_/Q -> _163462_/D : -4.950699
[setup reg-reg] _166390_/Q -> _163466_/D : -4.950699
[setup reg-reg] _166390_/Q -> _163467_/D : -4.950699
[setup reg-reg] _166390_/Q -> _163469_/D : -4.950699
[setup reg-reg] _166390_/Q -> _163470_/D : -4.950699
[setup reg-reg] _166390_/Q -> _163471_/D : -4.950699
[setup reg-reg] _166390_/Q -> _161074_/D : -4.948586
[setup reg-reg] _166390_/Q -> _161075_/D : -4.948586
[setup reg-reg] _166390_/Q -> _161079_/D : -4.948586
[setup reg-reg] _166390_/Q -> _161081_/D : -4.948586
[setup reg-reg] _166390_/Q -> _161083_/D : -4.948586
[setup reg-reg] _166390_/Q -> _161085_/D : -4.948586
[setup reg-reg] _166390_/Q -> _161086_/D : -4.948586
[setup reg-reg] _166390_/Q -> _161087_/D : -4.948586
[setup reg-reg] _166390_/Q -> _161088_/D : -4.948586
[setup reg-reg] _166390_/Q -> _161092_/D : -4.948586
[setup reg-reg] _166390_/Q -> _161093_/D : -4.948586
[setup reg-reg] _166390_/Q -> _161094_/D : -4.948586
[setup reg-reg] _166390_/Q -> _161095_/D : -4.948586
[setup reg-reg] _166390_/Q -> _161096_/D : -4.948586
[setup reg-reg] _166390_/Q -> _161097_/D : -4.948586
[setup reg-reg] _166390_/Q -> _161102_/D : -4.948586
[setup reg-reg] _166390_/Q -> _161104_/D : -4.948586
[setup reg-reg] _166390_/Q -> _164024_/D : -4.924644
[setup reg-reg] _166390_/Q -> _164025_/D : -4.924644
[setup reg-reg] _166390_/Q -> _164027_/D : -4.924644
[setup reg-reg] _166390_/Q -> _164028_/D : -4.924644
[setup reg-reg] _166390_/Q -> _164030_/D : -4.924644
[setup reg-reg] _166390_/Q -> _164033_/D : -4.924644
[setup reg-reg] _166390_/Q -> _164034_/D : -4.924644
[setup reg-reg] _166390_/Q -> _164035_/D : -4.924644
[setup reg-reg] _166390_/Q -> _164036_/D : -4.924644
[setup reg-reg] _166390_/Q -> _164037_/D : -4.924644
[setup reg-reg] _166390_/Q -> _164038_/D : -4.924644
[setup reg-reg] _166390_/Q -> _164039_/D : -4.924644
[setup reg-reg] _166390_/Q -> _164040_/D : -4.924644
[setup reg-reg] _166390_/Q -> _164041_/D : -4.924644
[setup reg-reg] _166390_/Q -> _164042_/D : -4.924644
[setup reg-reg] _166390_/Q -> _164043_/D : -4.924644
[setup reg-reg] _166390_/Q -> _164044_/D : -4.924644
[setup reg-reg] _166390_/Q -> _164045_/D : -4.924644
[setup reg-reg] _166390_/Q -> _164048_/D : -4.924644
[setup reg-reg] _166390_/Q -> _161335_/D : -4.924132
[setup reg-reg] _166390_/Q -> _161337_/D : -4.924132
[setup reg-reg] _166390_/Q -> _161345_/D : -4.924132
[setup reg-reg] _166390_/Q -> _161355_/D : -4.924132
[setup reg-reg] _166390_/Q -> _163409_/D : -4.923315
[setup reg-reg] _166390_/Q -> _163410_/D : -4.923315
[setup reg-reg] _166390_/Q -> _163411_/D : -4.923315
[setup reg-reg] _166390_/Q -> _163412_/D : -4.923315
[setup reg-reg] _166390_/Q -> _163413_/D : -4.923315
[setup reg-reg] _166390_/Q -> _163414_/D : -4.923315
[setup reg-reg] _166390_/Q -> _163415_/D : -4.923315
[setup reg-reg] _166390_/Q -> _163416_/D : -4.923315
[setup reg-reg] _166390_/Q -> _163417_/D : -4.923315
[setup reg-reg] _166390_/Q -> _163418_/D : -4.923315
[setup reg-reg] _166390_/Q -> _163419_/D : -4.923315
[setup reg-reg] _166390_/Q -> _163420_/D : -4.923315
[setup reg-reg] _166390_/Q -> _163421_/D : -4.923315
[setup reg-reg] _166390_/Q -> _163422_/D : -4.923315
[setup reg-reg] _166390_/Q -> _163423_/D : -4.923315
[setup reg-reg] _166390_/Q -> _163424_/D : -4.923315
[setup reg-reg] _166390_/Q -> _163425_/D : -4.923315
[setup reg-reg] _166390_/Q -> _163426_/D : -4.923315
[setup reg-reg] _166390_/Q -> _163427_/D : -4.923315
[setup reg-reg] _166390_/Q -> _163428_/D : -4.923315
[setup reg-reg] _166390_/Q -> _163429_/D : -4.923315
[setup reg-reg] _166390_/Q -> _163430_/D : -4.923315
[setup reg-reg] _166390_/Q -> _163431_/D : -4.923315
[setup reg-reg] _166390_/Q -> _163432_/D : -4.923315
[setup reg-reg] _166390_/Q -> _163433_/D : -4.923315
[setup reg-reg] _166390_/Q -> _163434_/D : -4.923315
[setup reg-reg] _166390_/Q -> _163435_/D : -4.923315
[setup reg-reg] _166390_/Q -> _163436_/D : -4.923315
[setup reg-reg] _166390_/Q -> _163437_/D : -4.923315
[setup reg-reg] _166390_/Q -> _163438_/D : -4.923315
[setup reg-reg] _166390_/Q -> _163439_/D : -4.923315
[setup reg-reg] _166390_/Q -> _163440_/D : -4.923315
[setup reg-reg] _166390_/Q -> _161329_/D : -4.923283
[setup reg-reg] _166390_/Q -> _161330_/D : -4.923283
[setup reg-reg] _166390_/Q -> _161331_/D : -4.923283
[setup reg-reg] _166390_/Q -> _161332_/D : -4.923283
[setup reg-reg] _166390_/Q -> _161333_/D : -4.923283
[setup reg-reg] _166390_/Q -> _161334_/D : -4.923283
[setup reg-reg] _166390_/Q -> _161336_/D : -4.923283
[setup reg-reg] _166390_/Q -> _161338_/D : -4.923283
[setup reg-reg] _166390_/Q -> _161339_/D : -4.923283
[setup reg-reg] _166390_/Q -> _161340_/D : -4.923283
[setup reg-reg] _166390_/Q -> _161341_/D : -4.923283
[setup reg-reg] _166390_/Q -> _161342_/D : -4.923283
[setup reg-reg] _166390_/Q -> _161343_/D : -4.923283
[setup reg-reg] _166390_/Q -> _161344_/D : -4.923283
[setup reg-reg] _166390_/Q -> _161346_/D : -4.923283
[setup reg-reg] _166390_/Q -> _161347_/D : -4.923283
[setup reg-reg] _166390_/Q -> _161348_/D : -4.923283
[setup reg-reg] _166390_/Q -> _161349_/D : -4.923283
[setup reg-reg] _166390_/Q -> _161350_/D : -4.923283
[setup reg-reg] _166390_/Q -> _161351_/D : -4.923283
[setup reg-reg] _166390_/Q -> _161352_/D : -4.923283
[setup reg-reg] _166390_/Q -> _161353_/D : -4.923283
[setup reg-reg] _166390_/Q -> _161354_/D : -4.923283
[setup reg-reg] _166390_/Q -> _161356_/D : -4.923283
[setup reg-reg] _166390_/Q -> _161357_/D : -4.923283
[setup reg-reg] _166390_/Q -> _161358_/D : -4.923283
[setup reg-reg] _166390_/Q -> _161359_/D : -4.923283
[setup reg-reg] _166390_/Q -> _161360_/D : -4.923283
[setup reg-reg] _166390_/Q -> _164026_/D : -4.915229
[setup reg-reg] _166390_/Q -> _164029_/D : -4.915229
[setup reg-reg] _166390_/Q -> _164031_/D : -4.915229
[setup reg-reg] _166390_/Q -> _164032_/D : -4.915229
[setup reg-reg] _166390_/Q -> _164046_/D : -4.915229
[setup reg-reg] _166390_/Q -> _164047_/D : -4.915229
[setup reg-reg] _166390_/Q -> _163196_/D : -4.865527
[setup reg-reg] _166390_/Q -> _163210_/D : -4.865527
[setup reg-reg] _166390_/Q -> _163185_/D : -4.864745
[setup reg-reg] _166390_/Q -> _163186_/D : -4.864745
[setup reg-reg] _166390_/Q -> _163187_/D : -4.864745
[setup reg-reg] _166390_/Q -> _163188_/D : -4.864745
[setup reg-reg] _166390_/Q -> _163190_/D : -4.864745
[setup reg-reg] _166390_/Q -> _163191_/D : -4.864745
[setup reg-reg] _166390_/Q -> _163192_/D : -4.864745
[setup reg-reg] _166390_/Q -> _163193_/D : -4.864745
[setup reg-reg] _166390_/Q -> _163194_/D : -4.864745
[setup reg-reg] _166390_/Q -> _163195_/D : -4.864745
[setup reg-reg] _166390_/Q -> _163197_/D : -4.864745
[setup reg-reg] _166390_/Q -> _163198_/D : -4.864745
[setup reg-reg] _166390_/Q -> _163199_/D : -4.864745
[setup reg-reg] _166390_/Q -> _163200_/D : -4.864745
[setup reg-reg] _166390_/Q -> _163201_/D : -4.864745
[setup reg-reg] _166390_/Q -> _163202_/D : -4.864745
[setup reg-reg] _166390_/Q -> _163203_/D : -4.864745
[setup reg-reg] _166390_/Q -> _163204_/D : -4.864745
[setup reg-reg] _166390_/Q -> _163205_/D : -4.864745
[setup reg-reg] _166390_/Q -> _163206_/D : -4.864745
[setup reg-reg] _166390_/Q -> _163207_/D : -4.864745
[setup reg-reg] _166390_/Q -> _163208_/D : -4.864745
[setup reg-reg] _166390_/Q -> _163209_/D : -4.864745
[setup reg-reg] _166390_/Q -> _163211_/D : -4.864745
[setup reg-reg] _166390_/Q -> _163212_/D : -4.864745
[setup reg-reg] _166390_/Q -> _163213_/D : -4.864745
[setup reg-reg] _166390_/Q -> _163214_/D : -4.864745
[setup reg-reg] _166390_/Q -> _163215_/D : -4.864745
[setup reg-reg] _166390_/Q -> _163216_/D : -4.864745
