194. Printing statistics.

=== npu_project_macro ===

        +----------Local Count, excluding submodules.
        | 
    56345 wires
    65952 wire bits
      404 public wires
     9902 public wire bits
       15 ports
      231 port bits
    64991 cells
    17417   $_ANDNOT_
     1369   $_AND_
      464   $_DFFE_PN0N_
      614   $_DFFE_PN0P_
     6757   $_DFFE_PP_
      402   $_DFF_PN0_
       13   $_DFF_PN1_
    11798   $_MUX_
     2421   $_NAND_
     2010   $_NOR_
      968   $_NOT_
     1023   $_ORNOT_
     6072   $_OR_
     4108   $_XNOR_
     9555   $_XOR_

   Area for cell type $_ANDNOT_ is unknown!
   Area for cell type $_AND_ is unknown!
   Area for cell type $_DFFE_PN0N_ is unknown!
   Area for cell type $_DFFE_PN0P_ is unknown!
   Area for cell type $_DFFE_PP_ is unknown!
   Area for cell type $_DFF_PN0_ is unknown!
   Area for cell type $_DFF_PN1_ is unknown!
   Area for cell type $_MUX_ is unknown!
   Area for cell type $_NAND_ is unknown!
   Area for cell type $_NOR_ is unknown!
   Area for cell type $_NOT_ is unknown!
   Area for cell type $_ORNOT_ is unknown!
   Area for cell type $_OR_ is unknown!
   Area for cell type $_XNOR_ is unknown!
   Area for cell type $_XOR_ is unknown!

