208. Printing statistics.

=== npu_project_macro ===

        +----------Local Count, excluding submodules.
        |        +-Local Area, excluding submodules.
        |        | 
    86585        - wires
    86801        - wire bits
     8349        - public wires
     8565        - public wire bits
       15        - ports
      231        - port bits
    86760 9.77E+05 cells
       38  475.456   sky130_fd_sc_hd__a2111o_2
       35  525.504   sky130_fd_sc_hd__a2111oi_2
     1088 1.09E+04   sky130_fd_sc_hd__a211o_2
      396 4.95E+03   sky130_fd_sc_hd__a211oi_2
      442 4.42E+03   sky130_fd_sc_hd__a21bo_2
      898 1.01E+04   sky130_fd_sc_hd__a21boi_2
     2752 2.41E+04   sky130_fd_sc_hd__a21o_2
     3777 3.31E+04   sky130_fd_sc_hd__a21oi_2
     1841 2.07E+04   sky130_fd_sc_hd__a221o_2
       75  1126.08   sky130_fd_sc_hd__a221oi_2
     2542 2.54E+04   sky130_fd_sc_hd__a22o_2
      681 8.52E+03   sky130_fd_sc_hd__a22oi_2
      480 5.41E+03   sky130_fd_sc_hd__a2bb2o_2
      548 8.23E+03   sky130_fd_sc_hd__a2bb2oi_2
      320  3.6E+03   sky130_fd_sc_hd__a311o_2
       38  570.547   sky130_fd_sc_hd__a311oi_2
     1425 1.25E+04   sky130_fd_sc_hd__a31o_2
      665  8320.48   sky130_fd_sc_hd__a31oi_2
      885 9.97E+03   sky130_fd_sc_hd__a32o_2
      430 6.99E+03   sky130_fd_sc_hd__a32oi_2
       89    1E+03   sky130_fd_sc_hd__a41o_2
       20  325.312   sky130_fd_sc_hd__a41oi_2
      488 3.66E+03   sky130_fd_sc_hd__and2_2
      311 2.72E+03   sky130_fd_sc_hd__and2b_2
     3750    28152   sky130_fd_sc_hd__and3_2
       65  650.624   sky130_fd_sc_hd__and3b_2
      676  6766.49   sky130_fd_sc_hd__and4_2
      159 1.79E+03   sky130_fd_sc_hd__and4b_2
      165  2064.48   sky130_fd_sc_hd__and4bb_2
        4   20.019   sky130_fd_sc_hd__buf_2
      186   698.17   sky130_fd_sc_hd__conb_1
     1480 3.89E+04   sky130_fd_sc_hd__dfrtp_2
       13  341.578   sky130_fd_sc_hd__dfstp_2
     6757 1.44E+05   sky130_fd_sc_hd__dfxtp_2
     1396 5.24E+03   sky130_fd_sc_hd__inv_2
     7157 8.06E+04   sky130_fd_sc_hd__mux2_1
      434 9.77E+03   sky130_fd_sc_hd__mux4_2
     6868  4.3E+04   sky130_fd_sc_hd__nand2_2
      309 2.71E+03   sky130_fd_sc_hd__nand2b_2
     6722 6.73E+04   sky130_fd_sc_hd__nand3_2
      488  5495.27   sky130_fd_sc_hd__nand3b_2
     2230 2.79E+04   sky130_fd_sc_hd__nand4_2
       83 1.25E+03   sky130_fd_sc_hd__nand4b_2
     1701 1.06E+04   sky130_fd_sc_hd__nor2_2
      268 2.68E+03   sky130_fd_sc_hd__nor3_2
       76  950.912   sky130_fd_sc_hd__nor3b_2
      120  1501.44   sky130_fd_sc_hd__nor4_2
        9   135.13   sky130_fd_sc_hd__nor4b_2
      135  1689.12   sky130_fd_sc_hd__o2111a_2
     1457 2.19E+04   sky130_fd_sc_hd__o2111ai_2
     1870 1.87E+04   sky130_fd_sc_hd__o211a_2
     4814 6.02E+04   sky130_fd_sc_hd__o211ai_2
     1279 1.12E+04   sky130_fd_sc_hd__o21a_2
     5357 4.69E+04   sky130_fd_sc_hd__o21ai_2
      178 1.78E+03   sky130_fd_sc_hd__o21ba_2
      310 3.49E+03   sky130_fd_sc_hd__o21bai_2
      842 9.48E+03   sky130_fd_sc_hd__o221a_2
      745 1.12E+04   sky130_fd_sc_hd__o221ai_2
      957 9.58E+03   sky130_fd_sc_hd__o22a_2
      633 7.92E+03   sky130_fd_sc_hd__o22ai_2
      537  6047.05   sky130_fd_sc_hd__o2bb2a_2
     2456 3.69E+04   sky130_fd_sc_hd__o2bb2ai_2
      597 6.72E+03   sky130_fd_sc_hd__o311a_2
       21  341.578   sky130_fd_sc_hd__o311ai_2
      320  3.2E+03   sky130_fd_sc_hd__o31a_2
       61  763.232   sky130_fd_sc_hd__o31ai_2
      210 2.36E+03   sky130_fd_sc_hd__o32a_2
       18  292.781   sky130_fd_sc_hd__o32ai_2
       27  337.824   sky130_fd_sc_hd__o41a_2
        8  130.125   sky130_fd_sc_hd__o41ai_2
      553 3.46E+03   sky130_fd_sc_hd__or2_2
      657  4932.23   sky130_fd_sc_hd__or3_2
      187 1.64E+03   sky130_fd_sc_hd__or3b_2
      304 2.66E+03   sky130_fd_sc_hd__or4_2
       65  650.624   sky130_fd_sc_hd__or4b_2
      113 1.41E+03   sky130_fd_sc_hd__or4bb_2
      290 4.72E+03   sky130_fd_sc_hd__xnor2_2
      379 6.16E+03   sky130_fd_sc_hd__xor2_2

   Chip area for module '\npu_project_macro': 976679.212800
     of which used for sequential elements: 182952.966400 (18.73%)

