Running 'synthesis-AREA 0' at 'runs/synexp/1-synthesis-area-0'…
Running 'synthesis-AREA 1' at 'runs/synexp/1-synthesis-area-1'…
Logging subprocess to [repr.filename]'runs/synexp/1-synthesis-area-0/synthesis-area-0.log'[/repr.filename]…
Logging subprocess to [repr.filename]'runs/synexp/1-synthesis-area-1/synthesis-area-1.log'[/repr.filename]…
Subprocess had a non-zero exit.
Last 10 line(s):
Storing AST representation for module `$abstract\uart_rx'.
Successfully finished Verilog frontend.

22. Executing Verilog-2005 frontend: /home/auc/si-sprint26-project-nanonpu/Backend/openlane/RTL/uart_tx.v
Parsing SystemVerilog input from `/home/auc/si-sprint26-project-nanonpu/Backend/openlane/RTL/uart_tx.v' to AST representation.
Storing AST representation for module `$abstract\uart_tx'.
Successfully finished Verilog frontend.

23. Executing HIERARCHY pass (managing design hierarchy).
ERROR: Module `project_macro' not found!

Full log file: 'runs/synexp/1-synthesis-area-0/synthesis-area-0.log'
Running 'synthesis-AREA 2' at 'runs/synexp/1-synthesis-area-2'…
Logging subprocess to [repr.filename]'runs/synexp/1-synthesis-area-2/synthesis-area-2.log'[/repr.filename]…
Subprocess had a non-zero exit.
Last 10 line(s):
Storing AST representation for module `$abstract\uart_rx'.
Successfully finished Verilog frontend.

22. Executing Verilog-2005 frontend: /home/auc/si-sprint26-project-nanonpu/Backend/openlane/RTL/uart_tx.v
Parsing SystemVerilog input from `/home/auc/si-sprint26-project-nanonpu/Backend/openlane/RTL/uart_tx.v' to AST representation.
Storing AST representation for module `$abstract\uart_tx'.
Successfully finished Verilog frontend.

23. Executing HIERARCHY pass (managing design hierarchy).
ERROR: Module `project_macro' not found!

Full log file: 'runs/synexp/1-synthesis-area-1/synthesis-area-1.log'
Running 'synthesis-AREA 3' at 'runs/synexp/1-synthesis-area-3'…
Logging subprocess to [repr.filename]'runs/synexp/1-synthesis-area-3/synthesis-area-3.log'[/repr.filename]…
Subprocess had a non-zero exit.
Last 10 line(s):
Storing AST representation for module `$abstract\uart_rx'.
Successfully finished Verilog frontend.

22. Executing Verilog-2005 frontend: /home/auc/si-sprint26-project-nanonpu/Backend/openlane/RTL/uart_tx.v
Parsing SystemVerilog input from `/home/auc/si-sprint26-project-nanonpu/Backend/openlane/RTL/uart_tx.v' to AST representation.
Storing AST representation for module `$abstract\uart_tx'.
Successfully finished Verilog frontend.

23. Executing HIERARCHY pass (managing design hierarchy).
ERROR: Module `project_macro' not found!

Full log file: 'runs/synexp/1-synthesis-area-2/synthesis-area-2.log'
Running 'synthesis-DELAY 0' at 'runs/synexp/1-synthesis-delay-0'…
Logging subprocess to [repr.filename]'runs/synexp/1-synthesis-delay-0/synthesis-delay-0.log'[/repr.filename]…
Subprocess had a non-zero exit.
Last 10 line(s):
Storing AST representation for module `$abstract\uart_rx'.
Successfully finished Verilog frontend.

22. Executing Verilog-2005 frontend: /home/auc/si-sprint26-project-nanonpu/Backend/openlane/RTL/uart_tx.v
Parsing SystemVerilog input from `/home/auc/si-sprint26-project-nanonpu/Backend/openlane/RTL/uart_tx.v' to AST representation.
Storing AST representation for module `$abstract\uart_tx'.
Successfully finished Verilog frontend.

23. Executing HIERARCHY pass (managing design hierarchy).
ERROR: Module `project_macro' not found!

Full log file: 'runs/synexp/1-synthesis-area-3/synthesis-area-3.log'
Running 'synthesis-DELAY 1' at 'runs/synexp/1-synthesis-delay-1'…
Logging subprocess to [repr.filename]'runs/synexp/1-synthesis-delay-1/synthesis-delay-1.log'[/repr.filename]…
Subprocess had a non-zero exit.
Last 10 line(s):
Storing AST representation for module `$abstract\uart_rx'.
Successfully finished Verilog frontend.

22. Executing Verilog-2005 frontend: /home/auc/si-sprint26-project-nanonpu/Backend/openlane/RTL/uart_tx.v
Parsing SystemVerilog input from `/home/auc/si-sprint26-project-nanonpu/Backend/openlane/RTL/uart_tx.v' to AST representation.
Storing AST representation for module `$abstract\uart_tx'.
Successfully finished Verilog frontend.

23. Executing HIERARCHY pass (managing design hierarchy).
ERROR: Module `project_macro' not found!

Full log file: 'runs/synexp/1-synthesis-delay-1/synthesis-delay-1.log'
Subprocess had a non-zero exit.
Last 10 line(s):
Storing AST representation for module `$abstract\uart_rx'.
Successfully finished Verilog frontend.

22. Executing Verilog-2005 frontend: /home/auc/si-sprint26-project-nanonpu/Backend/openlane/RTL/uart_tx.v
Parsing SystemVerilog input from `/home/auc/si-sprint26-project-nanonpu/Backend/openlane/RTL/uart_tx.v' to AST representation.
Storing AST representation for module `$abstract\uart_tx'.
Successfully finished Verilog frontend.

23. Executing HIERARCHY pass (managing design hierarchy).
ERROR: Module `project_macro' not found!

Full log file: 'runs/synexp/1-synthesis-delay-0/synthesis-delay-0.log'
Running 'synthesis-DELAY 2' at 'runs/synexp/1-synthesis-delay-2'…
Running 'synthesis-DELAY 3' at 'runs/synexp/1-synthesis-delay-3'…
Logging subprocess to [repr.filename]'runs/synexp/1-synthesis-delay-2/synthesis-delay-2.log'[/repr.filename]…
Logging subprocess to [repr.filename]'runs/synexp/1-synthesis-delay-3/synthesis-delay-3.log'[/repr.filename]…
Subprocess had a non-zero exit.
Last 10 line(s):
Storing AST representation for module `$abstract\uart_rx'.
Successfully finished Verilog frontend.

22. Executing Verilog-2005 frontend: /home/auc/si-sprint26-project-nanonpu/Backend/openlane/RTL/uart_tx.v
Parsing SystemVerilog input from `/home/auc/si-sprint26-project-nanonpu/Backend/openlane/RTL/uart_tx.v' to AST representation.
Storing AST representation for module `$abstract\uart_tx'.
Successfully finished Verilog frontend.

23. Executing HIERARCHY pass (managing design hierarchy).
ERROR: Module `project_macro' not found!

Full log file: 'runs/synexp/1-synthesis-delay-2/synthesis-delay-2.log'
Subprocess had a non-zero exit.
Last 10 line(s):
Storing AST representation for module `$abstract\uart_rx'.
Successfully finished Verilog frontend.

22. Executing Verilog-2005 frontend: /home/auc/si-sprint26-project-nanonpu/Backend/openlane/RTL/uart_tx.v
Parsing SystemVerilog input from `/home/auc/si-sprint26-project-nanonpu/Backend/openlane/RTL/uart_tx.v' to AST representation.
Storing AST representation for module `$abstract\uart_tx'.
Successfully finished Verilog frontend.

23. Executing HIERARCHY pass (managing design hierarchy).
ERROR: Module `project_macro' not found!

Full log file: 'runs/synexp/1-synthesis-delay-3/synthesis-delay-3.log'
Running 'synthesis-DELAY 4' at 'runs/synexp/1-synthesis-delay-4'…
Logging subprocess to [repr.filename]'runs/synexp/1-synthesis-delay-4/synthesis-delay-4.log'[/repr.filename]…
Subprocess had a non-zero exit.
Last 10 line(s):
Storing AST representation for module `$abstract\uart_rx'.
Successfully finished Verilog frontend.

22. Executing Verilog-2005 frontend: /home/auc/si-sprint26-project-nanonpu/Backend/openlane/RTL/uart_tx.v
Parsing SystemVerilog input from `/home/auc/si-sprint26-project-nanonpu/Backend/openlane/RTL/uart_tx.v' to AST representation.
Storing AST representation for module `$abstract\uart_tx'.
Successfully finished Verilog frontend.

23. Executing HIERARCHY pass (managing design hierarchy).
ERROR: Module `project_macro' not found!

Full log file: 'runs/synexp/1-synthesis-delay-4/synthesis-delay-4.log'
Running 'synthesis-AREA 0' at 'runs/synexp/2-synthesis-area-0'…
Running 'synthesis-AREA 1' at 'runs/synexp/2-synthesis-area-1'…
Logging subprocess to [repr.filename]'runs/synexp/2-synthesis-area-0/synthesis-area-0.log'[/repr.filename]…
Logging subprocess to [repr.filename]'runs/synexp/2-synthesis-area-1/synthesis-area-1.log'[/repr.filename]…
Subprocess had a non-zero exit.
Last 10 line(s):
Storing AST representation for module `$abstract\uart_rx'.
Successfully finished Verilog frontend.

22. Executing Verilog-2005 frontend: /home/auc/si-sprint26-project-nanonpu/Backend/openlane/RTL/uart_tx.v
Parsing SystemVerilog input from `/home/auc/si-sprint26-project-nanonpu/Backend/openlane/RTL/uart_tx.v' to AST representation.
Storing AST representation for module `$abstract\uart_tx'.
Successfully finished Verilog frontend.

23. Executing HIERARCHY pass (managing design hierarchy).
ERROR: Module `npu_system_top' not found!

Full log file: 'runs/synexp/2-synthesis-area-0/synthesis-area-0.log'
Running 'synthesis-AREA 2' at 'runs/synexp/2-synthesis-area-2'…
Logging subprocess to [repr.filename]'runs/synexp/2-synthesis-area-2/synthesis-area-2.log'[/repr.filename]…
Subprocess had a non-zero exit.
Last 10 line(s):
Storing AST representation for module `$abstract\uart_rx'.
Successfully finished Verilog frontend.

22. Executing Verilog-2005 frontend: /home/auc/si-sprint26-project-nanonpu/Backend/openlane/RTL/uart_tx.v
Parsing SystemVerilog input from `/home/auc/si-sprint26-project-nanonpu/Backend/openlane/RTL/uart_tx.v' to AST representation.
Storing AST representation for module `$abstract\uart_tx'.
Successfully finished Verilog frontend.

23. Executing HIERARCHY pass (managing design hierarchy).
ERROR: Module `npu_system_top' not found!

Full log file: 'runs/synexp/2-synthesis-area-1/synthesis-area-1.log'
Running 'synthesis-AREA 3' at 'runs/synexp/2-synthesis-area-3'…
Logging subprocess to [repr.filename]'runs/synexp/2-synthesis-area-3/synthesis-area-3.log'[/repr.filename]…
Subprocess had a non-zero exit.
Last 10 line(s):
Storing AST representation for module `$abstract\uart_rx'.
Successfully finished Verilog frontend.

22. Executing Verilog-2005 frontend: /home/auc/si-sprint26-project-nanonpu/Backend/openlane/RTL/uart_tx.v
Parsing SystemVerilog input from `/home/auc/si-sprint26-project-nanonpu/Backend/openlane/RTL/uart_tx.v' to AST representation.
Storing AST representation for module `$abstract\uart_tx'.
Successfully finished Verilog frontend.

23. Executing HIERARCHY pass (managing design hierarchy).
ERROR: Module `npu_system_top' not found!

Full log file: 'runs/synexp/2-synthesis-area-2/synthesis-area-2.log'
Running 'synthesis-DELAY 0' at 'runs/synexp/2-synthesis-delay-0'…
Logging subprocess to [repr.filename]'runs/synexp/2-synthesis-delay-0/synthesis-delay-0.log'[/repr.filename]…
Subprocess had a non-zero exit.
Last 10 line(s):
Storing AST representation for module `$abstract\uart_rx'.
Successfully finished Verilog frontend.

22. Executing Verilog-2005 frontend: /home/auc/si-sprint26-project-nanonpu/Backend/openlane/RTL/uart_tx.v
Parsing SystemVerilog input from `/home/auc/si-sprint26-project-nanonpu/Backend/openlane/RTL/uart_tx.v' to AST representation.
Storing AST representation for module `$abstract\uart_tx'.
Successfully finished Verilog frontend.

23. Executing HIERARCHY pass (managing design hierarchy).
ERROR: Module `npu_system_top' not found!

Full log file: 'runs/synexp/2-synthesis-area-3/synthesis-area-3.log'
Running 'synthesis-DELAY 1' at 'runs/synexp/2-synthesis-delay-1'…
Logging subprocess to [repr.filename]'runs/synexp/2-synthesis-delay-1/synthesis-delay-1.log'[/repr.filename]…
Subprocess had a non-zero exit.
Last 10 line(s):
Storing AST representation for module `$abstract\uart_rx'.
Successfully finished Verilog frontend.

22. Executing Verilog-2005 frontend: /home/auc/si-sprint26-project-nanonpu/Backend/openlane/RTL/uart_tx.v
Parsing SystemVerilog input from `/home/auc/si-sprint26-project-nanonpu/Backend/openlane/RTL/uart_tx.v' to AST representation.
Storing AST representation for module `$abstract\uart_tx'.
Successfully finished Verilog frontend.

23. Executing HIERARCHY pass (managing design hierarchy).
ERROR: Module `npu_system_top' not found!

Full log file: 'runs/synexp/2-synthesis-delay-0/synthesis-delay-0.log'
Running 'synthesis-DELAY 2' at 'runs/synexp/2-synthesis-delay-2'…
Logging subprocess to [repr.filename]'runs/synexp/2-synthesis-delay-2/synthesis-delay-2.log'[/repr.filename]…
Subprocess had a non-zero exit.
Last 10 line(s):
Storing AST representation for module `$abstract\uart_rx'.
Successfully finished Verilog frontend.

22. Executing Verilog-2005 frontend: /home/auc/si-sprint26-project-nanonpu/Backend/openlane/RTL/uart_tx.v
Parsing SystemVerilog input from `/home/auc/si-sprint26-project-nanonpu/Backend/openlane/RTL/uart_tx.v' to AST representation.
Storing AST representation for module `$abstract\uart_tx'.
Successfully finished Verilog frontend.

23. Executing HIERARCHY pass (managing design hierarchy).
ERROR: Module `npu_system_top' not found!

Full log file: 'runs/synexp/2-synthesis-delay-1/synthesis-delay-1.log'
Running 'synthesis-DELAY 3' at 'runs/synexp/2-synthesis-delay-3'…
Logging subprocess to [repr.filename]'runs/synexp/2-synthesis-delay-3/synthesis-delay-3.log'[/repr.filename]…
Subprocess had a non-zero exit.
Last 10 line(s):
Storing AST representation for module `$abstract\uart_rx'.
Successfully finished Verilog frontend.

22. Executing Verilog-2005 frontend: /home/auc/si-sprint26-project-nanonpu/Backend/openlane/RTL/uart_tx.v
Parsing SystemVerilog input from `/home/auc/si-sprint26-project-nanonpu/Backend/openlane/RTL/uart_tx.v' to AST representation.
Storing AST representation for module `$abstract\uart_tx'.
Successfully finished Verilog frontend.

23. Executing HIERARCHY pass (managing design hierarchy).
ERROR: Module `npu_system_top' not found!

Full log file: 'runs/synexp/2-synthesis-delay-2/synthesis-delay-2.log'
Running 'synthesis-DELAY 4' at 'runs/synexp/2-synthesis-delay-4'…
Logging subprocess to [repr.filename]'runs/synexp/2-synthesis-delay-4/synthesis-delay-4.log'[/repr.filename]…
Subprocess had a non-zero exit.
Last 10 line(s):
Storing AST representation for module `$abstract\uart_rx'.
Successfully finished Verilog frontend.

22. Executing Verilog-2005 frontend: /home/auc/si-sprint26-project-nanonpu/Backend/openlane/RTL/uart_tx.v
Parsing SystemVerilog input from `/home/auc/si-sprint26-project-nanonpu/Backend/openlane/RTL/uart_tx.v' to AST representation.
Storing AST representation for module `$abstract\uart_tx'.
Successfully finished Verilog frontend.

23. Executing HIERARCHY pass (managing design hierarchy).
ERROR: Module `npu_system_top' not found!

Full log file: 'runs/synexp/2-synthesis-delay-3/synthesis-delay-3.log'
Subprocess had a non-zero exit.
Last 10 line(s):
Storing AST representation for module `$abstract\uart_rx'.
Successfully finished Verilog frontend.

22. Executing Verilog-2005 frontend: /home/auc/si-sprint26-project-nanonpu/Backend/openlane/RTL/uart_tx.v
Parsing SystemVerilog input from `/home/auc/si-sprint26-project-nanonpu/Backend/openlane/RTL/uart_tx.v' to AST representation.
Storing AST representation for module `$abstract\uart_tx'.
Successfully finished Verilog frontend.

23. Executing HIERARCHY pass (managing design hierarchy).
ERROR: Module `npu_system_top' not found!

Full log file: 'runs/synexp/2-synthesis-delay-4/synthesis-delay-4.log'
Running 'synthesis-AREA 0' at 'runs/synexp/3-synthesis-area-0'…
Running 'synthesis-AREA 1' at 'runs/synexp/3-synthesis-area-1'…
Logging subprocess to [repr.filename]'runs/synexp/3-synthesis-area-1/synthesis-area-1.log'[/repr.filename]…
Logging subprocess to [repr.filename]'runs/synexp/3-synthesis-area-0/synthesis-area-0.log'[/repr.filename]…
Subprocess had a non-zero exit.
Last 10 line(s):
Successfully finished Verilog frontend.

47. Executing Verilog-2005 frontend: /home/auc/si-sprint26-project-nanonpu/Backend/openlane/RTL/relu_buffer.sv
Parsing SystemVerilog input from `/home/auc/si-sprint26-project-nanonpu/Backend/openlane/RTL/relu_buffer.sv' to AST representation.
Storing AST representation for module `$abstract\relu_buffer'.
Successfully finished Verilog frontend.

48. Executing Verilog-2005 frontend: /home/auc/si-sprint26-project-nanonpu/Backend/openlane/RTL/relu_unit.sv
Parsing SystemVerilog input from `/home/auc/si-sprint26-project-nanonpu/Backend/openlane/RTL/relu_unit.sv' to AST representation.
/home/auc/si-sprint26-project-nanonpu/Backend/openlane/RTL/relu_unit.sv:56: ERROR: syntax error, unexpected OP_CAST

Full log file: 'runs/synexp/3-synthesis-area-0/synthesis-area-0.log'
Running 'synthesis-AREA 2' at 'runs/synexp/3-synthesis-area-2'…
Subprocess had a non-zero exit.
Last 10 line(s):
Successfully finished Verilog frontend.

47. Executing Verilog-2005 frontend: /home/auc/si-sprint26-project-nanonpu/Backend/openlane/RTL/relu_buffer.sv
Parsing SystemVerilog input from `/home/auc/si-sprint26-project-nanonpu/Backend/openlane/RTL/relu_buffer.sv' to AST representation.
Storing AST representation for module `$abstract\relu_buffer'.
Successfully finished Verilog frontend.

48. Executing Verilog-2005 frontend: /home/auc/si-sprint26-project-nanonpu/Backend/openlane/RTL/relu_unit.sv
Parsing SystemVerilog input from `/home/auc/si-sprint26-project-nanonpu/Backend/openlane/RTL/relu_unit.sv' to AST representation.
/home/auc/si-sprint26-project-nanonpu/Backend/openlane/RTL/relu_unit.sv:56: ERROR: syntax error, unexpected OP_CAST

Full log file: 'runs/synexp/3-synthesis-area-1/synthesis-area-1.log'
Logging subprocess to [repr.filename]'runs/synexp/3-synthesis-area-2/synthesis-area-2.log'[/repr.filename]…
Running 'synthesis-AREA 3' at 'runs/synexp/3-synthesis-area-3'…
Logging subprocess to [repr.filename]'runs/synexp/3-synthesis-area-3/synthesis-area-3.log'[/repr.filename]…
Subprocess had a non-zero exit.
Last 10 line(s):
Successfully finished Verilog frontend.

47. Executing Verilog-2005 frontend: /home/auc/si-sprint26-project-nanonpu/Backend/openlane/RTL/relu_buffer.sv
Parsing SystemVerilog input from `/home/auc/si-sprint26-project-nanonpu/Backend/openlane/RTL/relu_buffer.sv' to AST representation.
Storing AST representation for module `$abstract\relu_buffer'.
Successfully finished Verilog frontend.

48. Executing Verilog-2005 frontend: /home/auc/si-sprint26-project-nanonpu/Backend/openlane/RTL/relu_unit.sv
Parsing SystemVerilog input from `/home/auc/si-sprint26-project-nanonpu/Backend/openlane/RTL/relu_unit.sv' to AST representation.
/home/auc/si-sprint26-project-nanonpu/Backend/openlane/RTL/relu_unit.sv:56: ERROR: syntax error, unexpected OP_CAST

Full log file: 'runs/synexp/3-synthesis-area-2/synthesis-area-2.log'
Subprocess had a non-zero exit.
Last 10 line(s):
Successfully finished Verilog frontend.

47. Executing Verilog-2005 frontend: /home/auc/si-sprint26-project-nanonpu/Backend/openlane/RTL/relu_buffer.sv
Parsing SystemVerilog input from `/home/auc/si-sprint26-project-nanonpu/Backend/openlane/RTL/relu_buffer.sv' to AST representation.
Storing AST representation for module `$abstract\relu_buffer'.
Successfully finished Verilog frontend.

48. Executing Verilog-2005 frontend: /home/auc/si-sprint26-project-nanonpu/Backend/openlane/RTL/relu_unit.sv
Parsing SystemVerilog input from `/home/auc/si-sprint26-project-nanonpu/Backend/openlane/RTL/relu_unit.sv' to AST representation.
/home/auc/si-sprint26-project-nanonpu/Backend/openlane/RTL/relu_unit.sv:56: ERROR: syntax error, unexpected OP_CAST

Running 'synthesis-DELAY 0' at 'runs/synexp/3-synthesis-delay-0'…
Full log file: 'runs/synexp/3-synthesis-area-3/synthesis-area-3.log'
Running 'synthesis-DELAY 1' at 'runs/synexp/3-synthesis-delay-1'…
Logging subprocess to [repr.filename]'runs/synexp/3-synthesis-delay-0/synthesis-delay-0.log'[/repr.filename]…
Logging subprocess to [repr.filename]'runs/synexp/3-synthesis-delay-1/synthesis-delay-1.log'[/repr.filename]…
Subprocess had a non-zero exit.
Last 10 line(s):
Successfully finished Verilog frontend.

47. Executing Verilog-2005 frontend: /home/auc/si-sprint26-project-nanonpu/Backend/openlane/RTL/relu_buffer.sv
Parsing SystemVerilog input from `/home/auc/si-sprint26-project-nanonpu/Backend/openlane/RTL/relu_buffer.sv' to AST representation.
Storing AST representation for module `$abstract\relu_buffer'.
Successfully finished Verilog frontend.

48. Executing Verilog-2005 frontend: /home/auc/si-sprint26-project-nanonpu/Backend/openlane/RTL/relu_unit.sv
Parsing SystemVerilog input from `/home/auc/si-sprint26-project-nanonpu/Backend/openlane/RTL/relu_unit.sv' to AST representation.
/home/auc/si-sprint26-project-nanonpu/Backend/openlane/RTL/relu_unit.sv:56: ERROR: syntax error, unexpected OP_CAST

Full log file: 'runs/synexp/3-synthesis-delay-0/synthesis-delay-0.log'
Running 'synthesis-DELAY 2' at 'runs/synexp/3-synthesis-delay-2'…
Logging subprocess to [repr.filename]'runs/synexp/3-synthesis-delay-2/synthesis-delay-2.log'[/repr.filename]…
Subprocess had a non-zero exit.
Last 10 line(s):
Successfully finished Verilog frontend.

47. Executing Verilog-2005 frontend: /home/auc/si-sprint26-project-nanonpu/Backend/openlane/RTL/relu_buffer.sv
Parsing SystemVerilog input from `/home/auc/si-sprint26-project-nanonpu/Backend/openlane/RTL/relu_buffer.sv' to AST representation.
Storing AST representation for module `$abstract\relu_buffer'.
Successfully finished Verilog frontend.

48. Executing Verilog-2005 frontend: /home/auc/si-sprint26-project-nanonpu/Backend/openlane/RTL/relu_unit.sv
Parsing SystemVerilog input from `/home/auc/si-sprint26-project-nanonpu/Backend/openlane/RTL/relu_unit.sv' to AST representation.
/home/auc/si-sprint26-project-nanonpu/Backend/openlane/RTL/relu_unit.sv:56: ERROR: syntax error, unexpected OP_CAST

Full log file: 'runs/synexp/3-synthesis-delay-1/synthesis-delay-1.log'
Running 'synthesis-DELAY 3' at 'runs/synexp/3-synthesis-delay-3'…
Logging subprocess to [repr.filename]'runs/synexp/3-synthesis-delay-3/synthesis-delay-3.log'[/repr.filename]…
Subprocess had a non-zero exit.
Last 10 line(s):
Successfully finished Verilog frontend.

47. Executing Verilog-2005 frontend: /home/auc/si-sprint26-project-nanonpu/Backend/openlane/RTL/relu_buffer.sv
Parsing SystemVerilog input from `/home/auc/si-sprint26-project-nanonpu/Backend/openlane/RTL/relu_buffer.sv' to AST representation.
Storing AST representation for module `$abstract\relu_buffer'.
Successfully finished Verilog frontend.

48. Executing Verilog-2005 frontend: /home/auc/si-sprint26-project-nanonpu/Backend/openlane/RTL/relu_unit.sv
Parsing SystemVerilog input from `/home/auc/si-sprint26-project-nanonpu/Backend/openlane/RTL/relu_unit.sv' to AST representation.
/home/auc/si-sprint26-project-nanonpu/Backend/openlane/RTL/relu_unit.sv:56: ERROR: syntax error, unexpected OP_CAST

Full log file: 'runs/synexp/3-synthesis-delay-2/synthesis-delay-2.log'
Running 'synthesis-DELAY 4' at 'runs/synexp/3-synthesis-delay-4'…
Logging subprocess to [repr.filename]'runs/synexp/3-synthesis-delay-4/synthesis-delay-4.log'[/repr.filename]…
Subprocess had a non-zero exit.
Last 10 line(s):
Successfully finished Verilog frontend.

47. Executing Verilog-2005 frontend: /home/auc/si-sprint26-project-nanonpu/Backend/openlane/RTL/relu_buffer.sv
Parsing SystemVerilog input from `/home/auc/si-sprint26-project-nanonpu/Backend/openlane/RTL/relu_buffer.sv' to AST representation.
Storing AST representation for module `$abstract\relu_buffer'.
Successfully finished Verilog frontend.

48. Executing Verilog-2005 frontend: /home/auc/si-sprint26-project-nanonpu/Backend/openlane/RTL/relu_unit.sv
Parsing SystemVerilog input from `/home/auc/si-sprint26-project-nanonpu/Backend/openlane/RTL/relu_unit.sv' to AST representation.
/home/auc/si-sprint26-project-nanonpu/Backend/openlane/RTL/relu_unit.sv:56: ERROR: syntax error, unexpected OP_CAST

Full log file: 'runs/synexp/3-synthesis-delay-3/synthesis-delay-3.log'
Subprocess had a non-zero exit.
Last 10 line(s):
Successfully finished Verilog frontend.

47. Executing Verilog-2005 frontend: /home/auc/si-sprint26-project-nanonpu/Backend/openlane/RTL/relu_buffer.sv
Parsing SystemVerilog input from `/home/auc/si-sprint26-project-nanonpu/Backend/openlane/RTL/relu_buffer.sv' to AST representation.
Storing AST representation for module `$abstract\relu_buffer'.
Successfully finished Verilog frontend.

48. Executing Verilog-2005 frontend: /home/auc/si-sprint26-project-nanonpu/Backend/openlane/RTL/relu_unit.sv
Parsing SystemVerilog input from `/home/auc/si-sprint26-project-nanonpu/Backend/openlane/RTL/relu_unit.sv' to AST representation.
/home/auc/si-sprint26-project-nanonpu/Backend/openlane/RTL/relu_unit.sv:56: ERROR: syntax error, unexpected OP_CAST

Full log file: 'runs/synexp/3-synthesis-delay-4/synthesis-delay-4.log'
Running 'synthesis-AREA 0' at 'runs/synexp/4-synthesis-area-0'…
Running 'synthesis-AREA 1' at 'runs/synexp/4-synthesis-area-1'…
Logging subprocess to [repr.filename]'runs/synexp/4-synthesis-area-1/synthesis-area-1.log'[/repr.filename]…
Logging subprocess to [repr.filename]'runs/synexp/4-synthesis-area-0/synthesis-area-0.log'[/repr.filename]…
Subprocess had a non-zero exit.
Last 10 line(s):
Successfully finished Verilog frontend.

47. Executing Verilog-2005 frontend: /home/auc/si-sprint26-project-nanonpu/Backend/openlane/RTL/relu_buffer.sv
Parsing SystemVerilog input from `/home/auc/si-sprint26-project-nanonpu/Backend/openlane/RTL/relu_buffer.sv' to AST representation.
Storing AST representation for module `$abstract\relu_buffer'.
Successfully finished Verilog frontend.

48. Executing Verilog-2005 frontend: /home/auc/si-sprint26-project-nanonpu/Backend/openlane/RTL/relu_unit.sv
Parsing SystemVerilog input from `/home/auc/si-sprint26-project-nanonpu/Backend/openlane/RTL/relu_unit.sv' to AST representation.
/home/auc/si-sprint26-project-nanonpu/Backend/openlane/RTL/relu_unit.sv:56: ERROR: syntax error, unexpected OP_CAST

Full log file: 'runs/synexp/4-synthesis-area-0/synthesis-area-0.log'
Running 'synthesis-AREA 2' at 'runs/synexp/4-synthesis-area-2'…
Subprocess had a non-zero exit.
Logging subprocess to [repr.filename]'runs/synexp/4-synthesis-area-2/synthesis-area-2.log'[/repr.filename]…
Last 10 line(s):
Successfully finished Verilog frontend.

47. Executing Verilog-2005 frontend: /home/auc/si-sprint26-project-nanonpu/Backend/openlane/RTL/relu_buffer.sv
Parsing SystemVerilog input from `/home/auc/si-sprint26-project-nanonpu/Backend/openlane/RTL/relu_buffer.sv' to AST representation.
Storing AST representation for module `$abstract\relu_buffer'.
Successfully finished Verilog frontend.

48. Executing Verilog-2005 frontend: /home/auc/si-sprint26-project-nanonpu/Backend/openlane/RTL/relu_unit.sv
Parsing SystemVerilog input from `/home/auc/si-sprint26-project-nanonpu/Backend/openlane/RTL/relu_unit.sv' to AST representation.
/home/auc/si-sprint26-project-nanonpu/Backend/openlane/RTL/relu_unit.sv:56: ERROR: syntax error, unexpected OP_CAST

Full log file: 'runs/synexp/4-synthesis-area-1/synthesis-area-1.log'
Running 'synthesis-AREA 3' at 'runs/synexp/4-synthesis-area-3'…
Logging subprocess to [repr.filename]'runs/synexp/4-synthesis-area-3/synthesis-area-3.log'[/repr.filename]…
Subprocess had a non-zero exit.
Last 10 line(s):
Successfully finished Verilog frontend.

47. Executing Verilog-2005 frontend: /home/auc/si-sprint26-project-nanonpu/Backend/openlane/RTL/relu_buffer.sv
Parsing SystemVerilog input from `/home/auc/si-sprint26-project-nanonpu/Backend/openlane/RTL/relu_buffer.sv' to AST representation.
Storing AST representation for module `$abstract\relu_buffer'.
Successfully finished Verilog frontend.

48. Executing Verilog-2005 frontend: /home/auc/si-sprint26-project-nanonpu/Backend/openlane/RTL/relu_unit.sv
Parsing SystemVerilog input from `/home/auc/si-sprint26-project-nanonpu/Backend/openlane/RTL/relu_unit.sv' to AST representation.
/home/auc/si-sprint26-project-nanonpu/Backend/openlane/RTL/relu_unit.sv:56: ERROR: syntax error, unexpected OP_CAST

Full log file: 'runs/synexp/4-synthesis-area-2/synthesis-area-2.log'
Running 'synthesis-DELAY 0' at 'runs/synexp/4-synthesis-delay-0'…
Subprocess had a non-zero exit.
Last 10 line(s):
Successfully finished Verilog frontend.

47. Executing Verilog-2005 frontend: /home/auc/si-sprint26-project-nanonpu/Backend/openlane/RTL/relu_buffer.sv
Parsing SystemVerilog input from `/home/auc/si-sprint26-project-nanonpu/Backend/openlane/RTL/relu_buffer.sv' to AST representation.
Storing AST representation for module `$abstract\relu_buffer'.
Successfully finished Verilog frontend.

48. Executing Verilog-2005 frontend: /home/auc/si-sprint26-project-nanonpu/Backend/openlane/RTL/relu_unit.sv
Parsing SystemVerilog input from `/home/auc/si-sprint26-project-nanonpu/Backend/openlane/RTL/relu_unit.sv' to AST representation.
/home/auc/si-sprint26-project-nanonpu/Backend/openlane/RTL/relu_unit.sv:56: ERROR: syntax error, unexpected OP_CAST

Full log file: 'runs/synexp/4-synthesis-area-3/synthesis-area-3.log'
Logging subprocess to [repr.filename]'runs/synexp/4-synthesis-delay-0/synthesis-delay-0.log'[/repr.filename]…
Running 'synthesis-DELAY 1' at 'runs/synexp/4-synthesis-delay-1'…
Logging subprocess to [repr.filename]'runs/synexp/4-synthesis-delay-1/synthesis-delay-1.log'[/repr.filename]…
Subprocess had a non-zero exit.
Last 10 line(s):
Successfully finished Verilog frontend.

47. Executing Verilog-2005 frontend: /home/auc/si-sprint26-project-nanonpu/Backend/openlane/RTL/relu_buffer.sv
Parsing SystemVerilog input from `/home/auc/si-sprint26-project-nanonpu/Backend/openlane/RTL/relu_buffer.sv' to AST representation.
Storing AST representation for module `$abstract\relu_buffer'.
Successfully finished Verilog frontend.

48. Executing Verilog-2005 frontend: /home/auc/si-sprint26-project-nanonpu/Backend/openlane/RTL/relu_unit.sv
Parsing SystemVerilog input from `/home/auc/si-sprint26-project-nanonpu/Backend/openlane/RTL/relu_unit.sv' to AST representation.
/home/auc/si-sprint26-project-nanonpu/Backend/openlane/RTL/relu_unit.sv:56: ERROR: syntax error, unexpected OP_CAST

Full log file: 'runs/synexp/4-synthesis-delay-0/synthesis-delay-0.log'
Subprocess had a non-zero exit.
Last 10 line(s):
Successfully finished Verilog frontend.

47. Executing Verilog-2005 frontend: /home/auc/si-sprint26-project-nanonpu/Backend/openlane/RTL/relu_buffer.sv
Parsing SystemVerilog input from `/home/auc/si-sprint26-project-nanonpu/Backend/openlane/RTL/relu_buffer.sv' to AST representation.
Storing AST representation for module `$abstract\relu_buffer'.
Successfully finished Verilog frontend.

48. Executing Verilog-2005 frontend: /home/auc/si-sprint26-project-nanonpu/Backend/openlane/RTL/relu_unit.sv
Parsing SystemVerilog input from `/home/auc/si-sprint26-project-nanonpu/Backend/openlane/RTL/relu_unit.sv' to AST representation.
/home/auc/si-sprint26-project-nanonpu/Backend/openlane/RTL/relu_unit.sv:56: ERROR: syntax error, unexpected OP_CAST

Running 'synthesis-DELAY 2' at 'runs/synexp/4-synthesis-delay-2'…
Full log file: 'runs/synexp/4-synthesis-delay-1/synthesis-delay-1.log'
Running 'synthesis-DELAY 3' at 'runs/synexp/4-synthesis-delay-3'…
Logging subprocess to [repr.filename]'runs/synexp/4-synthesis-delay-2/synthesis-delay-2.log'[/repr.filename]…
Logging subprocess to [repr.filename]'runs/synexp/4-synthesis-delay-3/synthesis-delay-3.log'[/repr.filename]…
Subprocess had a non-zero exit.
Last 10 line(s):
Successfully finished Verilog frontend.

47. Executing Verilog-2005 frontend: /home/auc/si-sprint26-project-nanonpu/Backend/openlane/RTL/relu_buffer.sv
Parsing SystemVerilog input from `/home/auc/si-sprint26-project-nanonpu/Backend/openlane/RTL/relu_buffer.sv' to AST representation.
Storing AST representation for module `$abstract\relu_buffer'.
Successfully finished Verilog frontend.

48. Executing Verilog-2005 frontend: /home/auc/si-sprint26-project-nanonpu/Backend/openlane/RTL/relu_unit.sv
Parsing SystemVerilog input from `/home/auc/si-sprint26-project-nanonpu/Backend/openlane/RTL/relu_unit.sv' to AST representation.
/home/auc/si-sprint26-project-nanonpu/Backend/openlane/RTL/relu_unit.sv:56: ERROR: syntax error, unexpected OP_CAST

Subprocess had a non-zero exit.
Last 10 line(s):
Successfully finished Verilog frontend.

47. Executing Verilog-2005 frontend: /home/auc/si-sprint26-project-nanonpu/Backend/openlane/RTL/relu_buffer.sv
Parsing SystemVerilog input from `/home/auc/si-sprint26-project-nanonpu/Backend/openlane/RTL/relu_buffer.sv' to AST representation.
Storing AST representation for module `$abstract\relu_buffer'.
Successfully finished Verilog frontend.

48. Executing Verilog-2005 frontend: /home/auc/si-sprint26-project-nanonpu/Backend/openlane/RTL/relu_unit.sv
Parsing SystemVerilog input from `/home/auc/si-sprint26-project-nanonpu/Backend/openlane/RTL/relu_unit.sv' to AST representation.
/home/auc/si-sprint26-project-nanonpu/Backend/openlane/RTL/relu_unit.sv:56: ERROR: syntax error, unexpected OP_CAST

Full log file: 'runs/synexp/4-synthesis-delay-3/synthesis-delay-3.log'
Full log file: 'runs/synexp/4-synthesis-delay-2/synthesis-delay-2.log'
Running 'synthesis-DELAY 4' at 'runs/synexp/4-synthesis-delay-4'…
Logging subprocess to [repr.filename]'runs/synexp/4-synthesis-delay-4/synthesis-delay-4.log'[/repr.filename]…
Subprocess had a non-zero exit.
Last 10 line(s):
Successfully finished Verilog frontend.

47. Executing Verilog-2005 frontend: /home/auc/si-sprint26-project-nanonpu/Backend/openlane/RTL/relu_buffer.sv
Parsing SystemVerilog input from `/home/auc/si-sprint26-project-nanonpu/Backend/openlane/RTL/relu_buffer.sv' to AST representation.
Storing AST representation for module `$abstract\relu_buffer'.
Successfully finished Verilog frontend.

48. Executing Verilog-2005 frontend: /home/auc/si-sprint26-project-nanonpu/Backend/openlane/RTL/relu_unit.sv
Parsing SystemVerilog input from `/home/auc/si-sprint26-project-nanonpu/Backend/openlane/RTL/relu_unit.sv' to AST representation.
/home/auc/si-sprint26-project-nanonpu/Backend/openlane/RTL/relu_unit.sv:56: ERROR: syntax error, unexpected OP_CAST

Full log file: 'runs/synexp/4-synthesis-delay-4/synthesis-delay-4.log'
Running 'synthesis-AREA 0' at 'runs/synexp/5-synthesis-area-0'…
Running 'synthesis-AREA 1' at 'runs/synexp/5-synthesis-area-1'…
Logging subprocess to [repr.filename]'runs/synexp/5-synthesis-area-0/synthesis-area-0.log'[/repr.filename]…
Logging subprocess to [repr.filename]'runs/synexp/5-synthesis-area-1/synthesis-area-1.log'[/repr.filename]…
Subprocess had a non-zero exit.
Last 10 line(s):
Successfully finished Verilog frontend.

47. Executing Verilog-2005 frontend: /home/auc/si-sprint26-project-nanonpu/Backend/openlane/RTL/relu_buffer.sv
Parsing SystemVerilog input from `/home/auc/si-sprint26-project-nanonpu/Backend/openlane/RTL/relu_buffer.sv' to AST representation.
Storing AST representation for module `$abstract\relu_buffer'.
Successfully finished Verilog frontend.

48. Executing Verilog-2005 frontend: /home/auc/si-sprint26-project-nanonpu/Backend/openlane/RTL/relu_unit.sv
Parsing SystemVerilog input from `/home/auc/si-sprint26-project-nanonpu/Backend/openlane/RTL/relu_unit.sv' to AST representation.
/home/auc/si-sprint26-project-nanonpu/Backend/openlane/RTL/relu_unit.sv:56: ERROR: syntax error, unexpected OP_CAST

Full log file: 'runs/synexp/5-synthesis-area-0/synthesis-area-0.log'
Running 'synthesis-AREA 2' at 'runs/synexp/5-synthesis-area-2'…
Logging subprocess to [repr.filename]'runs/synexp/5-synthesis-area-2/synthesis-area-2.log'[/repr.filename]…
Subprocess had a non-zero exit.
Last 10 line(s):
Successfully finished Verilog frontend.

47. Executing Verilog-2005 frontend: /home/auc/si-sprint26-project-nanonpu/Backend/openlane/RTL/relu_buffer.sv
Parsing SystemVerilog input from `/home/auc/si-sprint26-project-nanonpu/Backend/openlane/RTL/relu_buffer.sv' to AST representation.
Storing AST representation for module `$abstract\relu_buffer'.
Successfully finished Verilog frontend.

48. Executing Verilog-2005 frontend: /home/auc/si-sprint26-project-nanonpu/Backend/openlane/RTL/relu_unit.sv
Parsing SystemVerilog input from `/home/auc/si-sprint26-project-nanonpu/Backend/openlane/RTL/relu_unit.sv' to AST representation.
/home/auc/si-sprint26-project-nanonpu/Backend/openlane/RTL/relu_unit.sv:56: ERROR: syntax error, unexpected OP_CAST

Full log file: 'runs/synexp/5-synthesis-area-1/synthesis-area-1.log'
Running 'synthesis-AREA 3' at 'runs/synexp/5-synthesis-area-3'…
Logging subprocess to [repr.filename]'runs/synexp/5-synthesis-area-3/synthesis-area-3.log'[/repr.filename]…
Subprocess had a non-zero exit.
Last 10 line(s):
Successfully finished Verilog frontend.

47. Executing Verilog-2005 frontend: /home/auc/si-sprint26-project-nanonpu/Backend/openlane/RTL/relu_buffer.sv
Parsing SystemVerilog input from `/home/auc/si-sprint26-project-nanonpu/Backend/openlane/RTL/relu_buffer.sv' to AST representation.
Storing AST representation for module `$abstract\relu_buffer'.
Successfully finished Verilog frontend.

48. Executing Verilog-2005 frontend: /home/auc/si-sprint26-project-nanonpu/Backend/openlane/RTL/relu_unit.sv
Parsing SystemVerilog input from `/home/auc/si-sprint26-project-nanonpu/Backend/openlane/RTL/relu_unit.sv' to AST representation.
/home/auc/si-sprint26-project-nanonpu/Backend/openlane/RTL/relu_unit.sv:56: ERROR: syntax error, unexpected OP_CAST

Full log file: 'runs/synexp/5-synthesis-area-2/synthesis-area-2.log'
Subprocess had a non-zero exit.
Running 'synthesis-DELAY 0' at 'runs/synexp/5-synthesis-delay-0'…
Last 10 line(s):
Successfully finished Verilog frontend.

47. Executing Verilog-2005 frontend: /home/auc/si-sprint26-project-nanonpu/Backend/openlane/RTL/relu_buffer.sv
Parsing SystemVerilog input from `/home/auc/si-sprint26-project-nanonpu/Backend/openlane/RTL/relu_buffer.sv' to AST representation.
Storing AST representation for module `$abstract\relu_buffer'.
Successfully finished Verilog frontend.

48. Executing Verilog-2005 frontend: /home/auc/si-sprint26-project-nanonpu/Backend/openlane/RTL/relu_unit.sv
Parsing SystemVerilog input from `/home/auc/si-sprint26-project-nanonpu/Backend/openlane/RTL/relu_unit.sv' to AST representation.
/home/auc/si-sprint26-project-nanonpu/Backend/openlane/RTL/relu_unit.sv:56: ERROR: syntax error, unexpected OP_CAST

Full log file: 'runs/synexp/5-synthesis-area-3/synthesis-area-3.log'
Running 'synthesis-DELAY 1' at 'runs/synexp/5-synthesis-delay-1'…
Logging subprocess to [repr.filename]'runs/synexp/5-synthesis-delay-0/synthesis-delay-0.log'[/repr.filename]…
Logging subprocess to [repr.filename]'runs/synexp/5-synthesis-delay-1/synthesis-delay-1.log'[/repr.filename]…
Subprocess had a non-zero exit.
Subprocess had a non-zero exit.
Last 10 line(s):
Successfully finished Verilog frontend.

47. Executing Verilog-2005 frontend: /home/auc/si-sprint26-project-nanonpu/Backend/openlane/RTL/relu_buffer.sv
Parsing SystemVerilog input from `/home/auc/si-sprint26-project-nanonpu/Backend/openlane/RTL/relu_buffer.sv' to AST representation.
Storing AST representation for module `$abstract\relu_buffer'.
Successfully finished Verilog frontend.

48. Executing Verilog-2005 frontend: /home/auc/si-sprint26-project-nanonpu/Backend/openlane/RTL/relu_unit.sv
Parsing SystemVerilog input from `/home/auc/si-sprint26-project-nanonpu/Backend/openlane/RTL/relu_unit.sv' to AST representation.
/home/auc/si-sprint26-project-nanonpu/Backend/openlane/RTL/relu_unit.sv:56: ERROR: syntax error, unexpected OP_CAST

Last 10 line(s):
Successfully finished Verilog frontend.

47. Executing Verilog-2005 frontend: /home/auc/si-sprint26-project-nanonpu/Backend/openlane/RTL/relu_buffer.sv
Parsing SystemVerilog input from `/home/auc/si-sprint26-project-nanonpu/Backend/openlane/RTL/relu_buffer.sv' to AST representation.
Storing AST representation for module `$abstract\relu_buffer'.
Successfully finished Verilog frontend.

48. Executing Verilog-2005 frontend: /home/auc/si-sprint26-project-nanonpu/Backend/openlane/RTL/relu_unit.sv
Parsing SystemVerilog input from `/home/auc/si-sprint26-project-nanonpu/Backend/openlane/RTL/relu_unit.sv' to AST representation.
/home/auc/si-sprint26-project-nanonpu/Backend/openlane/RTL/relu_unit.sv:56: ERROR: syntax error, unexpected OP_CAST

Full log file: 'runs/synexp/5-synthesis-delay-1/synthesis-delay-1.log'
Full log file: 'runs/synexp/5-synthesis-delay-0/synthesis-delay-0.log'
Running 'synthesis-DELAY 2' at 'runs/synexp/5-synthesis-delay-2'…
Running 'synthesis-DELAY 3' at 'runs/synexp/5-synthesis-delay-3'…
Logging subprocess to [repr.filename]'runs/synexp/5-synthesis-delay-3/synthesis-delay-3.log'[/repr.filename]…
Logging subprocess to [repr.filename]'runs/synexp/5-synthesis-delay-2/synthesis-delay-2.log'[/repr.filename]…
Subprocess had a non-zero exit.
Subprocess had a non-zero exit.
Last 10 line(s):
Successfully finished Verilog frontend.

47. Executing Verilog-2005 frontend: /home/auc/si-sprint26-project-nanonpu/Backend/openlane/RTL/relu_buffer.sv
Parsing SystemVerilog input from `/home/auc/si-sprint26-project-nanonpu/Backend/openlane/RTL/relu_buffer.sv' to AST representation.
Storing AST representation for module `$abstract\relu_buffer'.
Successfully finished Verilog frontend.

48. Executing Verilog-2005 frontend: /home/auc/si-sprint26-project-nanonpu/Backend/openlane/RTL/relu_unit.sv
Parsing SystemVerilog input from `/home/auc/si-sprint26-project-nanonpu/Backend/openlane/RTL/relu_unit.sv' to AST representation.
/home/auc/si-sprint26-project-nanonpu/Backend/openlane/RTL/relu_unit.sv:56: ERROR: syntax error, unexpected OP_CAST

Last 10 line(s):
Successfully finished Verilog frontend.

47. Executing Verilog-2005 frontend: /home/auc/si-sprint26-project-nanonpu/Backend/openlane/RTL/relu_buffer.sv
Parsing SystemVerilog input from `/home/auc/si-sprint26-project-nanonpu/Backend/openlane/RTL/relu_buffer.sv' to AST representation.
Storing AST representation for module `$abstract\relu_buffer'.
Successfully finished Verilog frontend.

48. Executing Verilog-2005 frontend: /home/auc/si-sprint26-project-nanonpu/Backend/openlane/RTL/relu_unit.sv
Parsing SystemVerilog input from `/home/auc/si-sprint26-project-nanonpu/Backend/openlane/RTL/relu_unit.sv' to AST representation.
/home/auc/si-sprint26-project-nanonpu/Backend/openlane/RTL/relu_unit.sv:56: ERROR: syntax error, unexpected OP_CAST

Full log file: 'runs/synexp/5-synthesis-delay-2/synthesis-delay-2.log'
Full log file: 'runs/synexp/5-synthesis-delay-3/synthesis-delay-3.log'
Running 'synthesis-DELAY 4' at 'runs/synexp/5-synthesis-delay-4'…
Logging subprocess to [repr.filename]'runs/synexp/5-synthesis-delay-4/synthesis-delay-4.log'[/repr.filename]…
Subprocess had a non-zero exit.
Last 10 line(s):
Successfully finished Verilog frontend.

47. Executing Verilog-2005 frontend: /home/auc/si-sprint26-project-nanonpu/Backend/openlane/RTL/relu_buffer.sv
Parsing SystemVerilog input from `/home/auc/si-sprint26-project-nanonpu/Backend/openlane/RTL/relu_buffer.sv' to AST representation.
Storing AST representation for module `$abstract\relu_buffer'.
Successfully finished Verilog frontend.

48. Executing Verilog-2005 frontend: /home/auc/si-sprint26-project-nanonpu/Backend/openlane/RTL/relu_unit.sv
Parsing SystemVerilog input from `/home/auc/si-sprint26-project-nanonpu/Backend/openlane/RTL/relu_unit.sv' to AST representation.
/home/auc/si-sprint26-project-nanonpu/Backend/openlane/RTL/relu_unit.sv:56: ERROR: syntax error, unexpected OP_CAST

Full log file: 'runs/synexp/5-synthesis-delay-4/synthesis-delay-4.log'
Running 'synthesis-AREA 0' at 'runs/synexp/6-synthesis-area-0'…
Running 'synthesis-AREA 1' at 'runs/synexp/6-synthesis-area-1'…
Logging subprocess to [repr.filename]'runs/synexp/6-synthesis-area-0/synthesis-area-0.log'[/repr.filename]…
Logging subprocess to [repr.filename]'runs/synexp/6-synthesis-area-1/synthesis-area-1.log'[/repr.filename]…
Subprocess had a non-zero exit.
Last 10 line(s):
Successfully finished Verilog frontend.

47. Executing Verilog-2005 frontend: /home/auc/si-sprint26-project-nanonpu/Backend/openlane/RTL/relu_buffer.sv
Parsing SystemVerilog input from `/home/auc/si-sprint26-project-nanonpu/Backend/openlane/RTL/relu_buffer.sv' to AST representation.
Storing AST representation for module `$abstract\relu_buffer'.
Successfully finished Verilog frontend.

48. Executing Verilog-2005 frontend: /home/auc/si-sprint26-project-nanonpu/Backend/openlane/RTL/relu_unit.sv
Parsing SystemVerilog input from `/home/auc/si-sprint26-project-nanonpu/Backend/openlane/RTL/relu_unit.sv' to AST representation.
/home/auc/si-sprint26-project-nanonpu/Backend/openlane/RTL/relu_unit.sv:56: ERROR: syntax error, unexpected OP_CAST

Full log file: 'runs/synexp/6-synthesis-area-0/synthesis-area-0.log'
Running 'synthesis-AREA 2' at 'runs/synexp/6-synthesis-area-2'…
Logging subprocess to [repr.filename]'runs/synexp/6-synthesis-area-2/synthesis-area-2.log'[/repr.filename]…
Subprocess had a non-zero exit.
Last 10 line(s):
Successfully finished Verilog frontend.

47. Executing Verilog-2005 frontend: /home/auc/si-sprint26-project-nanonpu/Backend/openlane/RTL/relu_buffer.sv
Parsing SystemVerilog input from `/home/auc/si-sprint26-project-nanonpu/Backend/openlane/RTL/relu_buffer.sv' to AST representation.
Storing AST representation for module `$abstract\relu_buffer'.
Successfully finished Verilog frontend.

48. Executing Verilog-2005 frontend: /home/auc/si-sprint26-project-nanonpu/Backend/openlane/RTL/relu_unit.sv
Parsing SystemVerilog input from `/home/auc/si-sprint26-project-nanonpu/Backend/openlane/RTL/relu_unit.sv' to AST representation.
/home/auc/si-sprint26-project-nanonpu/Backend/openlane/RTL/relu_unit.sv:56: ERROR: syntax error, unexpected OP_CAST

Full log file: 'runs/synexp/6-synthesis-area-1/synthesis-area-1.log'
Running 'synthesis-AREA 3' at 'runs/synexp/6-synthesis-area-3'…
Logging subprocess to [repr.filename]'runs/synexp/6-synthesis-area-3/synthesis-area-3.log'[/repr.filename]…
Subprocess had a non-zero exit.
Last 10 line(s):
Successfully finished Verilog frontend.

47. Executing Verilog-2005 frontend: /home/auc/si-sprint26-project-nanonpu/Backend/openlane/RTL/relu_buffer.sv
Parsing SystemVerilog input from `/home/auc/si-sprint26-project-nanonpu/Backend/openlane/RTL/relu_buffer.sv' to AST representation.
Storing AST representation for module `$abstract\relu_buffer'.
Successfully finished Verilog frontend.

48. Executing Verilog-2005 frontend: /home/auc/si-sprint26-project-nanonpu/Backend/openlane/RTL/relu_unit.sv
Parsing SystemVerilog input from `/home/auc/si-sprint26-project-nanonpu/Backend/openlane/RTL/relu_unit.sv' to AST representation.
/home/auc/si-sprint26-project-nanonpu/Backend/openlane/RTL/relu_unit.sv:56: ERROR: syntax error, unexpected OP_CAST

Full log file: 'runs/synexp/6-synthesis-area-2/synthesis-area-2.log'
Running 'synthesis-DELAY 0' at 'runs/synexp/6-synthesis-delay-0'…
Logging subprocess to [repr.filename]'runs/synexp/6-synthesis-delay-0/synthesis-delay-0.log'[/repr.filename]…
Subprocess had a non-zero exit.
Last 10 line(s):
Successfully finished Verilog frontend.

47. Executing Verilog-2005 frontend: /home/auc/si-sprint26-project-nanonpu/Backend/openlane/RTL/relu_buffer.sv
Parsing SystemVerilog input from `/home/auc/si-sprint26-project-nanonpu/Backend/openlane/RTL/relu_buffer.sv' to AST representation.
Storing AST representation for module `$abstract\relu_buffer'.
Successfully finished Verilog frontend.

48. Executing Verilog-2005 frontend: /home/auc/si-sprint26-project-nanonpu/Backend/openlane/RTL/relu_unit.sv
Parsing SystemVerilog input from `/home/auc/si-sprint26-project-nanonpu/Backend/openlane/RTL/relu_unit.sv' to AST representation.
/home/auc/si-sprint26-project-nanonpu/Backend/openlane/RTL/relu_unit.sv:56: ERROR: syntax error, unexpected OP_CAST

Full log file: 'runs/synexp/6-synthesis-area-3/synthesis-area-3.log'
Running 'synthesis-DELAY 1' at 'runs/synexp/6-synthesis-delay-1'…
Logging subprocess to [repr.filename]'runs/synexp/6-synthesis-delay-1/synthesis-delay-1.log'[/repr.filename]…
Subprocess had a non-zero exit.
Last 10 line(s):
Successfully finished Verilog frontend.

47. Executing Verilog-2005 frontend: /home/auc/si-sprint26-project-nanonpu/Backend/openlane/RTL/relu_buffer.sv
Parsing SystemVerilog input from `/home/auc/si-sprint26-project-nanonpu/Backend/openlane/RTL/relu_buffer.sv' to AST representation.
Storing AST representation for module `$abstract\relu_buffer'.
Successfully finished Verilog frontend.

48. Executing Verilog-2005 frontend: /home/auc/si-sprint26-project-nanonpu/Backend/openlane/RTL/relu_unit.sv
Parsing SystemVerilog input from `/home/auc/si-sprint26-project-nanonpu/Backend/openlane/RTL/relu_unit.sv' to AST representation.
/home/auc/si-sprint26-project-nanonpu/Backend/openlane/RTL/relu_unit.sv:56: ERROR: syntax error, unexpected OP_CAST

Full log file: 'runs/synexp/6-synthesis-delay-0/synthesis-delay-0.log'
Running 'synthesis-DELAY 2' at 'runs/synexp/6-synthesis-delay-2'…
Logging subprocess to [repr.filename]'runs/synexp/6-synthesis-delay-2/synthesis-delay-2.log'[/repr.filename]…
Subprocess had a non-zero exit.
Last 10 line(s):
Successfully finished Verilog frontend.

47. Executing Verilog-2005 frontend: /home/auc/si-sprint26-project-nanonpu/Backend/openlane/RTL/relu_buffer.sv
Parsing SystemVerilog input from `/home/auc/si-sprint26-project-nanonpu/Backend/openlane/RTL/relu_buffer.sv' to AST representation.
Storing AST representation for module `$abstract\relu_buffer'.
Successfully finished Verilog frontend.

48. Executing Verilog-2005 frontend: /home/auc/si-sprint26-project-nanonpu/Backend/openlane/RTL/relu_unit.sv
Parsing SystemVerilog input from `/home/auc/si-sprint26-project-nanonpu/Backend/openlane/RTL/relu_unit.sv' to AST representation.
/home/auc/si-sprint26-project-nanonpu/Backend/openlane/RTL/relu_unit.sv:56: ERROR: syntax error, unexpected OP_CAST

Full log file: 'runs/synexp/6-synthesis-delay-1/synthesis-delay-1.log'
Running 'synthesis-DELAY 3' at 'runs/synexp/6-synthesis-delay-3'…
Logging subprocess to [repr.filename]'runs/synexp/6-synthesis-delay-3/synthesis-delay-3.log'[/repr.filename]…
Subprocess had a non-zero exit.
Last 10 line(s):
Successfully finished Verilog frontend.

47. Executing Verilog-2005 frontend: /home/auc/si-sprint26-project-nanonpu/Backend/openlane/RTL/relu_buffer.sv
Parsing SystemVerilog input from `/home/auc/si-sprint26-project-nanonpu/Backend/openlane/RTL/relu_buffer.sv' to AST representation.
Storing AST representation for module `$abstract\relu_buffer'.
Successfully finished Verilog frontend.

48. Executing Verilog-2005 frontend: /home/auc/si-sprint26-project-nanonpu/Backend/openlane/RTL/relu_unit.sv
Parsing SystemVerilog input from `/home/auc/si-sprint26-project-nanonpu/Backend/openlane/RTL/relu_unit.sv' to AST representation.
/home/auc/si-sprint26-project-nanonpu/Backend/openlane/RTL/relu_unit.sv:56: ERROR: syntax error, unexpected OP_CAST

Subprocess had a non-zero exit.
Full log file: 'runs/synexp/6-synthesis-delay-3/synthesis-delay-3.log'
Last 10 line(s):
Successfully finished Verilog frontend.

47. Executing Verilog-2005 frontend: /home/auc/si-sprint26-project-nanonpu/Backend/openlane/RTL/relu_buffer.sv
Parsing SystemVerilog input from `/home/auc/si-sprint26-project-nanonpu/Backend/openlane/RTL/relu_buffer.sv' to AST representation.
Storing AST representation for module `$abstract\relu_buffer'.
Successfully finished Verilog frontend.

48. Executing Verilog-2005 frontend: /home/auc/si-sprint26-project-nanonpu/Backend/openlane/RTL/relu_unit.sv
Parsing SystemVerilog input from `/home/auc/si-sprint26-project-nanonpu/Backend/openlane/RTL/relu_unit.sv' to AST representation.
/home/auc/si-sprint26-project-nanonpu/Backend/openlane/RTL/relu_unit.sv:56: ERROR: syntax error, unexpected OP_CAST

Full log file: 'runs/synexp/6-synthesis-delay-2/synthesis-delay-2.log'
Running 'synthesis-DELAY 4' at 'runs/synexp/6-synthesis-delay-4'…
Logging subprocess to [repr.filename]'runs/synexp/6-synthesis-delay-4/synthesis-delay-4.log'[/repr.filename]…
Subprocess had a non-zero exit.
Last 10 line(s):
Successfully finished Verilog frontend.

47. Executing Verilog-2005 frontend: /home/auc/si-sprint26-project-nanonpu/Backend/openlane/RTL/relu_buffer.sv
Parsing SystemVerilog input from `/home/auc/si-sprint26-project-nanonpu/Backend/openlane/RTL/relu_buffer.sv' to AST representation.
Storing AST representation for module `$abstract\relu_buffer'.
Successfully finished Verilog frontend.

48. Executing Verilog-2005 frontend: /home/auc/si-sprint26-project-nanonpu/Backend/openlane/RTL/relu_unit.sv
Parsing SystemVerilog input from `/home/auc/si-sprint26-project-nanonpu/Backend/openlane/RTL/relu_unit.sv' to AST representation.
/home/auc/si-sprint26-project-nanonpu/Backend/openlane/RTL/relu_unit.sv:56: ERROR: syntax error, unexpected OP_CAST

Full log file: 'runs/synexp/6-synthesis-delay-4/synthesis-delay-4.log'
Running 'synthesis-AREA 0' at 'runs/synexp/7-synthesis-area-0'…
Running 'synthesis-AREA 1' at 'runs/synexp/7-synthesis-area-1'…
Logging subprocess to [repr.filename]'runs/synexp/7-synthesis-area-1/synthesis-area-1.log'[/repr.filename]…
Logging subprocess to [repr.filename]'runs/synexp/7-synthesis-area-0/synthesis-area-0.log'[/repr.filename]…
Subprocess had a non-zero exit.
Last 10 line(s):
Successfully finished Verilog frontend.

47. Executing Verilog-2005 frontend: /home/auc/si-sprint26-project-nanonpu/Backend/openlane/RTL/relu_buffer.sv
Parsing SystemVerilog input from `/home/auc/si-sprint26-project-nanonpu/Backend/openlane/RTL/relu_buffer.sv' to AST representation.
Storing AST representation for module `$abstract\relu_buffer'.
Successfully finished Verilog frontend.

48. Executing Verilog-2005 frontend: /home/auc/si-sprint26-project-nanonpu/Backend/openlane/RTL/relu_unit.sv
Parsing SystemVerilog input from `/home/auc/si-sprint26-project-nanonpu/Backend/openlane/RTL/relu_unit.sv' to AST representation.
/home/auc/si-sprint26-project-nanonpu/Backend/openlane/RTL/relu_unit.sv:56: ERROR: syntax error, unexpected OP_CAST

Full log file: 'runs/synexp/7-synthesis-area-0/synthesis-area-0.log'
Running 'synthesis-AREA 2' at 'runs/synexp/7-synthesis-area-2'…
Logging subprocess to [repr.filename]'runs/synexp/7-synthesis-area-2/synthesis-area-2.log'[/repr.filename]…
Subprocess had a non-zero exit.
Last 10 line(s):
Successfully finished Verilog frontend.

47. Executing Verilog-2005 frontend: /home/auc/si-sprint26-project-nanonpu/Backend/openlane/RTL/relu_buffer.sv
Parsing SystemVerilog input from `/home/auc/si-sprint26-project-nanonpu/Backend/openlane/RTL/relu_buffer.sv' to AST representation.
Storing AST representation for module `$abstract\relu_buffer'.
Successfully finished Verilog frontend.

48. Executing Verilog-2005 frontend: /home/auc/si-sprint26-project-nanonpu/Backend/openlane/RTL/relu_unit.sv
Parsing SystemVerilog input from `/home/auc/si-sprint26-project-nanonpu/Backend/openlane/RTL/relu_unit.sv' to AST representation.
/home/auc/si-sprint26-project-nanonpu/Backend/openlane/RTL/relu_unit.sv:56: ERROR: syntax error, unexpected OP_CAST

Full log file: 'runs/synexp/7-synthesis-area-1/synthesis-area-1.log'
Running 'synthesis-AREA 3' at 'runs/synexp/7-synthesis-area-3'…
Logging subprocess to [repr.filename]'runs/synexp/7-synthesis-area-3/synthesis-area-3.log'[/repr.filename]…
Subprocess had a non-zero exit.
Last 10 line(s):
Successfully finished Verilog frontend.

47. Executing Verilog-2005 frontend: /home/auc/si-sprint26-project-nanonpu/Backend/openlane/RTL/relu_buffer.sv
Parsing SystemVerilog input from `/home/auc/si-sprint26-project-nanonpu/Backend/openlane/RTL/relu_buffer.sv' to AST representation.
Storing AST representation for module `$abstract\relu_buffer'.
Successfully finished Verilog frontend.

48. Executing Verilog-2005 frontend: /home/auc/si-sprint26-project-nanonpu/Backend/openlane/RTL/relu_unit.sv
Parsing SystemVerilog input from `/home/auc/si-sprint26-project-nanonpu/Backend/openlane/RTL/relu_unit.sv' to AST representation.
/home/auc/si-sprint26-project-nanonpu/Backend/openlane/RTL/relu_unit.sv:56: ERROR: syntax error, unexpected OP_CAST

Full log file: 'runs/synexp/7-synthesis-area-3/synthesis-area-3.log'
Running 'synthesis-DELAY 0' at 'runs/synexp/7-synthesis-delay-0'…
Logging subprocess to [repr.filename]'runs/synexp/7-synthesis-delay-0/synthesis-delay-0.log'[/repr.filename]…
Subprocess had a non-zero exit.
Last 10 line(s):
Successfully finished Verilog frontend.

47. Executing Verilog-2005 frontend: /home/auc/si-sprint26-project-nanonpu/Backend/openlane/RTL/relu_buffer.sv
Parsing SystemVerilog input from `/home/auc/si-sprint26-project-nanonpu/Backend/openlane/RTL/relu_buffer.sv' to AST representation.
Storing AST representation for module `$abstract\relu_buffer'.
Successfully finished Verilog frontend.

48. Executing Verilog-2005 frontend: /home/auc/si-sprint26-project-nanonpu/Backend/openlane/RTL/relu_unit.sv
Parsing SystemVerilog input from `/home/auc/si-sprint26-project-nanonpu/Backend/openlane/RTL/relu_unit.sv' to AST representation.
/home/auc/si-sprint26-project-nanonpu/Backend/openlane/RTL/relu_unit.sv:56: ERROR: syntax error, unexpected OP_CAST

Full log file: 'runs/synexp/7-synthesis-area-2/synthesis-area-2.log'
Running 'synthesis-DELAY 1' at 'runs/synexp/7-synthesis-delay-1'…
Logging subprocess to [repr.filename]'runs/synexp/7-synthesis-delay-1/synthesis-delay-1.log'[/repr.filename]…
Subprocess had a non-zero exit.
Last 10 line(s):
Successfully finished Verilog frontend.

47. Executing Verilog-2005 frontend: /home/auc/si-sprint26-project-nanonpu/Backend/openlane/RTL/relu_buffer.sv
Parsing SystemVerilog input from `/home/auc/si-sprint26-project-nanonpu/Backend/openlane/RTL/relu_buffer.sv' to AST representation.
Storing AST representation for module `$abstract\relu_buffer'.
Successfully finished Verilog frontend.

48. Executing Verilog-2005 frontend: /home/auc/si-sprint26-project-nanonpu/Backend/openlane/RTL/relu_unit.sv
Parsing SystemVerilog input from `/home/auc/si-sprint26-project-nanonpu/Backend/openlane/RTL/relu_unit.sv' to AST representation.
/home/auc/si-sprint26-project-nanonpu/Backend/openlane/RTL/relu_unit.sv:56: ERROR: syntax error, unexpected OP_CAST

Full log file: 'runs/synexp/7-synthesis-delay-1/synthesis-delay-1.log'
Running 'synthesis-DELAY 2' at 'runs/synexp/7-synthesis-delay-2'…
Logging subprocess to [repr.filename]'runs/synexp/7-synthesis-delay-2/synthesis-delay-2.log'[/repr.filename]…
Subprocess had a non-zero exit.
Last 10 line(s):
Successfully finished Verilog frontend.

47. Executing Verilog-2005 frontend: /home/auc/si-sprint26-project-nanonpu/Backend/openlane/RTL/relu_buffer.sv
Parsing SystemVerilog input from `/home/auc/si-sprint26-project-nanonpu/Backend/openlane/RTL/relu_buffer.sv' to AST representation.
Storing AST representation for module `$abstract\relu_buffer'.
Successfully finished Verilog frontend.

48. Executing Verilog-2005 frontend: /home/auc/si-sprint26-project-nanonpu/Backend/openlane/RTL/relu_unit.sv
Parsing SystemVerilog input from `/home/auc/si-sprint26-project-nanonpu/Backend/openlane/RTL/relu_unit.sv' to AST representation.
/home/auc/si-sprint26-project-nanonpu/Backend/openlane/RTL/relu_unit.sv:56: ERROR: syntax error, unexpected OP_CAST

Full log file: 'runs/synexp/7-synthesis-delay-0/synthesis-delay-0.log'
Running 'synthesis-DELAY 3' at 'runs/synexp/7-synthesis-delay-3'…
Logging subprocess to [repr.filename]'runs/synexp/7-synthesis-delay-3/synthesis-delay-3.log'[/repr.filename]…
Subprocess had a non-zero exit.
Last 10 line(s):
Successfully finished Verilog frontend.

47. Executing Verilog-2005 frontend: /home/auc/si-sprint26-project-nanonpu/Backend/openlane/RTL/relu_buffer.sv
Parsing SystemVerilog input from `/home/auc/si-sprint26-project-nanonpu/Backend/openlane/RTL/relu_buffer.sv' to AST representation.
Storing AST representation for module `$abstract\relu_buffer'.
Successfully finished Verilog frontend.

48. Executing Verilog-2005 frontend: /home/auc/si-sprint26-project-nanonpu/Backend/openlane/RTL/relu_unit.sv
Parsing SystemVerilog input from `/home/auc/si-sprint26-project-nanonpu/Backend/openlane/RTL/relu_unit.sv' to AST representation.
/home/auc/si-sprint26-project-nanonpu/Backend/openlane/RTL/relu_unit.sv:56: ERROR: syntax error, unexpected OP_CAST

Full log file: 'runs/synexp/7-synthesis-delay-2/synthesis-delay-2.log'
Running 'synthesis-DELAY 4' at 'runs/synexp/7-synthesis-delay-4'…
Logging subprocess to [repr.filename]'runs/synexp/7-synthesis-delay-4/synthesis-delay-4.log'[/repr.filename]…
Subprocess had a non-zero exit.
Last 10 line(s):
Successfully finished Verilog frontend.

47. Executing Verilog-2005 frontend: /home/auc/si-sprint26-project-nanonpu/Backend/openlane/RTL/relu_buffer.sv
Parsing SystemVerilog input from `/home/auc/si-sprint26-project-nanonpu/Backend/openlane/RTL/relu_buffer.sv' to AST representation.
Storing AST representation for module `$abstract\relu_buffer'.
Successfully finished Verilog frontend.

48. Executing Verilog-2005 frontend: /home/auc/si-sprint26-project-nanonpu/Backend/openlane/RTL/relu_unit.sv
Parsing SystemVerilog input from `/home/auc/si-sprint26-project-nanonpu/Backend/openlane/RTL/relu_unit.sv' to AST representation.
/home/auc/si-sprint26-project-nanonpu/Backend/openlane/RTL/relu_unit.sv:56: ERROR: syntax error, unexpected OP_CAST

Full log file: 'runs/synexp/7-synthesis-delay-3/synthesis-delay-3.log'
Subprocess had a non-zero exit.
Last 10 line(s):
Successfully finished Verilog frontend.

47. Executing Verilog-2005 frontend: /home/auc/si-sprint26-project-nanonpu/Backend/openlane/RTL/relu_buffer.sv
Parsing SystemVerilog input from `/home/auc/si-sprint26-project-nanonpu/Backend/openlane/RTL/relu_buffer.sv' to AST representation.
Storing AST representation for module `$abstract\relu_buffer'.
Successfully finished Verilog frontend.

48. Executing Verilog-2005 frontend: /home/auc/si-sprint26-project-nanonpu/Backend/openlane/RTL/relu_unit.sv
Parsing SystemVerilog input from `/home/auc/si-sprint26-project-nanonpu/Backend/openlane/RTL/relu_unit.sv' to AST representation.
/home/auc/si-sprint26-project-nanonpu/Backend/openlane/RTL/relu_unit.sv:56: ERROR: syntax error, unexpected OP_CAST

Full log file: 'runs/synexp/7-synthesis-delay-4/synthesis-delay-4.log'
Running 'synthesis-AREA 0' at 'runs/synexp/8-synthesis-area-0'…
Running 'synthesis-AREA 1' at 'runs/synexp/8-synthesis-area-1'…
Logging subprocess to [repr.filename]'runs/synexp/8-synthesis-area-0/synthesis-area-0.log'[/repr.filename]…
Logging subprocess to [repr.filename]'runs/synexp/8-synthesis-area-1/synthesis-area-1.log'[/repr.filename]…
Subprocess had a non-zero exit.
Last 10 line(s):
Successfully finished Verilog frontend.

47. Executing Verilog-2005 frontend: /home/auc/si-sprint26-project-nanonpu/Backend/openlane/RTL/relu_buffer.sv
Parsing SystemVerilog input from `/home/auc/si-sprint26-project-nanonpu/Backend/openlane/RTL/relu_buffer.sv' to AST representation.
Storing AST representation for module `$abstract\relu_buffer'.
Successfully finished Verilog frontend.

48. Executing Verilog-2005 frontend: /home/auc/si-sprint26-project-nanonpu/Backend/openlane/RTL/relu_unit.sv
Parsing SystemVerilog input from `/home/auc/si-sprint26-project-nanonpu/Backend/openlane/RTL/relu_unit.sv' to AST representation.
/home/auc/si-sprint26-project-nanonpu/Backend/openlane/RTL/relu_unit.sv:56: ERROR: syntax error, unexpected OP_CAST

Full log file: 'runs/synexp/8-synthesis-area-0/synthesis-area-0.log'
Subprocess had a non-zero exit.
Last 10 line(s):
Successfully finished Verilog frontend.

47. Executing Verilog-2005 frontend: /home/auc/si-sprint26-project-nanonpu/Backend/openlane/RTL/relu_buffer.sv
Parsing SystemVerilog input from `/home/auc/si-sprint26-project-nanonpu/Backend/openlane/RTL/relu_buffer.sv' to AST representation.
Storing AST representation for module `$abstract\relu_buffer'.
Successfully finished Verilog frontend.

48. Executing Verilog-2005 frontend: /home/auc/si-sprint26-project-nanonpu/Backend/openlane/RTL/relu_unit.sv
Parsing SystemVerilog input from `/home/auc/si-sprint26-project-nanonpu/Backend/openlane/RTL/relu_unit.sv' to AST representation.
/home/auc/si-sprint26-project-nanonpu/Backend/openlane/RTL/relu_unit.sv:56: ERROR: syntax error, unexpected OP_CAST

Full log file: 'runs/synexp/8-synthesis-area-1/synthesis-area-1.log'
Running 'synthesis-AREA 2' at 'runs/synexp/8-synthesis-area-2'…
Running 'synthesis-AREA 3' at 'runs/synexp/8-synthesis-area-3'…
Logging subprocess to [repr.filename]'runs/synexp/8-synthesis-area-2/synthesis-area-2.log'[/repr.filename]…
Logging subprocess to [repr.filename]'runs/synexp/8-synthesis-area-3/synthesis-area-3.log'[/repr.filename]…
Subprocess had a non-zero exit.
Last 10 line(s):
Successfully finished Verilog frontend.

47. Executing Verilog-2005 frontend: /home/auc/si-sprint26-project-nanonpu/Backend/openlane/RTL/relu_buffer.sv
Parsing SystemVerilog input from `/home/auc/si-sprint26-project-nanonpu/Backend/openlane/RTL/relu_buffer.sv' to AST representation.
Storing AST representation for module `$abstract\relu_buffer'.
Successfully finished Verilog frontend.

48. Executing Verilog-2005 frontend: /home/auc/si-sprint26-project-nanonpu/Backend/openlane/RTL/relu_unit.sv
Parsing SystemVerilog input from `/home/auc/si-sprint26-project-nanonpu/Backend/openlane/RTL/relu_unit.sv' to AST representation.
/home/auc/si-sprint26-project-nanonpu/Backend/openlane/RTL/relu_unit.sv:56: ERROR: syntax error, unexpected OP_CAST

Full log file: 'runs/synexp/8-synthesis-area-2/synthesis-area-2.log'
Running 'synthesis-DELAY 0' at 'runs/synexp/8-synthesis-delay-0'…
Logging subprocess to [repr.filename]'runs/synexp/8-synthesis-delay-0/synthesis-delay-0.log'[/repr.filename]…
Subprocess had a non-zero exit.
Last 10 line(s):
Successfully finished Verilog frontend.

47. Executing Verilog-2005 frontend: /home/auc/si-sprint26-project-nanonpu/Backend/openlane/RTL/relu_buffer.sv
Parsing SystemVerilog input from `/home/auc/si-sprint26-project-nanonpu/Backend/openlane/RTL/relu_buffer.sv' to AST representation.
Storing AST representation for module `$abstract\relu_buffer'.
Successfully finished Verilog frontend.

48. Executing Verilog-2005 frontend: /home/auc/si-sprint26-project-nanonpu/Backend/openlane/RTL/relu_unit.sv
Parsing SystemVerilog input from `/home/auc/si-sprint26-project-nanonpu/Backend/openlane/RTL/relu_unit.sv' to AST representation.
/home/auc/si-sprint26-project-nanonpu/Backend/openlane/RTL/relu_unit.sv:56: ERROR: syntax error, unexpected OP_CAST

Full log file: 'runs/synexp/8-synthesis-area-3/synthesis-area-3.log'
Running 'synthesis-DELAY 1' at 'runs/synexp/8-synthesis-delay-1'…
Logging subprocess to [repr.filename]'runs/synexp/8-synthesis-delay-1/synthesis-delay-1.log'[/repr.filename]…
Subprocess had a non-zero exit.
Last 10 line(s):
Successfully finished Verilog frontend.

47. Executing Verilog-2005 frontend: /home/auc/si-sprint26-project-nanonpu/Backend/openlane/RTL/relu_buffer.sv
Parsing SystemVerilog input from `/home/auc/si-sprint26-project-nanonpu/Backend/openlane/RTL/relu_buffer.sv' to AST representation.
Storing AST representation for module `$abstract\relu_buffer'.
Successfully finished Verilog frontend.

48. Executing Verilog-2005 frontend: /home/auc/si-sprint26-project-nanonpu/Backend/openlane/RTL/relu_unit.sv
Parsing SystemVerilog input from `/home/auc/si-sprint26-project-nanonpu/Backend/openlane/RTL/relu_unit.sv' to AST representation.
/home/auc/si-sprint26-project-nanonpu/Backend/openlane/RTL/relu_unit.sv:56: ERROR: syntax error, unexpected OP_CAST

Full log file: 'runs/synexp/8-synthesis-delay-0/synthesis-delay-0.log'
Running 'synthesis-DELAY 2' at 'runs/synexp/8-synthesis-delay-2'…
Logging subprocess to [repr.filename]'runs/synexp/8-synthesis-delay-2/synthesis-delay-2.log'[/repr.filename]…
Subprocess had a non-zero exit.
Last 10 line(s):
Successfully finished Verilog frontend.

47. Executing Verilog-2005 frontend: /home/auc/si-sprint26-project-nanonpu/Backend/openlane/RTL/relu_buffer.sv
Parsing SystemVerilog input from `/home/auc/si-sprint26-project-nanonpu/Backend/openlane/RTL/relu_buffer.sv' to AST representation.
Storing AST representation for module `$abstract\relu_buffer'.
Successfully finished Verilog frontend.

48. Executing Verilog-2005 frontend: /home/auc/si-sprint26-project-nanonpu/Backend/openlane/RTL/relu_unit.sv
Parsing SystemVerilog input from `/home/auc/si-sprint26-project-nanonpu/Backend/openlane/RTL/relu_unit.sv' to AST representation.
/home/auc/si-sprint26-project-nanonpu/Backend/openlane/RTL/relu_unit.sv:56: ERROR: syntax error, unexpected OP_CAST

Full log file: 'runs/synexp/8-synthesis-delay-1/synthesis-delay-1.log'
Running 'synthesis-DELAY 3' at 'runs/synexp/8-synthesis-delay-3'…
Logging subprocess to [repr.filename]'runs/synexp/8-synthesis-delay-3/synthesis-delay-3.log'[/repr.filename]…
Subprocess had a non-zero exit.
Last 10 line(s):
Successfully finished Verilog frontend.

47. Executing Verilog-2005 frontend: /home/auc/si-sprint26-project-nanonpu/Backend/openlane/RTL/relu_buffer.sv
Parsing SystemVerilog input from `/home/auc/si-sprint26-project-nanonpu/Backend/openlane/RTL/relu_buffer.sv' to AST representation.
Storing AST representation for module `$abstract\relu_buffer'.
Successfully finished Verilog frontend.

48. Executing Verilog-2005 frontend: /home/auc/si-sprint26-project-nanonpu/Backend/openlane/RTL/relu_unit.sv
Parsing SystemVerilog input from `/home/auc/si-sprint26-project-nanonpu/Backend/openlane/RTL/relu_unit.sv' to AST representation.
/home/auc/si-sprint26-project-nanonpu/Backend/openlane/RTL/relu_unit.sv:56: ERROR: syntax error, unexpected OP_CAST

Full log file: 'runs/synexp/8-synthesis-delay-2/synthesis-delay-2.log'
Running 'synthesis-DELAY 4' at 'runs/synexp/8-synthesis-delay-4'…
Logging subprocess to [repr.filename]'runs/synexp/8-synthesis-delay-4/synthesis-delay-4.log'[/repr.filename]…
Subprocess had a non-zero exit.
Last 10 line(s):
Successfully finished Verilog frontend.

47. Executing Verilog-2005 frontend: /home/auc/si-sprint26-project-nanonpu/Backend/openlane/RTL/relu_buffer.sv
Parsing SystemVerilog input from `/home/auc/si-sprint26-project-nanonpu/Backend/openlane/RTL/relu_buffer.sv' to AST representation.
Storing AST representation for module `$abstract\relu_buffer'.
Successfully finished Verilog frontend.

48. Executing Verilog-2005 frontend: /home/auc/si-sprint26-project-nanonpu/Backend/openlane/RTL/relu_unit.sv
Parsing SystemVerilog input from `/home/auc/si-sprint26-project-nanonpu/Backend/openlane/RTL/relu_unit.sv' to AST representation.
/home/auc/si-sprint26-project-nanonpu/Backend/openlane/RTL/relu_unit.sv:56: ERROR: syntax error, unexpected OP_CAST

Full log file: 'runs/synexp/8-synthesis-delay-3/synthesis-delay-3.log'
Subprocess had a non-zero exit.
Last 10 line(s):
Successfully finished Verilog frontend.

47. Executing Verilog-2005 frontend: /home/auc/si-sprint26-project-nanonpu/Backend/openlane/RTL/relu_buffer.sv
Parsing SystemVerilog input from `/home/auc/si-sprint26-project-nanonpu/Backend/openlane/RTL/relu_buffer.sv' to AST representation.
Storing AST representation for module `$abstract\relu_buffer'.
Successfully finished Verilog frontend.

48. Executing Verilog-2005 frontend: /home/auc/si-sprint26-project-nanonpu/Backend/openlane/RTL/relu_unit.sv
Parsing SystemVerilog input from `/home/auc/si-sprint26-project-nanonpu/Backend/openlane/RTL/relu_unit.sv' to AST representation.
/home/auc/si-sprint26-project-nanonpu/Backend/openlane/RTL/relu_unit.sv:56: ERROR: syntax error, unexpected OP_CAST

Full log file: 'runs/synexp/8-synthesis-delay-4/synthesis-delay-4.log'
Running 'synthesis-AREA 0' at 'runs/synexp/9-synthesis-area-0'…
Running 'synthesis-AREA 1' at 'runs/synexp/9-synthesis-area-1'…
Logging subprocess to [repr.filename]'runs/synexp/9-synthesis-area-0/synthesis-area-0.log'[/repr.filename]…
Logging subprocess to [repr.filename]'runs/synexp/9-synthesis-area-1/synthesis-area-1.log'[/repr.filename]…
Subprocess had a non-zero exit.
Last 10 line(s):
Successfully finished Verilog frontend.

49. Executing Verilog-2005 frontend: /home/auc/si-sprint26-project-nanonpu/Backend/openlane/RTL/scale_reg.sv
Parsing SystemVerilog input from `/home/auc/si-sprint26-project-nanonpu/Backend/openlane/RTL/scale_reg.sv' to AST representation.
Storing AST representation for module `$abstract\scale_reg'.
Successfully finished Verilog frontend.

50. Executing Verilog-2005 frontend: /home/auc/si-sprint26-project-nanonpu/Backend/openlane/RTL/store_engine.sv
Parsing SystemVerilog input from `/home/auc/si-sprint26-project-nanonpu/Backend/openlane/RTL/store_engine.sv' to AST representation.
/home/auc/si-sprint26-project-nanonpu/Backend/openlane/RTL/store_engine.sv:99: ERROR: syntax error, unexpected OP_CAST

Full log file: 'runs/synexp/9-synthesis-area-0/synthesis-area-0.log'
Subprocess had a non-zero exit.
Last 10 line(s):
Successfully finished Verilog frontend.

49. Executing Verilog-2005 frontend: /home/auc/si-sprint26-project-nanonpu/Backend/openlane/RTL/scale_reg.sv
Parsing SystemVerilog input from `/home/auc/si-sprint26-project-nanonpu/Backend/openlane/RTL/scale_reg.sv' to AST representation.
Storing AST representation for module `$abstract\scale_reg'.
Successfully finished Verilog frontend.

50. Executing Verilog-2005 frontend: /home/auc/si-sprint26-project-nanonpu/Backend/openlane/RTL/store_engine.sv
Parsing SystemVerilog input from `/home/auc/si-sprint26-project-nanonpu/Backend/openlane/RTL/store_engine.sv' to AST representation.
/home/auc/si-sprint26-project-nanonpu/Backend/openlane/RTL/store_engine.sv:99: ERROR: syntax error, unexpected OP_CAST

Full log file: 'runs/synexp/9-synthesis-area-1/synthesis-area-1.log'
Running 'synthesis-AREA 2' at 'runs/synexp/9-synthesis-area-2'…
Running 'synthesis-AREA 3' at 'runs/synexp/9-synthesis-area-3'…
Logging subprocess to [repr.filename]'runs/synexp/9-synthesis-area-2/synthesis-area-2.log'[/repr.filename]…
Logging subprocess to [repr.filename]'runs/synexp/9-synthesis-area-3/synthesis-area-3.log'[/repr.filename]…
Subprocess had a non-zero exit.
Last 10 line(s):
Successfully finished Verilog frontend.

49. Executing Verilog-2005 frontend: /home/auc/si-sprint26-project-nanonpu/Backend/openlane/RTL/scale_reg.sv
Parsing SystemVerilog input from `/home/auc/si-sprint26-project-nanonpu/Backend/openlane/RTL/scale_reg.sv' to AST representation.
Storing AST representation for module `$abstract\scale_reg'.
Successfully finished Verilog frontend.

50. Executing Verilog-2005 frontend: /home/auc/si-sprint26-project-nanonpu/Backend/openlane/RTL/store_engine.sv
Parsing SystemVerilog input from `/home/auc/si-sprint26-project-nanonpu/Backend/openlane/RTL/store_engine.sv' to AST representation.
/home/auc/si-sprint26-project-nanonpu/Backend/openlane/RTL/store_engine.sv:99: ERROR: syntax error, unexpected OP_CAST

Full log file: 'runs/synexp/9-synthesis-area-3/synthesis-area-3.log'
Running 'synthesis-DELAY 0' at 'runs/synexp/9-synthesis-delay-0'…
Subprocess had a non-zero exit.
Last 10 line(s):
Successfully finished Verilog frontend.

49. Executing Verilog-2005 frontend: /home/auc/si-sprint26-project-nanonpu/Backend/openlane/RTL/scale_reg.sv
Parsing SystemVerilog input from `/home/auc/si-sprint26-project-nanonpu/Backend/openlane/RTL/scale_reg.sv' to AST representation.
Storing AST representation for module `$abstract\scale_reg'.
Successfully finished Verilog frontend.

50. Executing Verilog-2005 frontend: /home/auc/si-sprint26-project-nanonpu/Backend/openlane/RTL/store_engine.sv
Parsing SystemVerilog input from `/home/auc/si-sprint26-project-nanonpu/Backend/openlane/RTL/store_engine.sv' to AST representation.
/home/auc/si-sprint26-project-nanonpu/Backend/openlane/RTL/store_engine.sv:99: ERROR: syntax error, unexpected OP_CAST

Full log file: 'runs/synexp/9-synthesis-area-2/synthesis-area-2.log'
Running 'synthesis-DELAY 1' at 'runs/synexp/9-synthesis-delay-1'…
Logging subprocess to [repr.filename]'runs/synexp/9-synthesis-delay-0/synthesis-delay-0.log'[/repr.filename]…
Logging subprocess to [repr.filename]'runs/synexp/9-synthesis-delay-1/synthesis-delay-1.log'[/repr.filename]…
Subprocess had a non-zero exit.
Last 10 line(s):
Successfully finished Verilog frontend.

49. Executing Verilog-2005 frontend: /home/auc/si-sprint26-project-nanonpu/Backend/openlane/RTL/scale_reg.sv
Parsing SystemVerilog input from `/home/auc/si-sprint26-project-nanonpu/Backend/openlane/RTL/scale_reg.sv' to AST representation.
Storing AST representation for module `$abstract\scale_reg'.
Successfully finished Verilog frontend.

50. Executing Verilog-2005 frontend: /home/auc/si-sprint26-project-nanonpu/Backend/openlane/RTL/store_engine.sv
Parsing SystemVerilog input from `/home/auc/si-sprint26-project-nanonpu/Backend/openlane/RTL/store_engine.sv' to AST representation.
/home/auc/si-sprint26-project-nanonpu/Backend/openlane/RTL/store_engine.sv:99: ERROR: syntax error, unexpected OP_CAST

Full log file: 'runs/synexp/9-synthesis-delay-0/synthesis-delay-0.log'
Running 'synthesis-DELAY 2' at 'runs/synexp/9-synthesis-delay-2'…
Subprocess had a non-zero exit.
Last 10 line(s):
Successfully finished Verilog frontend.

49. Executing Verilog-2005 frontend: /home/auc/si-sprint26-project-nanonpu/Backend/openlane/RTL/scale_reg.sv
Parsing SystemVerilog input from `/home/auc/si-sprint26-project-nanonpu/Backend/openlane/RTL/scale_reg.sv' to AST representation.
Storing AST representation for module `$abstract\scale_reg'.
Successfully finished Verilog frontend.

50. Executing Verilog-2005 frontend: /home/auc/si-sprint26-project-nanonpu/Backend/openlane/RTL/store_engine.sv
Parsing SystemVerilog input from `/home/auc/si-sprint26-project-nanonpu/Backend/openlane/RTL/store_engine.sv' to AST representation.
/home/auc/si-sprint26-project-nanonpu/Backend/openlane/RTL/store_engine.sv:99: ERROR: syntax error, unexpected OP_CAST

Full log file: 'runs/synexp/9-synthesis-delay-1/synthesis-delay-1.log'
Running 'synthesis-DELAY 3' at 'runs/synexp/9-synthesis-delay-3'…
Logging subprocess to [repr.filename]'runs/synexp/9-synthesis-delay-2/synthesis-delay-2.log'[/repr.filename]…
Logging subprocess to [repr.filename]'runs/synexp/9-synthesis-delay-3/synthesis-delay-3.log'[/repr.filename]…
Subprocess had a non-zero exit.
Last 10 line(s):
Successfully finished Verilog frontend.

49. Executing Verilog-2005 frontend: /home/auc/si-sprint26-project-nanonpu/Backend/openlane/RTL/scale_reg.sv
Parsing SystemVerilog input from `/home/auc/si-sprint26-project-nanonpu/Backend/openlane/RTL/scale_reg.sv' to AST representation.
Storing AST representation for module `$abstract\scale_reg'.
Successfully finished Verilog frontend.

50. Executing Verilog-2005 frontend: /home/auc/si-sprint26-project-nanonpu/Backend/openlane/RTL/store_engine.sv
Parsing SystemVerilog input from `/home/auc/si-sprint26-project-nanonpu/Backend/openlane/RTL/store_engine.sv' to AST representation.
/home/auc/si-sprint26-project-nanonpu/Backend/openlane/RTL/store_engine.sv:99: ERROR: syntax error, unexpected OP_CAST

Full log file: 'runs/synexp/9-synthesis-delay-2/synthesis-delay-2.log'
Running 'synthesis-DELAY 4' at 'runs/synexp/9-synthesis-delay-4'…
Subprocess had a non-zero exit.
Last 10 line(s):
Successfully finished Verilog frontend.

49. Executing Verilog-2005 frontend: /home/auc/si-sprint26-project-nanonpu/Backend/openlane/RTL/scale_reg.sv
Parsing SystemVerilog input from `/home/auc/si-sprint26-project-nanonpu/Backend/openlane/RTL/scale_reg.sv' to AST representation.
Storing AST representation for module `$abstract\scale_reg'.
Successfully finished Verilog frontend.

50. Executing Verilog-2005 frontend: /home/auc/si-sprint26-project-nanonpu/Backend/openlane/RTL/store_engine.sv
Parsing SystemVerilog input from `/home/auc/si-sprint26-project-nanonpu/Backend/openlane/RTL/store_engine.sv' to AST representation.
/home/auc/si-sprint26-project-nanonpu/Backend/openlane/RTL/store_engine.sv:99: ERROR: syntax error, unexpected OP_CAST

Full log file: 'runs/synexp/9-synthesis-delay-3/synthesis-delay-3.log'
Logging subprocess to [repr.filename]'runs/synexp/9-synthesis-delay-4/synthesis-delay-4.log'[/repr.filename]…
Subprocess had a non-zero exit.
Last 10 line(s):
Successfully finished Verilog frontend.

49. Executing Verilog-2005 frontend: /home/auc/si-sprint26-project-nanonpu/Backend/openlane/RTL/scale_reg.sv
Parsing SystemVerilog input from `/home/auc/si-sprint26-project-nanonpu/Backend/openlane/RTL/scale_reg.sv' to AST representation.
Storing AST representation for module `$abstract\scale_reg'.
Successfully finished Verilog frontend.

50. Executing Verilog-2005 frontend: /home/auc/si-sprint26-project-nanonpu/Backend/openlane/RTL/store_engine.sv
Parsing SystemVerilog input from `/home/auc/si-sprint26-project-nanonpu/Backend/openlane/RTL/store_engine.sv' to AST representation.
/home/auc/si-sprint26-project-nanonpu/Backend/openlane/RTL/store_engine.sv:99: ERROR: syntax error, unexpected OP_CAST

Full log file: 'runs/synexp/9-synthesis-delay-4/synthesis-delay-4.log'
Running 'synthesis-AREA 0' at 'runs/synexp/10-synthesis-area-0'…
Running 'synthesis-AREA 1' at 'runs/synexp/10-synthesis-area-1'…
Logging subprocess to [repr.filename]'runs/synexp/10-synthesis-area-0/synthesis-area-0.log'[/repr.filename]…
Logging subprocess to [repr.filename]'runs/synexp/10-synthesis-area-1/synthesis-area-1.log'[/repr.filename]…
