200. Printing statistics.

=== npu_system_top ===

        +----------Local Count, excluding submodules.
        |        +-Local Area, excluding submodules.
        |        | 
    64163        - wires
    73554        - wire bits
      392        - public wires
     9674        - public wire bits
        7        - ports
        7        - port bits
    72821 1.83E+05 cells
    17420        -   $_ANDNOT_
     1372        -   $_AND_
    19632        -   $_MUX_
     2414        -   $_NAND_
     2008        -   $_NOR_
      965        -   $_NOT_
     1028        -   $_ORNOT_
     6069        -   $_OR_
     4114        -   $_XNOR_
     9549        -   $_XOR_
     1480 3.89E+04   sky130_fd_sc_hd__dfrtp_2
       13  341.578   sky130_fd_sc_hd__dfstp_2
     6757 1.44E+05   sky130_fd_sc_hd__dfxtp_2

   Area for cell type $_ANDNOT_ is unknown!
   Area for cell type $_AND_ is unknown!
   Area for cell type $_MUX_ is unknown!
   Area for cell type $_NAND_ is unknown!
   Area for cell type $_NOR_ is unknown!
   Area for cell type $_NOT_ is unknown!
   Area for cell type $_ORNOT_ is unknown!
   Area for cell type $_OR_ is unknown!
   Area for cell type $_XNOR_ is unknown!
   Area for cell type $_XOR_ is unknown!

   Chip area for module '\npu_system_top': 182952.966400
     of which used for sequential elements: 182952.966400 (100.00%)

