
68. Executing CHECK pass (checking for obvious problems).
Checking module npu_system_top...
Checking module $paramod$cfa6985f858bc11959238c3a040965d1e42b20d2\ReLU...
Checking module $paramod$7e68c04742741369a0d0d49ddbdff602762dece3\uart_apb_master...
Checking module $paramod$62baa0f67ac0adab734db730771cfcbaa30a24e3\apb_splitter...
Checking module $paramod$098a683fa511ae696e81c1f6010f579b9f737c74\CU...
Checking module $paramod\mux2x1\DATA_WIDTH=s32'00000000000000000000000000000001...
Checking module $paramod\mux2x1\DATA_WIDTH=s32'00000000000000000000000000000101...
Checking module RAM32_...
Checking module $paramod\mux2x1\DATA_WIDTH=s32'00000000000000000000000000100000...
Checking module $paramod\mux4x1\DATA_WIDTH=s32'00000000000000000000000000000111...
Checking module $paramod\mux4x1\DATA_WIDTH=s32'00000000000000000000000000000001...
Checking module $paramod\mux4x1\DATA_WIDTH=s32'00000000000000000000000000000100...
Checking module RAM128x32_1RW1R...
Checking module $paramod$b5bfee101bbd1a0750ec94dd11b53b083b11ac53\pingpong_buffer...
Checking module $paramod$7526e3c037e3b34486b94f2ab6dd880907d67f8c\bias_buffer...
Checking module scale_reg...
Checking module $paramod$6b941633086a97e7ea4d5f367abe4ac9010a0379\SA_NxN_top...
Checking module $paramod$7526e3c037e3b34486b94f2ab6dd880907d67f8c\acc_buffer...
Checking module $paramod$7526e3c037e3b34486b94f2ab6dd880907d67f8c\bias_adder...
Checking module $paramod$7526e3c037e3b34486b94f2ab6dd880907d67f8c\pbias_buffer...
Checking module $paramod$90c499c6178402a0126748d857b43c4cccddcd15\req_unit...
Checking module $paramod\preq_buffer\SA_SIZE=s32'00000000000000000000000000000100...
Checking module $paramod$f0a5a9c5c4c40776fcf6fbb7e750ff572c6dc4d5\relu_unit...
Checking module $paramod$f0a5a9c5c4c40776fcf6fbb7e750ff572c6dc4d5\relu_buffer...
Checking module $paramod\mux2x1\DATA_WIDTH=s32'00000000000000000000000000000010...
Checking module $paramod$23ee40cdab8fcbae960c9b8230b4e5787b09eed1\store_engine...
Checking module $paramod$0c428583f26a0801f1a50b9ba65894b7409a86f1\uart_apb_sys...
Checking module $paramod$bfaafc7703597fba9ffc584116f04ed961391db7\npu_apb_decoder...
Checking module $paramod$00851a5a2faceb7410f3a86664bd2cb7d8221b96\npu_top...
Checking module $paramod$7904f5461f006b74c1565aacbf2e25bc3866f676\TRSDL...
Checking module $paramod$6b941633086a97e7ea4d5f367abe4ac9010a0379\SA_NxN...
Checking module baud_gen...
Checking module uart_rx...
Checking module uart_tx...
Checking module $paramod\cmd_parser\TIMEOUT_CYCLES=32'00000000010011000100101101000000...
Checking module apb_master...
Checking module resp_builder...
Checking module $paramod\SA_CU\N_SIZE=s32'00000000000000000000000000000100...
Checking module $paramod$4babacc897c0aafbb5e9bb1dd5d65a330d6a81a7\TRSRL...
Checking module $paramod$8c59983cdf132edc2bfd030c7423ec8459139830\PE...
Found and reported 0 problems.
