
 /----------------------------------------------------------------------------\
 |  yosys -- Yosys Open SYnthesis Suite                                       |
 |  Copyright (C) 2012 - 2026  Claire Xenia Wolf <claire@yosyshq.com>         |
 |  Distributed under an ISC-like license, type "license" to see terms        |
 \----------------------------------------------------------------------------/
 Yosys 0.62 (git sha1 7326bb7d6641500ecb285c291a54a662cb1e76cf, clang++ 21.1.2 -fPIC -O3)

1. Executing Liberty frontend: /home/auc/.ciel/ciel/sky130/versions/8afc8346a57fe1ab7934ba5a6056ea8b43078e71/sky130A/libs.ref/sky130_fd_sc_hd/lib/sky130_fd_sc_hd__tt_025C_1v80.lib
Imported 428 cell types from liberty file.
[INFO] Using SDC file '/home/auc/si-sprint26-project-nanonpu/Backend/openlane/runs/synexp/1-synthesis-area-1/synthesis.abc.sdc' for ABC…wtaf

2. Executing Verilog-2005 frontend: /home/auc/si-sprint26-project-nanonpu/Backend/openlane/RTL/apb_master.v
Parsing SystemVerilog input from `/home/auc/si-sprint26-project-nanonpu/Backend/openlane/RTL/apb_master.v' to AST representation.
Storing AST representation for module `$abstract\apb_master'.
Successfully finished Verilog frontend.

3. Executing Verilog-2005 frontend: /home/auc/si-sprint26-project-nanonpu/Backend/openlane/RTL/apb_splitter.v
Parsing SystemVerilog input from `/home/auc/si-sprint26-project-nanonpu/Backend/openlane/RTL/apb_splitter.v' to AST representation.
Storing AST representation for module `$abstract\apb_splitter'.
Successfully finished Verilog frontend.

4. Executing Verilog-2005 frontend: /home/auc/si-sprint26-project-nanonpu/Backend/openlane/RTL/baud_gen.v
Parsing SystemVerilog input from `/home/auc/si-sprint26-project-nanonpu/Backend/openlane/RTL/baud_gen.v' to AST representation.
Storing AST representation for module `$abstract\baud_gen'.
Successfully finished Verilog frontend.

5. Executing Verilog-2005 frontend: /home/auc/si-sprint26-project-nanonpu/Backend/openlane/RTL/cmd_parser.v
Parsing SystemVerilog input from `/home/auc/si-sprint26-project-nanonpu/Backend/openlane/RTL/cmd_parser.v' to AST representation.
Storing AST representation for module `$abstract\cmd_parser'.
Successfully finished Verilog frontend.

6. Executing Verilog-2005 frontend: /home/auc/si-sprint26-project-nanonpu/Backend/openlane/RTL/openframe_project_wrapper.v
Parsing SystemVerilog input from `/home/auc/si-sprint26-project-nanonpu/Backend/openlane/RTL/openframe_project_wrapper.v' to AST representation.
Storing AST representation for module `$abstract\openframe_project_wrapper'.
Successfully finished Verilog frontend.

7. Executing Verilog-2005 frontend: /home/auc/si-sprint26-project-nanonpu/Backend/openlane/RTL/project_macro_0_1.v
Parsing SystemVerilog input from `/home/auc/si-sprint26-project-nanonpu/Backend/openlane/RTL/project_macro_0_1.v' to AST representation.
Storing AST representation for module `$abstract\project_macro_0_1'.
Successfully finished Verilog frontend.

8. Executing Verilog-2005 frontend: /home/auc/si-sprint26-project-nanonpu/Backend/openlane/RTL/project_macro_0_2.v
Parsing SystemVerilog input from `/home/auc/si-sprint26-project-nanonpu/Backend/openlane/RTL/project_macro_0_2.v' to AST representation.
Storing AST representation for module `$abstract\project_macro_0_2'.
Successfully finished Verilog frontend.

9. Executing Verilog-2005 frontend: /home/auc/si-sprint26-project-nanonpu/Backend/openlane/RTL/project_macro_1_0.v
Parsing SystemVerilog input from `/home/auc/si-sprint26-project-nanonpu/Backend/openlane/RTL/project_macro_1_0.v' to AST representation.
Storing AST representation for module `$abstract\project_macro_1_0'.
Successfully finished Verilog frontend.

10. Executing Verilog-2005 frontend: /home/auc/si-sprint26-project-nanonpu/Backend/openlane/RTL/project_macro_1_1.v
Parsing SystemVerilog input from `/home/auc/si-sprint26-project-nanonpu/Backend/openlane/RTL/project_macro_1_1.v' to AST representation.
Storing AST representation for module `$abstract\project_macro_1_1'.
Successfully finished Verilog frontend.

11. Executing Verilog-2005 frontend: /home/auc/si-sprint26-project-nanonpu/Backend/openlane/RTL/project_macro_1_2.v
Parsing SystemVerilog input from `/home/auc/si-sprint26-project-nanonpu/Backend/openlane/RTL/project_macro_1_2.v' to AST representation.
Storing AST representation for module `$abstract\project_macro_1_2'.
Successfully finished Verilog frontend.

12. Executing Verilog-2005 frontend: /home/auc/si-sprint26-project-nanonpu/Backend/openlane/RTL/project_macro_2_0.v
Parsing SystemVerilog input from `/home/auc/si-sprint26-project-nanonpu/Backend/openlane/RTL/project_macro_2_0.v' to AST representation.
Storing AST representation for module `$abstract\project_macro_2_0'.
Successfully finished Verilog frontend.

13. Executing Verilog-2005 frontend: /home/auc/si-sprint26-project-nanonpu/Backend/openlane/RTL/project_macro_2_1.v
Parsing SystemVerilog input from `/home/auc/si-sprint26-project-nanonpu/Backend/openlane/RTL/project_macro_2_1.v' to AST representation.
Storing AST representation for module `$abstract\project_macro_2_1'.
Successfully finished Verilog frontend.

14. Executing Verilog-2005 frontend: /home/auc/si-sprint26-project-nanonpu/Backend/openlane/RTL/project_macro_2_2.v
Parsing SystemVerilog input from `/home/auc/si-sprint26-project-nanonpu/Backend/openlane/RTL/project_macro_2_2.v' to AST representation.
Storing AST representation for module `$abstract\project_macro_2_2'.
Successfully finished Verilog frontend.

15. Executing Verilog-2005 frontend: /home/auc/si-sprint26-project-nanonpu/Backend/openlane/RTL/project_macro_3_0.v
Parsing SystemVerilog input from `/home/auc/si-sprint26-project-nanonpu/Backend/openlane/RTL/project_macro_3_0.v' to AST representation.
Storing AST representation for module `$abstract\project_macro_3_0'.
Successfully finished Verilog frontend.

16. Executing Verilog-2005 frontend: /home/auc/si-sprint26-project-nanonpu/Backend/openlane/RTL/project_macro_3_1.v
Parsing SystemVerilog input from `/home/auc/si-sprint26-project-nanonpu/Backend/openlane/RTL/project_macro_3_1.v' to AST representation.
Storing AST representation for module `$abstract\project_macro_3_1'.
Successfully finished Verilog frontend.

17. Executing Verilog-2005 frontend: /home/auc/si-sprint26-project-nanonpu/Backend/openlane/RTL/project_macro_3_2.v
Parsing SystemVerilog input from `/home/auc/si-sprint26-project-nanonpu/Backend/openlane/RTL/project_macro_3_2.v' to AST representation.
Storing AST representation for module `$abstract\project_macro_3_2'.
Successfully finished Verilog frontend.

18. Executing Verilog-2005 frontend: /home/auc/si-sprint26-project-nanonpu/Backend/openlane/RTL/resp_builder.v
Parsing SystemVerilog input from `/home/auc/si-sprint26-project-nanonpu/Backend/openlane/RTL/resp_builder.v' to AST representation.
Storing AST representation for module `$abstract\resp_builder'.
Successfully finished Verilog frontend.

19. Executing Verilog-2005 frontend: /home/auc/si-sprint26-project-nanonpu/Backend/openlane/RTL/uart_apb_master.v
Parsing SystemVerilog input from `/home/auc/si-sprint26-project-nanonpu/Backend/openlane/RTL/uart_apb_master.v' to AST representation.
Storing AST representation for module `$abstract\uart_apb_master'.
Successfully finished Verilog frontend.

20. Executing Verilog-2005 frontend: /home/auc/si-sprint26-project-nanonpu/Backend/openlane/RTL/uart_apb_sys.v
Parsing SystemVerilog input from `/home/auc/si-sprint26-project-nanonpu/Backend/openlane/RTL/uart_apb_sys.v' to AST representation.
Storing AST representation for module `$abstract\uart_apb_sys'.
Successfully finished Verilog frontend.

21. Executing Verilog-2005 frontend: /home/auc/si-sprint26-project-nanonpu/Backend/openlane/RTL/uart_rx.v
Parsing SystemVerilog input from `/home/auc/si-sprint26-project-nanonpu/Backend/openlane/RTL/uart_rx.v' to AST representation.
Storing AST representation for module `$abstract\uart_rx'.
Successfully finished Verilog frontend.

22. Executing Verilog-2005 frontend: /home/auc/si-sprint26-project-nanonpu/Backend/openlane/RTL/uart_tx.v
Parsing SystemVerilog input from `/home/auc/si-sprint26-project-nanonpu/Backend/openlane/RTL/uart_tx.v' to AST representation.
Storing AST representation for module `$abstract\uart_tx'.
Successfully finished Verilog frontend.

23. Executing HIERARCHY pass (managing design hierarchy).
ERROR: Module `project_macro' not found!
