
===========================================================================
Violator List
============================================================================
[setup reg-reg] _166390_/Q -> _167937_/D : -43.289787
[setup reg-reg] _166390_/Q -> _167922_/D : -43.177567
[setup reg-reg] _166390_/Q -> _167917_/D : -43.149448
[setup reg-reg] _166390_/Q -> _167927_/D : -43.089661
[setup reg-reg] _166390_/Q -> _167928_/D : -43.009975
[setup reg-reg] _166390_/Q -> _167929_/D : -42.991264
[setup reg-reg] _166390_/Q -> _167931_/D : -42.966431
[setup reg-reg] _166390_/Q -> _167944_/D : -42.965946
[setup reg-reg] _166390_/Q -> _167920_/D : -42.958153
[setup reg-reg] _166390_/Q -> _167936_/D : -42.955002
[setup reg-reg] _166390_/Q -> _167925_/D : -42.903660
[setup reg-reg] _166390_/Q -> _167918_/D : -42.900524
[setup reg-reg] _166390_/Q -> _167934_/D : -42.876545
[setup reg-reg] _166390_/Q -> _167948_/D : -42.850288
[setup reg-reg] _166390_/Q -> _167941_/D : -42.822338
[setup reg-reg] _166390_/Q -> _167947_/D : -42.808910
[setup reg-reg] _166390_/Q -> _167933_/D : -42.804539
[setup reg-reg] _166390_/Q -> _167930_/D : -42.792656
[setup reg-reg] _166390_/Q -> _167940_/D : -42.768135
[setup reg-reg] _166390_/Q -> _167919_/D : -42.756706
[setup reg-reg] _166390_/Q -> _167924_/D : -42.754078
[setup reg-reg] _166390_/Q -> _167926_/D : -42.731022
[setup reg-reg] _166390_/Q -> _167923_/D : -42.727245
[setup reg-reg] _166390_/Q -> _167932_/D : -42.724495
[setup reg-reg] _166390_/Q -> _167946_/D : -42.707199
[setup reg-reg] _166390_/Q -> _167939_/D : -42.669422
[setup reg-reg] _166390_/Q -> _167945_/D : -42.668449
[setup reg-reg] _166390_/Q -> _167935_/D : -42.623486
[setup reg-reg] _166390_/Q -> _167942_/D : -42.607979
[setup reg-reg] _166390_/Q -> _167938_/D : -42.599361
[setup reg-reg] _166390_/Q -> _167921_/D : -42.565720
[setup reg-reg] _166390_/Q -> _167943_/D : -42.054424
[setup reg-reg] _166390_/Q -> _162679_/D : -39.988163
[setup reg-reg] _166390_/Q -> _162673_/D : -39.988029
[setup reg-reg] _166390_/Q -> _162674_/D : -39.987984
[setup reg-reg] _166390_/Q -> _162675_/D : -39.987972
[setup reg-reg] _166390_/Q -> _162677_/D : -39.988007
[setup reg-reg] _166390_/Q -> _162678_/D : -39.987999
[setup reg-reg] _166390_/Q -> _162686_/D : -39.987988
[setup reg-reg] _166390_/Q -> _162687_/D : -39.988007
[setup reg-reg] _166390_/Q -> _162688_/D : -39.987988
[setup reg-reg] _166390_/Q -> _162689_/D : -39.987965
[setup reg-reg] _166390_/Q -> _162690_/D : -39.987972
[setup reg-reg] _166390_/Q -> _162694_/D : -39.987957
[setup reg-reg] _166390_/Q -> _162697_/D : -39.987957
[setup reg-reg] _166390_/Q -> _162703_/D : -39.987984
[setup reg-reg] _166390_/Q -> _162676_/D : -39.987915
[setup reg-reg] _166390_/Q -> _162680_/D : -39.987930
[setup reg-reg] _166390_/Q -> _162681_/D : -39.987904
[setup reg-reg] _166390_/Q -> _162684_/D : -39.987915
[setup reg-reg] _166390_/Q -> _162691_/D : -39.987904
[setup reg-reg] _166390_/Q -> _162696_/D : -39.987938
[setup reg-reg] _166390_/Q -> _162698_/D : -39.987976
[setup reg-reg] _166390_/Q -> _162699_/D : -39.987934
[setup reg-reg] _166390_/Q -> _162700_/D : -39.987942
[setup reg-reg] _166390_/Q -> _162685_/D : -39.987858
[setup reg-reg] _166390_/Q -> _162692_/D : -39.987888
[setup reg-reg] _166390_/Q -> _162693_/D : -39.987881
[setup reg-reg] _166390_/Q -> _162695_/D : -39.987873
[setup reg-reg] _166390_/Q -> _162701_/D : -39.987888
[setup reg-reg] _166390_/Q -> _162704_/D : -39.987881
[setup reg-reg] _166390_/Q -> _162682_/D : -39.987801
[setup reg-reg] _166390_/Q -> _162683_/D : -39.987793
[setup reg-reg] _166390_/Q -> _162702_/D : -39.987823
[setup reg-reg] _166390_/Q -> _161431_/D : -39.986145
[setup reg-reg] _166390_/Q -> _161425_/D : -39.986012
[setup reg-reg] _166390_/Q -> _161426_/D : -39.985970
[setup reg-reg] _166390_/Q -> _161427_/D : -39.985954
[setup reg-reg] _166390_/Q -> _161429_/D : -39.985989
[setup reg-reg] _166390_/Q -> _161430_/D : -39.985981
[setup reg-reg] _166390_/Q -> _161438_/D : -39.985970
[setup reg-reg] _166390_/Q -> _161439_/D : -39.985989
[setup reg-reg] _166390_/Q -> _161440_/D : -39.985970
[setup reg-reg] _166390_/Q -> _161441_/D : -39.985947
[setup reg-reg] _166390_/Q -> _161442_/D : -39.985954
[setup reg-reg] _166390_/Q -> _161446_/D : -39.985939
[setup reg-reg] _166390_/Q -> _161449_/D : -39.985939
[setup reg-reg] _166390_/Q -> _161450_/D : -39.985958
[setup reg-reg] _166390_/Q -> _161455_/D : -39.985966
[setup reg-reg] _166390_/Q -> _161428_/D : -39.985897
[setup reg-reg] _166390_/Q -> _161432_/D : -39.985912
[setup reg-reg] _166390_/Q -> _161433_/D : -39.985886
[setup reg-reg] _166390_/Q -> _161436_/D : -39.985897
[setup reg-reg] _166390_/Q -> _161443_/D : -39.985886
[setup reg-reg] _166390_/Q -> _161448_/D : -39.985920
[setup reg-reg] _166390_/Q -> _161451_/D : -39.985916
[setup reg-reg] _166390_/Q -> _161452_/D : -39.985924
[setup reg-reg] _166390_/Q -> _161444_/D : -39.985870
[setup reg-reg] _166390_/Q -> _161445_/D : -39.985867
[setup reg-reg] _166390_/Q -> _161447_/D : -39.985855
[setup reg-reg] _166390_/Q -> _161453_/D : -39.985870
[setup reg-reg] _166390_/Q -> _161456_/D : -39.985867
[setup reg-reg] _166390_/Q -> _161434_/D : -39.985783
[setup reg-reg] _166390_/Q -> _161435_/D : -39.985775
[setup reg-reg] _166390_/Q -> _161454_/D : -39.985806
[setup reg-reg] _166390_/Q -> _162135_/D : -39.980255
[setup reg-reg] _166390_/Q -> _162129_/D : -39.980122
[setup reg-reg] _166390_/Q -> _162130_/D : -39.980076
[setup reg-reg] _166390_/Q -> _162131_/D : -39.980064
[setup reg-reg] _166390_/Q -> _162133_/D : -39.980099
[setup reg-reg] _166390_/Q -> _162134_/D : -39.980091
[setup reg-reg] _166390_/Q -> _162142_/D : -39.980080
[setup reg-reg] _166390_/Q -> _162143_/D : -39.980099
[setup reg-reg] _166390_/Q -> _162144_/D : -39.980080
[setup reg-reg] _166390_/Q -> _162145_/D : -39.980057
[setup reg-reg] _166390_/Q -> _162146_/D : -39.980064
[setup reg-reg] _166390_/Q -> _162159_/D : -39.980072
[setup reg-reg] _166390_/Q -> _162132_/D : -39.980007
[setup reg-reg] _166390_/Q -> _162136_/D : -39.980019
[setup reg-reg] _166390_/Q -> _162137_/D : -39.979996
[setup reg-reg] _166390_/Q -> _162140_/D : -39.980007
[setup reg-reg] _166390_/Q -> _162147_/D : -39.979996
[setup reg-reg] _166390_/Q -> _162152_/D : -39.980030
[setup reg-reg] _166390_/Q -> _162153_/D : -39.980049
[setup reg-reg] _166390_/Q -> _162155_/D : -39.980026
[setup reg-reg] _166390_/Q -> _162156_/D : -39.980034
[setup reg-reg] _166390_/Q -> _162141_/D : -39.979950
[setup reg-reg] _166390_/Q -> _162148_/D : -39.979980
[setup reg-reg] _166390_/Q -> _162149_/D : -39.979973
[setup reg-reg] _166390_/Q -> _162151_/D : -39.979965
[setup reg-reg] _166390_/Q -> _162157_/D : -39.979980
[setup reg-reg] _166390_/Q -> _162160_/D : -39.979973
[setup reg-reg] _166390_/Q -> _162139_/D : -39.979885
[setup reg-reg] _166390_/Q -> _162158_/D : -39.979916
[setup reg-reg] _166390_/Q -> _163799_/D : -39.974045
[setup reg-reg] _166390_/Q -> _163793_/D : -39.973911
[setup reg-reg] _166390_/Q -> _163794_/D : -39.973866
[setup reg-reg] _166390_/Q -> _163795_/D : -39.973854
[setup reg-reg] _166390_/Q -> _163797_/D : -39.973888
[setup reg-reg] _166390_/Q -> _163798_/D : -39.973881
[setup reg-reg] _166390_/Q -> _163806_/D : -39.973869
[setup reg-reg] _166390_/Q -> _163807_/D : -39.973888
[setup reg-reg] _166390_/Q -> _163808_/D : -39.973869
[setup reg-reg] _166390_/Q -> _163809_/D : -39.973846
[setup reg-reg] _166390_/Q -> _163810_/D : -39.973854
[setup reg-reg] _166390_/Q -> _163823_/D : -39.973862
[setup reg-reg] _166390_/Q -> _163796_/D : -39.973797
[setup reg-reg] _166390_/Q -> _163800_/D : -39.973812
[setup reg-reg] _166390_/Q -> _163814_/D : -39.973839
[setup reg-reg] _166390_/Q -> _163801_/D : -39.973785
[setup reg-reg] _166390_/Q -> _163804_/D : -39.973797
[setup reg-reg] _166390_/Q -> _163816_/D : -39.973820
[setup reg-reg] _166390_/Q -> _163817_/D : -39.973839
[setup reg-reg] _166390_/Q -> _163818_/D : -39.973858
[setup reg-reg] _166390_/Q -> _163820_/D : -39.973824
[setup reg-reg] _166390_/Q -> _163805_/D : -39.973740
[setup reg-reg] _166390_/Q -> _163813_/D : -39.973763
[setup reg-reg] _166390_/Q -> _163821_/D : -39.973770
[setup reg-reg] _166390_/Q -> _163824_/D : -39.973763
[setup reg-reg] _166390_/Q -> _163803_/D : -39.973675
[setup reg-reg] _166390_/Q -> _163822_/D : -39.973705
[setup reg-reg] _166390_/Q -> _161138_/D : -39.946533
[setup reg-reg] _166390_/Q -> _161139_/D : -39.946518
[setup reg-reg] _166390_/Q -> _161142_/D : -39.946548
[setup reg-reg] _166390_/Q -> _161150_/D : -39.946537
[setup reg-reg] _166390_/Q -> _161151_/D : -39.946552
[setup reg-reg] _166390_/Q -> _161162_/D : -39.946522
[setup reg-reg] _166390_/Q -> _161144_/D : -39.946476
[setup reg-reg] _166390_/Q -> _161153_/D : -39.946510
[setup reg-reg] _166390_/Q -> _161154_/D : -39.946518
[setup reg-reg] _166390_/Q -> _161167_/D : -39.946529
[setup reg-reg] _166390_/Q -> _161148_/D : -39.946461
[setup reg-reg] _166390_/Q -> _161155_/D : -39.946449
[setup reg-reg] _166390_/Q -> _161160_/D : -39.946487
[setup reg-reg] _166390_/Q -> _161156_/D : -39.946438
[setup reg-reg] _166390_/Q -> _161159_/D : -39.946419
[setup reg-reg] _166390_/Q -> _161165_/D : -39.946438
[setup reg-reg] _166390_/Q -> _161146_/D : -39.946346
[setup reg-reg] _166390_/Q -> _161166_/D : -39.946369
[setup reg-reg] _166390_/Q -> _163473_/D : -39.945759
[setup reg-reg] _166390_/Q -> _163474_/D : -39.945717
[setup reg-reg] _166390_/Q -> _163475_/D : -39.945702
[setup reg-reg] _166390_/Q -> _163480_/D : -39.945660
[setup reg-reg] _166390_/Q -> _163491_/D : -39.945633
[setup reg-reg] _166390_/Q -> _163492_/D : -39.945618
[setup reg-reg] _166390_/Q -> _163493_/D : -39.945614
[setup reg-reg] _166390_/Q -> _163504_/D : -39.945614
[setup reg-reg] _166390_/Q -> _160902_/D : -39.937103
[setup reg-reg] _166390_/Q -> _160911_/D : -39.937130
[setup reg-reg] _166390_/Q -> _160892_/D : -39.937061
[setup reg-reg] _166390_/Q -> _160903_/D : -39.937019
[setup reg-reg] _166390_/Q -> _160890_/D : -39.936947
[setup reg-reg] _166390_/Q -> _163255_/D : -39.935135
[setup reg-reg] _166390_/Q -> _163249_/D : -39.935001
[setup reg-reg] _166390_/Q -> _163250_/D : -39.934959
[setup reg-reg] _166390_/Q -> _163251_/D : -39.934944
[setup reg-reg] _166390_/Q -> _163253_/D : -39.934978
[setup reg-reg] _166390_/Q -> _163254_/D : -39.934971
[setup reg-reg] _166390_/Q -> _163262_/D : -39.934963
[setup reg-reg] _166390_/Q -> _163263_/D : -39.934978
[setup reg-reg] _166390_/Q -> _163264_/D : -39.934963
[setup reg-reg] _166390_/Q -> _163256_/D : -39.934902
[setup reg-reg] _166390_/Q -> _163265_/D : -39.934937
[setup reg-reg] _166390_/Q -> _163266_/D : -39.934944
[setup reg-reg] _166390_/Q -> _163270_/D : -39.934929
[setup reg-reg] _166390_/Q -> _163274_/D : -39.934948
[setup reg-reg] _166390_/Q -> _163252_/D : -39.934887
[setup reg-reg] _166390_/Q -> _163257_/D : -39.934875
[setup reg-reg] _166390_/Q -> _163260_/D : -39.934887
[setup reg-reg] _166390_/Q -> _163267_/D : -39.934875
[setup reg-reg] _166390_/Q -> _163272_/D : -39.934910
[setup reg-reg] _166390_/Q -> _163273_/D : -39.934929
[setup reg-reg] _166390_/Q -> _163275_/D : -39.934910
[setup reg-reg] _166390_/Q -> _163276_/D : -39.934914
[setup reg-reg] _166390_/Q -> _163279_/D : -39.934956
[setup reg-reg] _166390_/Q -> _163261_/D : -39.934830
[setup reg-reg] _166390_/Q -> _163268_/D : -39.934860
[setup reg-reg] _166390_/Q -> _163269_/D : -39.934856
[setup reg-reg] _166390_/Q -> _163271_/D : -39.934845
[setup reg-reg] _166390_/Q -> _163277_/D : -39.934860
[setup reg-reg] _166390_/Q -> _163280_/D : -39.934856
[setup reg-reg] _166390_/Q -> _163258_/D : -39.934772
[setup reg-reg] _166390_/Q -> _163259_/D : -39.934765
[setup reg-reg] _166390_/Q -> _163278_/D : -39.934795
[setup reg-reg] _166390_/Q -> _162385_/D : -39.929230
[setup reg-reg] _166390_/Q -> _162398_/D : -39.929192
[setup reg-reg] _166390_/Q -> _162402_/D : -39.929173
[setup reg-reg] _166390_/Q -> _162409_/D : -39.929161
[setup reg-reg] _166390_/Q -> _162415_/D : -39.929184
[setup reg-reg] _166390_/Q -> _162411_/D : -39.929138
[setup reg-reg] _166390_/Q -> _162397_/D : -39.929062
[setup reg-reg] _166390_/Q -> _162404_/D : -39.929092
[setup reg-reg] _166390_/Q -> _162407_/D : -39.929073
[setup reg-reg] _166390_/Q -> _162414_/D : -39.929024
[setup reg-reg] _166390_/Q -> _161713_/D : -39.908611
[setup reg-reg] _166390_/Q -> _161718_/D : -39.908581
[setup reg-reg] _166390_/Q -> _161726_/D : -39.908573
[setup reg-reg] _166390_/Q -> _161729_/D : -39.908546
[setup reg-reg] _166390_/Q -> _161740_/D : -39.908527
[setup reg-reg] _166390_/Q -> _164087_/D : -39.907658
[setup reg-reg] _166390_/Q -> _164082_/D : -39.907482
[setup reg-reg] _166390_/Q -> _164083_/D : -39.907467
[setup reg-reg] _166390_/Q -> _164085_/D : -39.907501
[setup reg-reg] _166390_/Q -> _164086_/D : -39.907494
[setup reg-reg] _166390_/Q -> _164096_/D : -39.907486
[setup reg-reg] _166390_/Q -> _164097_/D : -39.907459
[setup reg-reg] _166390_/Q -> _164098_/D : -39.907467
[setup reg-reg] _166390_/Q -> _164102_/D : -39.907452
[setup reg-reg] _166390_/Q -> _164106_/D : -39.907471
[setup reg-reg] _166390_/Q -> _164089_/D : -39.907398
[setup reg-reg] _166390_/Q -> _164092_/D : -39.907410
[setup reg-reg] _166390_/Q -> _164099_/D : -39.907398
[setup reg-reg] _166390_/Q -> _164107_/D : -39.907433
[setup reg-reg] _166390_/Q -> _164108_/D : -39.907440
[setup reg-reg] _166390_/Q -> _164111_/D : -39.907478
[setup reg-reg] _166390_/Q -> _164101_/D : -39.907379
[setup reg-reg] _166390_/Q -> _164103_/D : -39.907368
[setup reg-reg] _166390_/Q -> _164112_/D : -39.907379
[setup reg-reg] _166390_/Q -> _164090_/D : -39.907295
[setup reg-reg] _166390_/Q -> _164091_/D : -39.907288
[setup reg-reg] _166390_/Q -> _164110_/D : -39.907318
[setup reg-reg] _166390_/Q -> _160855_/D : -39.906090
[setup reg-reg] _166390_/Q -> _160849_/D : -39.905952
[setup reg-reg] _166390_/Q -> _160850_/D : -39.905910
[setup reg-reg] _166390_/Q -> _160853_/D : -39.905933
[setup reg-reg] _166390_/Q -> _160854_/D : -39.905926
[setup reg-reg] _166390_/Q -> _160862_/D : -39.905914
[setup reg-reg] _166390_/Q -> _160863_/D : -39.905933
[setup reg-reg] _166390_/Q -> _160864_/D : -39.905914
[setup reg-reg] _166390_/Q -> _160856_/D : -39.905853
[setup reg-reg] _166390_/Q -> _160865_/D : -39.905888
[setup reg-reg] _166390_/Q -> _160866_/D : -39.905895
[setup reg-reg] _166390_/Q -> _160870_/D : -39.905884
[setup reg-reg] _166390_/Q -> _160873_/D : -39.905884
[setup reg-reg] _166390_/Q -> _160879_/D : -39.905907
[setup reg-reg] _166390_/Q -> _160852_/D : -39.905838
[setup reg-reg] _166390_/Q -> _160857_/D : -39.905830
[setup reg-reg] _166390_/Q -> _160860_/D : -39.905838
[setup reg-reg] _166390_/Q -> _160867_/D : -39.905830
[setup reg-reg] _166390_/Q -> _160872_/D : -39.905865
[setup reg-reg] _166390_/Q -> _160874_/D : -39.905899
[setup reg-reg] _166390_/Q -> _160875_/D : -39.905861
[setup reg-reg] _166390_/Q -> _160876_/D : -39.905869
[setup reg-reg] _166390_/Q -> _160861_/D : -39.905785
[setup reg-reg] _166390_/Q -> _160868_/D : -39.905815
[setup reg-reg] _166390_/Q -> _160877_/D : -39.905815
[setup reg-reg] _166390_/Q -> _160858_/D : -39.905727
[setup reg-reg] _166390_/Q -> _160859_/D : -39.905720
[setup reg-reg] _166390_/Q -> _160878_/D : -39.905746
[setup reg-reg] _166390_/Q -> _161437_/D : -39.898426
[setup reg-reg] _166390_/Q -> _162138_/D : -39.890423
[setup reg-reg] _166390_/Q -> _162150_/D : -39.890423
[setup reg-reg] _166390_/Q -> _162154_/D : -39.890423
[setup reg-reg] _166390_/Q -> _163761_/D : -39.865688
[setup reg-reg] _166390_/Q -> _163762_/D : -39.865643
[setup reg-reg] _166390_/Q -> _163765_/D : -39.865665
[setup reg-reg] _166390_/Q -> _163766_/D : -39.865658
[setup reg-reg] _166390_/Q -> _163774_/D : -39.865646
[setup reg-reg] _166390_/Q -> _163775_/D : -39.865665
[setup reg-reg] _166390_/Q -> _163782_/D : -39.865616
[setup reg-reg] _166390_/Q -> _163791_/D : -39.865643
[setup reg-reg] _166390_/Q -> _163764_/D : -39.865574
[setup reg-reg] _166390_/Q -> _163768_/D : -39.865589
[setup reg-reg] _166390_/Q -> _163779_/D : -39.865562
[setup reg-reg] _166390_/Q -> _163784_/D : -39.865597
[setup reg-reg] _166390_/Q -> _163785_/D : -39.865616
[setup reg-reg] _166390_/Q -> _163786_/D : -39.865635
[setup reg-reg] _166390_/Q -> _163787_/D : -39.865593
[setup reg-reg] _166390_/Q -> _163788_/D : -39.865601
[setup reg-reg] _166390_/Q -> _163773_/D : -39.865517
[setup reg-reg] _166390_/Q -> _163780_/D : -39.865547
[setup reg-reg] _166390_/Q -> _163781_/D : -39.865540
[setup reg-reg] _166390_/Q -> _163789_/D : -39.865547
[setup reg-reg] _166390_/Q -> _163792_/D : -39.865540
[setup reg-reg] _166390_/Q -> _163770_/D : -39.865459
[setup reg-reg] _166390_/Q -> _163771_/D : -39.865452
[setup reg-reg] _166390_/Q -> _162359_/D : -39.862839
[setup reg-reg] _166390_/Q -> _162353_/D : -39.862701
[setup reg-reg] _166390_/Q -> _162354_/D : -39.862659
[setup reg-reg] _166390_/Q -> _162355_/D : -39.862644
[setup reg-reg] _166390_/Q -> _162357_/D : -39.862682
[setup reg-reg] _166390_/Q -> _162358_/D : -39.862675
[setup reg-reg] _166390_/Q -> _162366_/D : -39.862663
[setup reg-reg] _166390_/Q -> _162367_/D : -39.862682
[setup reg-reg] _166390_/Q -> _162368_/D : -39.862663
[setup reg-reg] _166390_/Q -> _162360_/D : -39.862602
[setup reg-reg] _166390_/Q -> _162374_/D : -39.862633
[setup reg-reg] _166390_/Q -> _162377_/D : -39.862633
[setup reg-reg] _166390_/Q -> _162378_/D : -39.862648
[setup reg-reg] _166390_/Q -> _162383_/D : -39.862656
[setup reg-reg] _166390_/Q -> _162356_/D : -39.862591
[setup reg-reg] _166390_/Q -> _162361_/D : -39.862579
[setup reg-reg] _166390_/Q -> _162364_/D : -39.862591
[setup reg-reg] _166390_/Q -> _162372_/D : -39.862564
[setup reg-reg] _166390_/Q -> _162373_/D : -39.862556
[setup reg-reg] _166390_/Q -> _162375_/D : -39.862545
[setup reg-reg] _166390_/Q -> _162381_/D : -39.862564
[setup reg-reg] _166390_/Q -> _162362_/D : -39.862476
[setup reg-reg] _166390_/Q -> _161158_/D : -39.859486
[setup reg-reg] _166390_/Q -> _164369_/D : -39.858665
[setup reg-reg] _166390_/Q -> _164370_/D : -39.858624
[setup reg-reg] _166390_/Q -> _164371_/D : -39.858608
[setup reg-reg] _166390_/Q -> _164373_/D : -39.858646
[setup reg-reg] _166390_/Q -> _164372_/D : -39.858555
[setup reg-reg] _166390_/Q -> _164400_/D : -39.858521
[setup reg-reg] _166390_/Q -> _161137_/D : -39.857540
[setup reg-reg] _166390_/Q -> _161140_/D : -39.857540
[setup reg-reg] _166390_/Q -> _161141_/D : -39.857540
[setup reg-reg] _166390_/Q -> _161143_/D : -39.857540
[setup reg-reg] _166390_/Q -> _161145_/D : -39.857540
[setup reg-reg] _166390_/Q -> _161147_/D : -39.857540
[setup reg-reg] _166390_/Q -> _161149_/D : -39.857540
[setup reg-reg] _166390_/Q -> _161152_/D : -39.857540
[setup reg-reg] _166390_/Q -> _161157_/D : -39.857540
[setup reg-reg] _166390_/Q -> _161161_/D : -39.857540
[setup reg-reg] _166390_/Q -> _161163_/D : -39.857540
[setup reg-reg] _166390_/Q -> _161164_/D : -39.857540
[setup reg-reg] _166390_/Q -> _161168_/D : -39.857540
[setup reg-reg] _166390_/Q -> _163476_/D : -39.856094
[setup reg-reg] _166390_/Q -> _163477_/D : -39.856094
[setup reg-reg] _166390_/Q -> _163478_/D : -39.856094
[setup reg-reg] _166390_/Q -> _163479_/D : -39.856094
[setup reg-reg] _166390_/Q -> _163481_/D : -39.856094
[setup reg-reg] _166390_/Q -> _163482_/D : -39.856094
[setup reg-reg] _166390_/Q -> _163483_/D : -39.856094
[setup reg-reg] _166390_/Q -> _163484_/D : -39.856094
[setup reg-reg] _166390_/Q -> _163485_/D : -39.856094
[setup reg-reg] _166390_/Q -> _163486_/D : -39.856094
[setup reg-reg] _166390_/Q -> _163487_/D : -39.856094
[setup reg-reg] _166390_/Q -> _163488_/D : -39.856094
[setup reg-reg] _166390_/Q -> _163489_/D : -39.856094
[setup reg-reg] _166390_/Q -> _163490_/D : -39.856094
[setup reg-reg] _166390_/Q -> _163494_/D : -39.856094
[setup reg-reg] _166390_/Q -> _163495_/D : -39.856094
[setup reg-reg] _166390_/Q -> _163496_/D : -39.856094
[setup reg-reg] _166390_/Q -> _163497_/D : -39.856094
[setup reg-reg] _166390_/Q -> _163498_/D : -39.856094
[setup reg-reg] _166390_/Q -> _163499_/D : -39.856094
[setup reg-reg] _166390_/Q -> _163500_/D : -39.856094
[setup reg-reg] _166390_/Q -> _163501_/D : -39.856094
[setup reg-reg] _166390_/Q -> _163502_/D : -39.856094
[setup reg-reg] _166390_/Q -> _163503_/D : -39.856094
[setup reg-reg] _166390_/Q -> _163815_/D : -39.855698
[setup reg-reg] _166390_/Q -> _163819_/D : -39.855701
[setup reg-reg] _166390_/Q -> _163802_/D : -39.850842
[setup reg-reg] _166390_/Q -> _163811_/D : -39.850842
[setup reg-reg] _166390_/Q -> _163812_/D : -39.850842
[setup reg-reg] _166390_/Q -> _160881_/D : -39.845989
[setup reg-reg] _166390_/Q -> _160882_/D : -39.845989
[setup reg-reg] _166390_/Q -> _160883_/D : -39.845989
[setup reg-reg] _166390_/Q -> _160884_/D : -39.845989
[setup reg-reg] _166390_/Q -> _160885_/D : -39.845989
[setup reg-reg] _166390_/Q -> _160886_/D : -39.845989
[setup reg-reg] _166390_/Q -> _160887_/D : -39.845989
[setup reg-reg] _166390_/Q -> _160888_/D : -39.845989
[setup reg-reg] _166390_/Q -> _160889_/D : -39.845989
[setup reg-reg] _166390_/Q -> _160891_/D : -39.845989
[setup reg-reg] _166390_/Q -> _160893_/D : -39.845989
[setup reg-reg] _166390_/Q -> _160894_/D : -39.845989
[setup reg-reg] _166390_/Q -> _160895_/D : -39.845989
[setup reg-reg] _166390_/Q -> _160896_/D : -39.845989
[setup reg-reg] _166390_/Q -> _160897_/D : -39.845989
[setup reg-reg] _166390_/Q -> _160898_/D : -39.845989
[setup reg-reg] _166390_/Q -> _160899_/D : -39.845989
[setup reg-reg] _166390_/Q -> _160900_/D : -39.845989
[setup reg-reg] _166390_/Q -> _160901_/D : -39.845989
[setup reg-reg] _166390_/Q -> _160904_/D : -39.845989
[setup reg-reg] _166390_/Q -> _160905_/D : -39.845989
[setup reg-reg] _166390_/Q -> _160906_/D : -39.845989
[setup reg-reg] _166390_/Q -> _160907_/D : -39.845989
[setup reg-reg] _166390_/Q -> _160908_/D : -39.845989
[setup reg-reg] _166390_/Q -> _160909_/D : -39.845989
[setup reg-reg] _166390_/Q -> _160910_/D : -39.845989
[setup reg-reg] _166390_/Q -> _160912_/D : -39.845989
[setup reg-reg] _166390_/Q -> _161106_/D : -39.842388
[setup reg-reg] _166390_/Q -> _161109_/D : -39.842411
[setup reg-reg] _166390_/Q -> _161110_/D : -39.842403
[setup reg-reg] _166390_/Q -> _161122_/D : -39.842373
[setup reg-reg] _166390_/Q -> _161126_/D : -39.842361
[setup reg-reg] _166390_/Q -> _161129_/D : -39.842361
[setup reg-reg] _166390_/Q -> _161108_/D : -39.842316
[setup reg-reg] _166390_/Q -> _161116_/D : -39.842316
[setup reg-reg] _166390_/Q -> _161131_/D : -39.842339
[setup reg-reg] _166390_/Q -> _161132_/D : -39.842346
[setup reg-reg] _166390_/Q -> _161135_/D : -39.842384
[setup reg-reg] _166390_/Q -> _161125_/D : -39.842285
[setup reg-reg] _166390_/Q -> _161127_/D : -39.842274
[setup reg-reg] _166390_/Q -> _161136_/D : -39.842285
[setup reg-reg] _166390_/Q -> _161115_/D : -39.842197
[setup reg-reg] _166390_/Q -> _161134_/D : -39.842224
[setup reg-reg] _166390_/Q -> _163125_/D : -39.835121
[setup reg-reg] _166390_/Q -> _163126_/D : -39.835114
[setup reg-reg] _166390_/Q -> _163136_/D : -39.835102
[setup reg-reg] _166390_/Q -> _163130_/D : -39.834915
[setup reg-reg] _166390_/Q -> _161685_/D : -39.830338
[setup reg-reg] _166390_/Q -> _161694_/D : -39.830318
[setup reg-reg] _166390_/Q -> _161695_/D : -39.830338
[setup reg-reg] _166390_/Q -> _161696_/D : -39.830318
[setup reg-reg] _166390_/Q -> _161698_/D : -39.830303
[setup reg-reg] _166390_/Q -> _161702_/D : -39.830288
[setup reg-reg] _166390_/Q -> _161689_/D : -39.830235
[setup reg-reg] _166390_/Q -> _161693_/D : -39.830189
[setup reg-reg] _166390_/Q -> _161700_/D : -39.830219
[setup reg-reg] _166390_/Q -> _161712_/D : -39.830212
[setup reg-reg] _166390_/Q -> _161690_/D : -39.830132
[setup reg-reg] _166390_/Q -> _161691_/D : -39.830124
[setup reg-reg] _166390_/Q -> _161399_/D : -39.826004
[setup reg-reg] _166390_/Q -> _161397_/D : -39.825848
[setup reg-reg] _166390_/Q -> _161406_/D : -39.825829
[setup reg-reg] _166390_/Q -> _161410_/D : -39.825809
[setup reg-reg] _166390_/Q -> _161417_/D : -39.825798
[setup reg-reg] _166390_/Q -> _161396_/D : -39.825756
[setup reg-reg] _166390_/Q -> _161400_/D : -39.825768
[setup reg-reg] _166390_/Q -> _161416_/D : -39.825779
[setup reg-reg] _166390_/Q -> _161413_/D : -39.825722
[setup reg-reg] _166390_/Q -> _161424_/D : -39.825722
[setup reg-reg] _166390_/Q -> _164343_/D : -39.823174
[setup reg-reg] _166390_/Q -> _164337_/D : -39.823040
[setup reg-reg] _166390_/Q -> _164338_/D : -39.822998
[setup reg-reg] _166390_/Q -> _164339_/D : -39.822983
[setup reg-reg] _166390_/Q -> _164341_/D : -39.823017
[setup reg-reg] _166390_/Q -> _164342_/D : -39.823013
[setup reg-reg] _166390_/Q -> _164351_/D : -39.823017
[setup reg-reg] _166390_/Q -> _164352_/D : -39.823002
[setup reg-reg] _166390_/Q -> _164354_/D : -39.822983
[setup reg-reg] _166390_/Q -> _164358_/D : -39.822968
[setup reg-reg] _166390_/Q -> _164361_/D : -39.822968
[setup reg-reg] _166390_/Q -> _164362_/D : -39.822987
[setup reg-reg] _166390_/Q -> _164367_/D : -39.822994
[setup reg-reg] _166390_/Q -> _164340_/D : -39.822926
[setup reg-reg] _166390_/Q -> _164344_/D : -39.822941
[setup reg-reg] _166390_/Q -> _164345_/D : -39.822914
[setup reg-reg] _166390_/Q -> _164348_/D : -39.822926
[setup reg-reg] _166390_/Q -> _164355_/D : -39.822914
[setup reg-reg] _166390_/Q -> _164360_/D : -39.822952
[setup reg-reg] _166390_/Q -> _164363_/D : -39.822948
[setup reg-reg] _166390_/Q -> _164364_/D : -39.822956
[setup reg-reg] _166390_/Q -> _164349_/D : -39.822868
[setup reg-reg] _166390_/Q -> _164356_/D : -39.822903
[setup reg-reg] _166390_/Q -> _164359_/D : -39.822884
[setup reg-reg] _166390_/Q -> _164365_/D : -39.822903
[setup reg-reg] _166390_/Q -> _164368_/D : -39.822895
[setup reg-reg] _166390_/Q -> _164347_/D : -39.822807
[setup reg-reg] _166390_/Q -> _160851_/D : -39.817776
[setup reg-reg] _166390_/Q -> _160869_/D : -39.817776
[setup reg-reg] _166390_/Q -> _160871_/D : -39.817776
[setup reg-reg] _166390_/Q -> _160880_/D : -39.817776
[setup reg-reg] _166390_/Q -> _161716_/D : -39.816845
[setup reg-reg] _166390_/Q -> _161717_/D : -39.816845
[setup reg-reg] _166390_/Q -> _161719_/D : -39.816845
[setup reg-reg] _166390_/Q -> _161720_/D : -39.816845
[setup reg-reg] _166390_/Q -> _161721_/D : -39.816845
[setup reg-reg] _166390_/Q -> _161723_/D : -39.816845
[setup reg-reg] _166390_/Q -> _161727_/D : -39.816845
[setup reg-reg] _166390_/Q -> _161730_/D : -39.816845
[setup reg-reg] _166390_/Q -> _161731_/D : -39.816845
[setup reg-reg] _166390_/Q -> _161732_/D : -39.816845
[setup reg-reg] _166390_/Q -> _161733_/D : -39.816845
[setup reg-reg] _166390_/Q -> _161738_/D : -39.816845
[setup reg-reg] _166390_/Q -> _162386_/D : -39.812603
[setup reg-reg] _166390_/Q -> _162387_/D : -39.812603
[setup reg-reg] _166390_/Q -> _162388_/D : -39.812603
[setup reg-reg] _166390_/Q -> _162389_/D : -39.812603
[setup reg-reg] _166390_/Q -> _162390_/D : -39.812603
[setup reg-reg] _166390_/Q -> _162391_/D : -39.812603
[setup reg-reg] _166390_/Q -> _162392_/D : -39.812603
[setup reg-reg] _166390_/Q -> _162393_/D : -39.812603
[setup reg-reg] _166390_/Q -> _162394_/D : -39.812603
[setup reg-reg] _166390_/Q -> _162395_/D : -39.812603
[setup reg-reg] _166390_/Q -> _162396_/D : -39.812603
[setup reg-reg] _166390_/Q -> _162399_/D : -39.812603
[setup reg-reg] _166390_/Q -> _162400_/D : -39.812603
[setup reg-reg] _166390_/Q -> _162401_/D : -39.812603
[setup reg-reg] _166390_/Q -> _162403_/D : -39.812603
[setup reg-reg] _166390_/Q -> _162405_/D : -39.812603
[setup reg-reg] _166390_/Q -> _162406_/D : -39.812603
[setup reg-reg] _166390_/Q -> _162408_/D : -39.812603
[setup reg-reg] _166390_/Q -> _162410_/D : -39.812603
[setup reg-reg] _166390_/Q -> _162412_/D : -39.812603
[setup reg-reg] _166390_/Q -> _162413_/D : -39.812603
[setup reg-reg] _166390_/Q -> _162416_/D : -39.812603
[setup reg-reg] _166390_/Q -> _161813_/D : -39.812050
[setup reg-reg] _166390_/Q -> _161825_/D : -39.812004
[setup reg-reg] _166390_/Q -> _161812_/D : -39.811954
[setup reg-reg] _166390_/Q -> _163217_/D : -39.794037
[setup reg-reg] _166390_/Q -> _163221_/D : -39.794014
[setup reg-reg] _166390_/Q -> _163231_/D : -39.794014
[setup reg-reg] _166390_/Q -> _163232_/D : -39.793995
[setup reg-reg] _166390_/Q -> _163233_/D : -39.793972
[setup reg-reg] _166390_/Q -> _163234_/D : -39.793980
[setup reg-reg] _166390_/Q -> _163238_/D : -39.793964
[setup reg-reg] _166390_/Q -> _163241_/D : -39.793964
[setup reg-reg] _166390_/Q -> _163242_/D : -39.793983
[setup reg-reg] _166390_/Q -> _163247_/D : -39.793991
[setup reg-reg] _166390_/Q -> _163228_/D : -39.793922
[setup reg-reg] _166390_/Q -> _163243_/D : -39.793945
[setup reg-reg] _166390_/Q -> _163229_/D : -39.793865
[setup reg-reg] _166390_/Q -> _163237_/D : -39.793892
[setup reg-reg] _166390_/Q -> _163239_/D : -39.793880
[setup reg-reg] _166390_/Q -> _163227_/D : -39.793800
[setup reg-reg] _166390_/Q -> _163246_/D : -39.793831
[setup reg-reg] _166390_/Q -> _164055_/D : -39.792400
[setup reg-reg] _166390_/Q -> _164050_/D : -39.792225
[setup reg-reg] _166390_/Q -> _164051_/D : -39.792210
[setup reg-reg] _166390_/Q -> _164053_/D : -39.792244
[setup reg-reg] _166390_/Q -> _164054_/D : -39.792236
[setup reg-reg] _166390_/Q -> _164063_/D : -39.792244
[setup reg-reg] _166390_/Q -> _164065_/D : -39.792202
[setup reg-reg] _166390_/Q -> _164073_/D : -39.792194
[setup reg-reg] _166390_/Q -> _164079_/D : -39.792221
[setup reg-reg] _166390_/Q -> _164052_/D : -39.792152
[setup reg-reg] _166390_/Q -> _164057_/D : -39.792141
[setup reg-reg] _166390_/Q -> _164060_/D : -39.792152
[setup reg-reg] _166390_/Q -> _164075_/D : -39.792175
[setup reg-reg] _166390_/Q -> _164076_/D : -39.792183
[setup reg-reg] _166390_/Q -> _164077_/D : -39.792130
[setup reg-reg] _166390_/Q -> _164058_/D : -39.792038
[setup reg-reg] _166390_/Q -> _164081_/D : -39.790943
[setup reg-reg] _166390_/Q -> _164084_/D : -39.790943
[setup reg-reg] _166390_/Q -> _164088_/D : -39.790943
[setup reg-reg] _166390_/Q -> _164093_/D : -39.790943
[setup reg-reg] _166390_/Q -> _164094_/D : -39.790943
[setup reg-reg] _166390_/Q -> _164095_/D : -39.790943
[setup reg-reg] _166390_/Q -> _164100_/D : -39.790943
[setup reg-reg] _166390_/Q -> _164104_/D : -39.790943
[setup reg-reg] _166390_/Q -> _164105_/D : -39.790943
[setup reg-reg] _166390_/Q -> _164109_/D : -39.790943
[setup reg-reg] _166390_/Q -> _161714_/D : -39.785667
[setup reg-reg] _166390_/Q -> _161715_/D : -39.785667
[setup reg-reg] _166390_/Q -> _161722_/D : -39.785667
[setup reg-reg] _166390_/Q -> _161724_/D : -39.785667
[setup reg-reg] _166390_/Q -> _161725_/D : -39.785667
[setup reg-reg] _166390_/Q -> _161728_/D : -39.785667
[setup reg-reg] _166390_/Q -> _161734_/D : -39.785667
[setup reg-reg] _166390_/Q -> _161735_/D : -39.785667
[setup reg-reg] _166390_/Q -> _161736_/D : -39.785667
[setup reg-reg] _166390_/Q -> _161737_/D : -39.785667
[setup reg-reg] _166390_/Q -> _161739_/D : -39.785667
[setup reg-reg] _166390_/Q -> _161741_/D : -39.785667
[setup reg-reg] _166390_/Q -> _161742_/D : -39.785667
[setup reg-reg] _166390_/Q -> _161743_/D : -39.785667
[setup reg-reg] _166390_/Q -> _161744_/D : -39.785667
[setup reg-reg] _166390_/Q -> _164374_/D : -39.768360
[setup reg-reg] _166390_/Q -> _164375_/D : -39.768360
[setup reg-reg] _166390_/Q -> _164376_/D : -39.768360
[setup reg-reg] _166390_/Q -> _164377_/D : -39.768360
[setup reg-reg] _166390_/Q -> _164378_/D : -39.768360
[setup reg-reg] _166390_/Q -> _164379_/D : -39.768360
[setup reg-reg] _166390_/Q -> _164380_/D : -39.768360
[setup reg-reg] _166390_/Q -> _164381_/D : -39.768360
[setup reg-reg] _166390_/Q -> _164382_/D : -39.768360
[setup reg-reg] _166390_/Q -> _164383_/D : -39.768360
[setup reg-reg] _166390_/Q -> _164384_/D : -39.768360
[setup reg-reg] _166390_/Q -> _164385_/D : -39.768360
[setup reg-reg] _166390_/Q -> _164386_/D : -39.768360
[setup reg-reg] _166390_/Q -> _164387_/D : -39.768360
[setup reg-reg] _166390_/Q -> _164388_/D : -39.768360
[setup reg-reg] _166390_/Q -> _164389_/D : -39.768360
[setup reg-reg] _166390_/Q -> _164390_/D : -39.768360
[setup reg-reg] _166390_/Q -> _164391_/D : -39.768360
[setup reg-reg] _166390_/Q -> _164392_/D : -39.768360
[setup reg-reg] _166390_/Q -> _164393_/D : -39.768360
[setup reg-reg] _166390_/Q -> _164394_/D : -39.768360
[setup reg-reg] _166390_/Q -> _164395_/D : -39.768360
[setup reg-reg] _166390_/Q -> _164396_/D : -39.768360
[setup reg-reg] _166390_/Q -> _164397_/D : -39.768360
[setup reg-reg] _166390_/Q -> _164398_/D : -39.768360
[setup reg-reg] _166390_/Q -> _164399_/D : -39.768360
[setup reg-reg] _166390_/Q -> _163505_/D : -39.765957
[setup reg-reg] _166390_/Q -> _163509_/D : -39.765934
[setup reg-reg] _166390_/Q -> _163510_/D : -39.765926
[setup reg-reg] _166390_/Q -> _163522_/D : -39.765900
[setup reg-reg] _166390_/Q -> _163508_/D : -39.765842
[setup reg-reg] _166390_/Q -> _163532_/D : -39.765869
[setup reg-reg] _166390_/Q -> _163525_/D : -39.765808
[setup reg-reg] _166390_/Q -> _163527_/D : -39.765800
[setup reg-reg] _166390_/Q -> _161117_/D : -39.755058
[setup reg-reg] _166390_/Q -> _161118_/D : -39.755058
[setup reg-reg] _166390_/Q -> _161120_/D : -39.755058
[setup reg-reg] _166390_/Q -> _161121_/D : -39.755058
[setup reg-reg] _166390_/Q -> _161124_/D : -39.755058
[setup reg-reg] _166390_/Q -> _161107_/D : -39.753113
[setup reg-reg] _166390_/Q -> _163537_/D : -39.750336
[setup reg-reg] _166390_/Q -> _163538_/D : -39.750336
[setup reg-reg] _166390_/Q -> _163539_/D : -39.750336
[setup reg-reg] _166390_/Q -> _163540_/D : -39.750336
[setup reg-reg] _166390_/Q -> _163541_/D : -39.750336
[setup reg-reg] _166390_/Q -> _163542_/D : -39.750336
[setup reg-reg] _166390_/Q -> _163543_/D : -39.750336
[setup reg-reg] _166390_/Q -> _163544_/D : -39.750336
[setup reg-reg] _166390_/Q -> _163545_/D : -39.750336
[setup reg-reg] _166390_/Q -> _163546_/D : -39.750336
[setup reg-reg] _166390_/Q -> _163547_/D : -39.750336
[setup reg-reg] _166390_/Q -> _163548_/D : -39.750336
[setup reg-reg] _166390_/Q -> _163549_/D : -39.750336
[setup reg-reg] _166390_/Q -> _163550_/D : -39.750336
[setup reg-reg] _166390_/Q -> _163551_/D : -39.750336
[setup reg-reg] _166390_/Q -> _163552_/D : -39.750336
[setup reg-reg] _166390_/Q -> _163553_/D : -39.750336
[setup reg-reg] _166390_/Q -> _163554_/D : -39.750336
[setup reg-reg] _166390_/Q -> _163555_/D : -39.750336
[setup reg-reg] _166390_/Q -> _163556_/D : -39.750336
[setup reg-reg] _166390_/Q -> _163557_/D : -39.750336
[setup reg-reg] _166390_/Q -> _163558_/D : -39.750336
[setup reg-reg] _166390_/Q -> _163559_/D : -39.750336
[setup reg-reg] _166390_/Q -> _163560_/D : -39.750336
[setup reg-reg] _166390_/Q -> _163561_/D : -39.750336
[setup reg-reg] _166390_/Q -> _163562_/D : -39.750336
[setup reg-reg] _166390_/Q -> _163563_/D : -39.750336
[setup reg-reg] _166390_/Q -> _163564_/D : -39.750336
[setup reg-reg] _166390_/Q -> _163565_/D : -39.750336
[setup reg-reg] _166390_/Q -> _163566_/D : -39.750336
[setup reg-reg] _166390_/Q -> _163567_/D : -39.750336
[setup reg-reg] _166390_/Q -> _163568_/D : -39.750336
[setup reg-reg] _166390_/Q -> _163763_/D : -39.747322
[setup reg-reg] _166390_/Q -> _163767_/D : -39.747311
[setup reg-reg] _166390_/Q -> _163769_/D : -39.747311
[setup reg-reg] _166390_/Q -> _163772_/D : -39.747303
[setup reg-reg] _166390_/Q -> _163776_/D : -39.747303
[setup reg-reg] _166390_/Q -> _163777_/D : -39.747314
[setup reg-reg] _166390_/Q -> _163778_/D : -39.747299
[setup reg-reg] _166390_/Q -> _163783_/D : -39.747311
[setup reg-reg] _166390_/Q -> _163790_/D : -39.747322
[setup reg-reg] _166390_/Q -> _162363_/D : -39.746552
[setup reg-reg] _166390_/Q -> _162365_/D : -39.746552
[setup reg-reg] _166390_/Q -> _162369_/D : -39.746552
[setup reg-reg] _166390_/Q -> _162370_/D : -39.746552
[setup reg-reg] _166390_/Q -> _162371_/D : -39.746552
[setup reg-reg] _166390_/Q -> _162376_/D : -39.746552
[setup reg-reg] _166390_/Q -> _162379_/D : -39.746552
[setup reg-reg] _166390_/Q -> _162380_/D : -39.746552
[setup reg-reg] _166390_/Q -> _162382_/D : -39.746552
[setup reg-reg] _166390_/Q -> _162384_/D : -39.746552
[setup reg-reg] _166390_/Q -> _163121_/D : -39.744953
[setup reg-reg] _166390_/Q -> _163122_/D : -39.744953
[setup reg-reg] _166390_/Q -> _163123_/D : -39.744953
[setup reg-reg] _166390_/Q -> _163124_/D : -39.744953
[setup reg-reg] _166390_/Q -> _163127_/D : -39.744953
[setup reg-reg] _166390_/Q -> _163128_/D : -39.744953
[setup reg-reg] _166390_/Q -> _163129_/D : -39.744953
[setup reg-reg] _166390_/Q -> _163131_/D : -39.744953
[setup reg-reg] _166390_/Q -> _163132_/D : -39.744953
[setup reg-reg] _166390_/Q -> _163133_/D : -39.744953
[setup reg-reg] _166390_/Q -> _163134_/D : -39.744953
[setup reg-reg] _166390_/Q -> _163135_/D : -39.744953
[setup reg-reg] _166390_/Q -> _163137_/D : -39.744953
[setup reg-reg] _166390_/Q -> _163138_/D : -39.744953
[setup reg-reg] _166390_/Q -> _163139_/D : -39.744953
[setup reg-reg] _166390_/Q -> _163140_/D : -39.744953
[setup reg-reg] _166390_/Q -> _163141_/D : -39.744953
[setup reg-reg] _166390_/Q -> _163142_/D : -39.744953
[setup reg-reg] _166390_/Q -> _163143_/D : -39.744953
[setup reg-reg] _166390_/Q -> _163144_/D : -39.744953
[setup reg-reg] _166390_/Q -> _163145_/D : -39.744953
[setup reg-reg] _166390_/Q -> _163146_/D : -39.744953
[setup reg-reg] _166390_/Q -> _163147_/D : -39.744953
[setup reg-reg] _166390_/Q -> _163148_/D : -39.744953
[setup reg-reg] _166390_/Q -> _163149_/D : -39.744953
[setup reg-reg] _166390_/Q -> _163150_/D : -39.744953
[setup reg-reg] _166390_/Q -> _163151_/D : -39.744953
[setup reg-reg] _166390_/Q -> _163152_/D : -39.744953
[setup reg-reg] _166390_/Q -> _161684_/D : -39.740658
[setup reg-reg] _166390_/Q -> _161705_/D : -39.740658
[setup reg-reg] _166390_/Q -> _161681_/D : -39.739452
[setup reg-reg] _166390_/Q -> _161682_/D : -39.739452
[setup reg-reg] _166390_/Q -> _161683_/D : -39.739452
[setup reg-reg] _166390_/Q -> _161686_/D : -39.739452
[setup reg-reg] _166390_/Q -> _161687_/D : -39.739452
[setup reg-reg] _166390_/Q -> _161688_/D : -39.739452
[setup reg-reg] _166390_/Q -> _161692_/D : -39.739452
[setup reg-reg] _166390_/Q -> _161697_/D : -39.739452
[setup reg-reg] _166390_/Q -> _161699_/D : -39.739452
[setup reg-reg] _166390_/Q -> _161701_/D : -39.739452
[setup reg-reg] _166390_/Q -> _161703_/D : -39.739452
[setup reg-reg] _166390_/Q -> _161704_/D : -39.739452
[setup reg-reg] _166390_/Q -> _161706_/D : -39.739452
[setup reg-reg] _166390_/Q -> _161707_/D : -39.739452
[setup reg-reg] _166390_/Q -> _161708_/D : -39.739452
[setup reg-reg] _166390_/Q -> _161709_/D : -39.739452
[setup reg-reg] _166390_/Q -> _161710_/D : -39.739452
[setup reg-reg] _166390_/Q -> _161711_/D : -39.739452
[setup reg-reg] _166390_/Q -> _161845_/D : -39.738632
[setup reg-reg] _166390_/Q -> _161846_/D : -39.738605
[setup reg-reg] _166390_/Q -> _161855_/D : -39.738625
[setup reg-reg] _166390_/Q -> _161842_/D : -39.738556
[setup reg-reg] _166390_/Q -> _161854_/D : -39.738579
[setup reg-reg] _166390_/Q -> _161856_/D : -39.738571
[setup reg-reg] _166390_/Q -> _161843_/D : -39.738514
[setup reg-reg] _166390_/Q -> _161857_/D : -39.738487
[setup reg-reg] _166390_/Q -> _161858_/D : -39.738510
[setup reg-reg] _166390_/Q -> _161866_/D : -39.738522
[setup reg-reg] _166390_/Q -> _161862_/D : -39.738464
[setup reg-reg] _166390_/Q -> _161865_/D : -39.738464
[setup reg-reg] _166390_/Q -> _161864_/D : -39.738396
[setup reg-reg] _166390_/Q -> _161868_/D : -39.738419
[setup reg-reg] _166390_/Q -> _161848_/D : -39.738373
[setup reg-reg] _166390_/Q -> _161844_/D : -39.738323
[setup reg-reg] _166390_/Q -> _161849_/D : -39.738281
[setup reg-reg] _166390_/Q -> _161859_/D : -39.738277
[setup reg-reg] _166390_/Q -> _161860_/D : -39.738239
[setup reg-reg] _166390_/Q -> _161861_/D : -39.738216
[setup reg-reg] _166390_/Q -> _161869_/D : -39.738232
[setup reg-reg] _166390_/Q -> _161863_/D : -39.738178
[setup reg-reg] _166390_/Q -> _161394_/D : -39.737213
[setup reg-reg] _166390_/Q -> _161398_/D : -39.737213
[setup reg-reg] _166390_/Q -> _161403_/D : -39.737213
[setup reg-reg] _166390_/Q -> _161404_/D : -39.737213
[setup reg-reg] _166390_/Q -> _161414_/D : -39.737213
[setup reg-reg] _166390_/Q -> _161419_/D : -39.737213
[setup reg-reg] _166390_/Q -> _161420_/D : -39.737213
[setup reg-reg] _166390_/Q -> _161422_/D : -39.737213
[setup reg-reg] _166390_/Q -> _161423_/D : -39.737213
[setup reg-reg] _166390_/Q -> _161393_/D : -39.735561
[setup reg-reg] _166390_/Q -> _161395_/D : -39.735561
[setup reg-reg] _166390_/Q -> _161401_/D : -39.735561
[setup reg-reg] _166390_/Q -> _161402_/D : -39.735561
[setup reg-reg] _166390_/Q -> _161405_/D : -39.735561
[setup reg-reg] _166390_/Q -> _161407_/D : -39.735561
[setup reg-reg] _166390_/Q -> _161408_/D : -39.735561
[setup reg-reg] _166390_/Q -> _161409_/D : -39.735561
[setup reg-reg] _166390_/Q -> _161411_/D : -39.735561
[setup reg-reg] _166390_/Q -> _161412_/D : -39.735561
[setup reg-reg] _166390_/Q -> _161415_/D : -39.735561
[setup reg-reg] _166390_/Q -> _161418_/D : -39.735561
[setup reg-reg] _166390_/Q -> _161421_/D : -39.735561
[setup reg-reg] _166390_/Q -> _164346_/D : -39.735435
[setup reg-reg] _166390_/Q -> _164350_/D : -39.735435
[setup reg-reg] _166390_/Q -> _164353_/D : -39.735435
[setup reg-reg] _166390_/Q -> _164357_/D : -39.735435
[setup reg-reg] _166390_/Q -> _164366_/D : -39.735435
[setup reg-reg] _166390_/Q -> _161105_/D : -39.719391
[setup reg-reg] _166390_/Q -> _161111_/D : -39.719391
[setup reg-reg] _166390_/Q -> _161112_/D : -39.719391
[setup reg-reg] _166390_/Q -> _161113_/D : -39.719391
[setup reg-reg] _166390_/Q -> _161114_/D : -39.719391
[setup reg-reg] _166390_/Q -> _161119_/D : -39.719391
[setup reg-reg] _166390_/Q -> _161123_/D : -39.719391
[setup reg-reg] _166390_/Q -> _161128_/D : -39.719391
[setup reg-reg] _166390_/Q -> _161130_/D : -39.719391
[setup reg-reg] _166390_/Q -> _161133_/D : -39.719391
[setup reg-reg] _166390_/Q -> _163219_/D : -39.704391
[setup reg-reg] _166390_/Q -> _163220_/D : -39.704391
[setup reg-reg] _166390_/Q -> _163226_/D : -39.704391
[setup reg-reg] _166390_/Q -> _163240_/D : -39.704391
[setup reg-reg] _166390_/Q -> _161809_/D : -39.694511
[setup reg-reg] _166390_/Q -> _161811_/D : -39.694511
[setup reg-reg] _166390_/Q -> _161815_/D : -39.694511
[setup reg-reg] _166390_/Q -> _161816_/D : -39.694511
[setup reg-reg] _166390_/Q -> _161817_/D : -39.694511
[setup reg-reg] _166390_/Q -> _161818_/D : -39.694511
[setup reg-reg] _166390_/Q -> _161821_/D : -39.694511
[setup reg-reg] _166390_/Q -> _161822_/D : -39.694511
[setup reg-reg] _166390_/Q -> _161823_/D : -39.694511
[setup reg-reg] _166390_/Q -> _161824_/D : -39.694511
[setup reg-reg] _166390_/Q -> _161827_/D : -39.694511
[setup reg-reg] _166390_/Q -> _161828_/D : -39.694511
[setup reg-reg] _166390_/Q -> _161829_/D : -39.694511
[setup reg-reg] _166390_/Q -> _161831_/D : -39.694511
[setup reg-reg] _166390_/Q -> _161832_/D : -39.694511
[setup reg-reg] _166390_/Q -> _161834_/D : -39.694511
[setup reg-reg] _166390_/Q -> _161837_/D : -39.694511
[setup reg-reg] _166390_/Q -> _161840_/D : -39.694511
[setup reg-reg] _166390_/Q -> _161810_/D : -39.693981
[setup reg-reg] _166390_/Q -> _161814_/D : -39.693981
[setup reg-reg] _166390_/Q -> _161819_/D : -39.693981
[setup reg-reg] _166390_/Q -> _161820_/D : -39.693981
[setup reg-reg] _166390_/Q -> _161826_/D : -39.693981
[setup reg-reg] _166390_/Q -> _161830_/D : -39.693981
[setup reg-reg] _166390_/Q -> _161833_/D : -39.693981
[setup reg-reg] _166390_/Q -> _161835_/D : -39.693981
[setup reg-reg] _166390_/Q -> _161836_/D : -39.693981
[setup reg-reg] _166390_/Q -> _161838_/D : -39.693981
[setup reg-reg] _166390_/Q -> _161839_/D : -39.693981
[setup reg-reg] _166390_/Q -> _163506_/D : -39.677486
[setup reg-reg] _166390_/Q -> _163507_/D : -39.677486
[setup reg-reg] _166390_/Q -> _163511_/D : -39.677486
[setup reg-reg] _166390_/Q -> _163512_/D : -39.677486
[setup reg-reg] _166390_/Q -> _163513_/D : -39.677486
[setup reg-reg] _166390_/Q -> _163514_/D : -39.677486
[setup reg-reg] _166390_/Q -> _163515_/D : -39.677486
[setup reg-reg] _166390_/Q -> _163516_/D : -39.677486
[setup reg-reg] _166390_/Q -> _163517_/D : -39.677486
[setup reg-reg] _166390_/Q -> _163518_/D : -39.677486
[setup reg-reg] _166390_/Q -> _163519_/D : -39.677486
[setup reg-reg] _166390_/Q -> _163520_/D : -39.677486
[setup reg-reg] _166390_/Q -> _163521_/D : -39.677486
[setup reg-reg] _166390_/Q -> _163523_/D : -39.677486
[setup reg-reg] _166390_/Q -> _163524_/D : -39.677486
[setup reg-reg] _166390_/Q -> _163526_/D : -39.677486
[setup reg-reg] _166390_/Q -> _163528_/D : -39.677486
[setup reg-reg] _166390_/Q -> _163529_/D : -39.677486
[setup reg-reg] _166390_/Q -> _163530_/D : -39.677486
[setup reg-reg] _166390_/Q -> _163531_/D : -39.677486
[setup reg-reg] _166390_/Q -> _163533_/D : -39.677486
[setup reg-reg] _166390_/Q -> _163534_/D : -39.677486
[setup reg-reg] _166390_/Q -> _163535_/D : -39.677486
[setup reg-reg] _166390_/Q -> _163536_/D : -39.677486
[setup reg-reg] _166390_/Q -> _164059_/D : -39.675400
[setup reg-reg] _166390_/Q -> _164064_/D : -39.675400
[setup reg-reg] _166390_/Q -> _164067_/D : -39.675400
[setup reg-reg] _166390_/Q -> _164068_/D : -39.675400
[setup reg-reg] _166390_/Q -> _164069_/D : -39.675400
[setup reg-reg] _166390_/Q -> _164071_/D : -39.675400
[setup reg-reg] _166390_/Q -> _164074_/D : -39.675400
[setup reg-reg] _166390_/Q -> _164078_/D : -39.675400
[setup reg-reg] _166390_/Q -> _164080_/D : -39.675400
[setup reg-reg] _166390_/Q -> _163218_/D : -39.670567
[setup reg-reg] _166390_/Q -> _163222_/D : -39.670567
[setup reg-reg] _166390_/Q -> _163223_/D : -39.670555
[setup reg-reg] _166390_/Q -> _163224_/D : -39.670555
[setup reg-reg] _166390_/Q -> _163225_/D : -39.670555
[setup reg-reg] _166390_/Q -> _163230_/D : -39.670555
[setup reg-reg] _166390_/Q -> _163235_/D : -39.670555
[setup reg-reg] _166390_/Q -> _163236_/D : -39.670555
[setup reg-reg] _166390_/Q -> _163244_/D : -39.670567
[setup reg-reg] _166390_/Q -> _163245_/D : -39.670555
[setup reg-reg] _166390_/Q -> _163248_/D : -39.670555
[setup reg-reg] _166390_/Q -> _164049_/D : -39.668953
[setup reg-reg] _166390_/Q -> _164056_/D : -39.668953
[setup reg-reg] _166390_/Q -> _164061_/D : -39.668953
[setup reg-reg] _166390_/Q -> _164062_/D : -39.668953
[setup reg-reg] _166390_/Q -> _164066_/D : -39.668953
[setup reg-reg] _166390_/Q -> _164070_/D : -39.668953
[setup reg-reg] _166390_/Q -> _164072_/D : -39.668953
[setup reg-reg] _166390_/Q -> _167905_/D : -27.517612
[setup reg-reg] _166390_/Q -> _167910_/D : -27.512056
[setup reg-reg] _166390_/Q -> _167914_/D : -27.471857
[setup reg-reg] _166390_/Q -> _167912_/D : -27.461657
[setup reg-reg] _166390_/Q -> _167904_/D : -27.417582
[setup reg-reg] _166390_/Q -> _167907_/D : -27.415323
[setup reg-reg] _166390_/Q -> _167895_/D : -27.393999
[setup reg-reg] _166390_/Q -> _167903_/D : -27.388954
[setup reg-reg] _166390_/Q -> _167908_/D : -27.387384
[setup reg-reg] _166390_/Q -> _167890_/D : -27.375483
[setup reg-reg] _166390_/Q -> _167891_/D : -27.373152
[setup reg-reg] _166390_/Q -> _167911_/D : -27.370878
[setup reg-reg] _166390_/Q -> _167898_/D : -27.369549
[setup reg-reg] _166390_/Q -> _167894_/D : -27.368498
[setup reg-reg] _166390_/Q -> _167915_/D : -27.363691
[setup reg-reg] _166390_/Q -> _167893_/D : -27.350628
[setup reg-reg] _166390_/Q -> _167899_/D : -27.342300
[setup reg-reg] _166390_/Q -> _167897_/D : -27.341766
[setup reg-reg] _166390_/Q -> _167892_/D : -27.337730
[setup reg-reg] _166390_/Q -> _167901_/D : -27.335045
[setup reg-reg] _166390_/Q -> _167909_/D : -27.334291
[setup reg-reg] _166390_/Q -> _167888_/D : -27.332273
[setup reg-reg] _166390_/Q -> _167902_/D : -27.324749
[setup reg-reg] _166390_/Q -> _167887_/D : -27.320593
[setup reg-reg] _166390_/Q -> _167889_/D : -27.320593
[setup reg-reg] _166390_/Q -> _167896_/D : -27.307299
[setup reg-reg] _166390_/Q -> _167906_/D : -27.300734
[setup reg-reg] _166390_/Q -> _167913_/D : -27.299759
[setup reg-reg] _166390_/Q -> _167916_/D : -27.299173
[setup reg-reg] _166390_/Q -> _167886_/D : -27.296221
[setup reg-reg] _166390_/Q -> _167885_/D : -27.295261
[setup reg-reg] _166390_/Q -> _167900_/D : -27.273832
